[LOGFILE] /home/qahome/qa_repository_test/memory_leak/memory_sql_10.2.0.7944-68bf8f1_20180606065201/memory_cub_cas_12789.log
 
 65,536 bytes in 2 blocks are possibly lost in loss record 124 of 131
    at : malloc (vg_replace_malloc.c)
    by : my_malloc(unsigned long) (lea_heap.c)
    by : sys_alloc(malloc_state*, unsigned long) (malloc_2_8_3.c)
    by : mspace_malloc (malloc_2_8_3.c)
    by : hl_lea_alloc(unsigned long, unsigned long) (lea_heap.c)
    by : db_ws_alloc(unsigned long) (quick_fit.c)
    by : classobj_make_attribute(char const*, pr_type*, SM_NAME_SPACE) (class_object.c)
    by : init_db_attribute_list(showstmt_metadata*) (show_meta.c)
    by : showstmt_metadata_init() (show_meta.c)
    by : boot_restart_client(boot_client_credential*) (boot_cl.c)
    by : db_restart (db_admin.c)
    by : db_restart_ex (db_admin.c)
    by : ux_database_connect(char*, char*, char*, char**) (cas_execute.c)
    by : cas_main() (cas.c)
    by : main (cas.c)
 
[LOGFILE] /home/qahome/qa_repository_test/memory_leak/memory_sql_10.2.0.7944-68bf8f1_20180606065201/memory_cub_cas_12790.log
 
 8 bytes in 1 blocks are possibly lost in loss record 11 of 417
    at : calloc (vg_replace_malloc.c)
    by : pt_add_lock_class(parser_context*, pt_class_locks*, parser_node*, lc_prefetch_flags) (compile.c)
    by : pt_find_lck_classes(parser_context*, parser_node*, void*, int*) (compile.c)
    by : pt_walk_private(parser_context*, parser_node*, void*) (parse_tree_cl.c)
    by : pt_apply_spec(parser_context*, parser_node*, parser_node* (*)(parser_context*, parser_node*, void*), void*) (parse_tree_cl.c)
    by : pt_walk_private(parser_context*, parser_node*, void*) (parse_tree_cl.c)
    by : pt_apply_select(parser_context*, parser_node*, parser_node* (*)(parser_context*, parser_node*, void*), void*) (parse_tree_cl.c)
    by : pt_walk_private(parser_context*, parser_node*, void*) (parse_tree_cl.c)
    by : parser_walk_tree (parse_tree_cl.c)
    by : pt_class_pre_fetch (compile.c)
    by : sm_virtual_queries(parser_context*, db_object*) (schema_manager.c)
    by : mq_fetch_attributes(parser_context*, parser_node*) (view_transform.c)
    by : mq_substitute_select_in_statement(parser_context*, parser_node*, parser_node*, parser_node*) (view_transform.c)
    by : mq_substitute_subquery_in_statement(parser_context*, parser_node*, parser_node*, parser_node*, parser_node*, int) (view_transform.c)
    by : mq_substitute_subquery_list_in_statement(parser_context*, parser_node*, parser_node*, parser_node*, parser_node*, int) (view_transform.c)
    by : mq_translate_tree(parser_context*, parser_node*, parser_node*, parser_node*, int) (view_transform.c)
    by : mq_translate_select(parser_context*, parser_node*) (view_transform.c)
    by : mq_translate_local(parser_context*, parser_node*, void*, int*) (view_transform.c)
    by : pt_walk_private(parser_context*, parser_node*, void*) (parse_tree_cl.c)
    by : parser_walk_tree (parse_tree_cl.c)
    by : mq_translate_helper(parser_context*, parser_node*) (view_transform.c)
    by : mq_translate(parser_context*, parser_node*) (view_transform.c)
    by : db_compile_statement_local(db_session*) (db_vdb.c)
    by : db_compile_statement (db_vdb.c)
    by : ux_prepare(char*, int, char, t_net_buf*, t_req_info*, unsigned int) (cas_execute.c)
    by : fn_prepare_internal(int, int, void**, t_net_buf*, t_req_info*, int*) (cas_function.c)
    by : fn_prepare(int, int, void**, t_net_buf*, t_req_info*) (cas_function.c)
    by : process_request(int, t_net_buf*, t_req_info*) (cas.c)
    by : cas_main() (cas.c)
    by : main (cas.c)
 
 9 bytes in 1 blocks are possibly lost in loss record 12 of 417
    at : calloc (vg_replace_malloc.c)
    by : pt_add_lock_class(parser_context*, pt_class_locks*, parser_node*, lc_prefetch_flags) (compile.c)
    by : pt_find_lck_classes(parser_context*, parser_node*, void*, int*) (compile.c)
    by : pt_walk_private(parser_context*, parser_node*, void*) (parse_tree_cl.c)
    by : pt_apply_select(parser_context*, parser_node*, parser_node* (*)(parser_context*, parser_node*, void*), void*) (parse_tree_cl.c)
    by : pt_walk_private(parser_context*, parser_node*, void*) (parse_tree_cl.c)
    by : pt_apply_expr(parser_context*, parser_node*, parser_node* (*)(parser_context*, parser_node*, void*), void*) (parse_tree_cl.c)
    by : pt_walk_private(parser_context*, parser_node*, void*) (parse_tree_cl.c)
    by : pt_walk_private(parser_context*, parser_node*, void*) (parse_tree_cl.c)
    by : pt_walk_private(parser_context*, parser_node*, void*) (parse_tree_cl.c)
    by : pt_walk_private(parser_context*, parser_node*, void*) (parse_tree_cl.c)
    by : pt_apply_select(parser_context*, parser_node*, parser_node* (*)(parser_context*, parser_node*, void*), void*) (parse_tree_cl.c)
    by : pt_walk_private(parser_context*, parser_node*, void*) (parse_tree_cl.c)
    by : parser_walk_tree (parse_tree_cl.c)
    by : pt_class_pre_fetch (compile.c)
    by : sm_virtual_queries(parser_context*, db_object*) (schema_manager.c)
    by : mq_fetch_attributes(parser_context*, parser_node*) (view_transform.c)
    by : mq_substitute_select_in_statement(parser_context*, parser_node*, parser_node*, parser_node*) (view_transform.c)
    by : mq_substitute_subquery_in_statement(parser_context*, parser_node*, parser_node*, parser_node*, parser_node*, int) (view_transform.c)
    by : mq_substitute_subquery_list_in_statement(parser_context*, parser_node*, parser_node*, parser_node*, parser_node*, int) (view_transform.c)
    by : mq_translate_tree(parser_context*, parser_node*, parser_node*, parser_node*, int) (view_transform.c)
    by : mq_translate_select(parser_context*, parser_node*) (view_transform.c)
    by : mq_translate_local(parser_context*, parser_node*, void*, int*) (view_transform.c)
    by : pt_walk_private(parser_context*, parser_node*, void*) (parse_tree_cl.c)
    by : parser_walk_tree (parse_tree_cl.c)
    by : mq_translate_helper(parser_context*, parser_node*) (view_transform.c)
    by : mq_translate(parser_context*, parser_node*) (view_transform.c)
    by : db_compile_statement_local(db_session*) (db_vdb.c)
    by : db_compile_statement (db_vdb.c)
    by : ux_prepare(char*, int, char, t_net_buf*, t_req_info*, unsigned int) (cas_execute.c)
    by : fn_prepare_internal(int, int, void**, t_net_buf*, t_req_info*, int*) (cas_function.c)
    by : fn_prepare(int, int, void**, t_net_buf*, t_req_info*) (cas_function.c)
    by : process_request(int, t_net_buf*, t_req_info*) (cas.c)
    by : cas_main() (cas.c)
    by : main (cas.c)
 
 10 bytes in 1 blocks are possibly lost in loss record 14 of 417
    at : calloc (vg_replace_malloc.c)
    by : pt_add_lock_class(parser_context*, pt_class_locks*, parser_node*, lc_prefetch_flags) (compile.c)
    by : pt_find_lck_classes(parser_context*, parser_node*, void*, int*) (compile.c)
    by : pt_walk_private(parser_context*, parser_node*, void*) (parse_tree_cl.c)
    by : pt_apply_select(parser_context*, parser_node*, parser_node* (*)(parser_context*, parser_node*, void*), void*) (parse_tree_cl.c)
    by : pt_walk_private(parser_context*, parser_node*, void*) (parse_tree_cl.c)
    by : parser_walk_tree (parse_tree_cl.c)
    by : pt_class_pre_fetch (compile.c)
    by : sm_virtual_queries(parser_context*, db_object*) (schema_manager.c)
    by : mq_fetch_attributes(parser_context*, parser_node*) (view_transform.c)
    by : mq_substitute_select_in_statement(parser_context*, parser_node*, parser_node*, parser_node*) (view_transform.c)
    by : mq_substitute_subquery_in_statement(parser_context*, parser_node*, parser_node*, parser_node*, parser_node*, int) (view_transform.c)
    by : mq_substitute_subquery_list_in_statement(parser_context*, parser_node*, parser_node*, parser_node*, parser_node*, int) (view_transform.c)
    by : mq_translate_tree(parser_context*, parser_node*, parser_node*, parser_node*, int) (view_transform.c)
    by : mq_translate_select(parser_context*, parser_node*) (view_transform.c)
    by : mq_translate_local(parser_context*, parser_node*, void*, int*) (view_transform.c)
    by : pt_walk_private(parser_context*, parser_node*, void*) (parse_tree_cl.c)
    by : parser_walk_tree (parse_tree_cl.c)
    by : mq_translate_helper(parser_context*, parser_node*) (view_transform.c)
    by : mq_translate(parser_context*, parser_node*) (view_transform.c)
    by : db_compile_statement_local(db_session*) (db_vdb.c)
    by : db_compile_statement (db_vdb.c)
    by : ux_prepare(char*, int, char, t_net_buf*, t_req_info*, unsigned int) (cas_execute.c)
    by : fn_prepare_internal(int, int, void**, t_net_buf*, t_req_info*, int*) (cas_function.c)
    by : fn_prepare(int, int, void**, t_net_buf*, t_req_info*) (cas_function.c)
    by : process_request(int, t_net_buf*, t_req_info*) (cas.c)
    by : cas_main() (cas.c)
    by : main (cas.c)
 
 14 bytes in 1 blocks are possibly lost in loss record 19 of 417
    at : calloc (vg_replace_malloc.c)
    by : pt_add_lock_class(parser_context*, pt_class_locks*, parser_node*, lc_prefetch_flags) (compile.c)
    by : pt_find_lck_classes(parser_context*, parser_node*, void*, int*) (compile.c)
    by : pt_walk_private(parser_context*, parser_node*, void*) (parse_tree_cl.c)
    by : pt_apply_select(parser_context*, parser_node*, parser_node* (*)(parser_context*, parser_node*, void*), void*) (parse_tree_cl.c)
    by : pt_walk_private(parser_context*, parser_node*, void*) (parse_tree_cl.c)
    by : pt_apply_expr(parser_context*, parser_node*, parser_node* (*)(parser_context*, parser_node*, void*), void*) (parse_tree_cl.c)
    by : pt_walk_private(parser_context*, parser_node*, void*) (parse_tree_cl.c)
    by : pt_apply_expr(parser_context*, parser_node*, parser_node* (*)(parser_context*, parser_node*, void*), void*) (parse_tree_cl.c)
    by : pt_walk_private(parser_context*, parser_node*, void*) (parse_tree_cl.c)
    by : pt_apply_expr(parser_context*, parser_node*, parser_node* (*)(parser_context*, parser_node*, void*), void*) (parse_tree_cl.c)
    by : pt_walk_private(parser_context*, parser_node*, void*) (parse_tree_cl.c)
    by : pt_walk_private(parser_context*, parser_node*, void*) (parse_tree_cl.c)
    by : pt_walk_private(parser_context*, parser_node*, void*) (parse_tree_cl.c)
    by : pt_walk_private(parser_context*, parser_node*, void*) (parse_tree_cl.c)
    by : pt_walk_private(parser_context*, parser_node*, void*) (parse_tree_cl.c)
    by : pt_walk_private(parser_context*, parser_node*, void*) (parse_tree_cl.c)
    by : pt_apply_select(parser_context*, parser_node*, parser_node* (*)(parser_context*, parser_node*, void*), void*) (parse_tree_cl.c)
    by : pt_walk_private(parser_context*, parser_node*, void*) (parse_tree_cl.c)
    by : parser_walk_tree (parse_tree_cl.c)
    by : pt_class_pre_fetch (compile.c)
    by : sm_virtual_queries(parser_context*, db_object*) (schema_manager.c)
    by : mq_fetch_attributes(parser_context*, parser_node*) (view_transform.c)
    by : mq_substitute_select_in_statement(parser_context*, parser_node*, parser_node*, parser_node*) (view_transform.c)
    by : mq_substitute_subquery_in_statement(parser_context*, parser_node*, parser_node*, parser_node*, parser_node*, int) (view_transform.c)
    by : mq_substitute_subquery_list_in_statement(parser_context*, parser_node*, parser_node*, parser_node*, parser_node*, int) (view_transform.c)
    by : mq_translate_tree(parser_context*, parser_node*, parser_node*, parser_node*, int) (view_transform.c)
    by : mq_translate_select(parser_context*, parser_node*) (view_transform.c)
    by : mq_translate_local(parser_context*, parser_node*, void*, int*) (view_transform.c)
    by : pt_walk_private(parser_context*, parser_node*, void*) (parse_tree_cl.c)
    by : parser_walk_tree (parse_tree_cl.c)
    by : mq_translate_helper(parser_context*, parser_node*) (view_transform.c)
    by : mq_translate(parser_context*, parser_node*) (view_transform.c)
    by : db_compile_statement_local(db_session*) (db_vdb.c)
    by : db_compile_statement (db_vdb.c)
    by : ux_prepare(char*, int, char, t_net_buf*, t_req_info*, unsigned int) (cas_execute.c)
    by : fn_prepare_internal(int, int, void**, t_net_buf*, t_req_info*, int*) (cas_function.c)
    by : fn_prepare(int, int, void**, t_net_buf*, t_req_info*) (cas_function.c)
    by : process_request(int, t_net_buf*, t_req_info*) (cas.c)
    by : cas_main() (cas.c)
    by : main (cas.c)
 
 14 bytes in 1 blocks are possibly lost in loss record 20 of 417
    at : calloc (vg_replace_malloc.c)
    by : pt_add_lock_class(parser_context*, pt_class_locks*, parser_node*, lc_prefetch_flags) (compile.c)
    by : pt_find_lck_classes(parser_context*, parser_node*, void*, int*) (compile.c)
    by : pt_walk_private(parser_context*, parser_node*, void*) (parse_tree_cl.c)
    by : pt_walk_private(parser_context*, parser_node*, void*) (parse_tree_cl.c)
    by : pt_apply_select(parser_context*, parser_node*, parser_node* (*)(parser_context*, parser_node*, void*), void*) (parse_tree_cl.c)
    by : pt_walk_private(parser_context*, parser_node*, void*) (parse_tree_cl.c)
    by : parser_walk_tree (parse_tree_cl.c)
    by : pt_class_pre_fetch (compile.c)
    by : sm_virtual_queries(parser_context*, db_object*) (schema_manager.c)
    by : mq_fetch_attributes(parser_context*, parser_node*) (view_transform.c)
    by : mq_substitute_select_in_statement(parser_context*, parser_node*, parser_node*, parser_node*) (view_transform.c)
    by : mq_substitute_subquery_in_statement(parser_context*, parser_node*, parser_node*, parser_node*, parser_node*, int) (view_transform.c)
    by : mq_substitute_subquery_list_in_statement(parser_context*, parser_node*, parser_node*, parser_node*, parser_node*, int) (view_transform.c)
    by : mq_translate_tree(parser_context*, parser_node*, parser_node*, parser_node*, int) (view_transform.c)
    by : mq_translate_select(parser_context*, parser_node*) (view_transform.c)
    by : mq_translate_local(parser_context*, parser_node*, void*, int*) (view_transform.c)
    by : pt_walk_private(parser_context*, parser_node*, void*) (parse_tree_cl.c)
    by : parser_walk_tree (parse_tree_cl.c)
    by : mq_translate_helper(parser_context*, parser_node*) (view_transform.c)
    by : mq_translate(parser_context*, parser_node*) (view_transform.c)
    by : db_compile_statement_local(db_session*) (db_vdb.c)
    by : db_compile_statement (db_vdb.c)
    by : ux_prepare(char*, int, char, t_net_buf*, t_req_info*, unsigned int) (cas_execute.c)
    by : fn_prepare_internal(int, int, void**, t_net_buf*, t_req_info*, int*) (cas_function.c)
    by : fn_prepare(int, int, void**, t_net_buf*, t_req_info*) (cas_function.c)
    by : process_request(int, t_net_buf*, t_req_info*) (cas.c)
    by : cas_main() (cas.c)
    by : main (cas.c)
 
 104 bytes in 1 blocks are possibly lost in loss record 85 of 417
    at : malloc (vg_replace_malloc.c)
    by : pt_class_pre_fetch (compile.c)
    by : sm_virtual_queries(parser_context*, db_object*) (schema_manager.c)
    by : mq_fetch_attributes(parser_context*, parser_node*) (view_transform.c)
    by : mq_substitute_select_in_statement(parser_context*, parser_node*, parser_node*, parser_node*) (view_transform.c)
    by : mq_substitute_subquery_in_statement(parser_context*, parser_node*, parser_node*, parser_node*, parser_node*, int) (view_transform.c)
    by : mq_substitute_subquery_list_in_statement(parser_context*, parser_node*, parser_node*, parser_node*, parser_node*, int) (view_transform.c)
    by : mq_translate_tree(parser_context*, parser_node*, parser_node*, parser_node*, int) (view_transform.c)
    by : mq_translate_select(parser_context*, parser_node*) (view_transform.c)
    by : mq_translate_local(parser_context*, parser_node*, void*, int*) (view_transform.c)
    by : pt_walk_private(parser_context*, parser_node*, void*) (parse_tree_cl.c)
    by : parser_walk_tree (parse_tree_cl.c)
    by : mq_translate_helper(parser_context*, parser_node*) (view_transform.c)
    by : mq_translate(parser_context*, parser_node*) (view_transform.c)
    by : db_compile_statement_local(db_session*) (db_vdb.c)
    by : db_compile_statement (db_vdb.c)
    by : ux_prepare(char*, int, char, t_net_buf*, t_req_info*, unsigned int) (cas_execute.c)
    by : fn_prepare_internal(int, int, void**, t_net_buf*, t_req_info*, int*) (cas_function.c)
    by : fn_prepare(int, int, void**, t_net_buf*, t_req_info*) (cas_function.c)
    by : process_request(int, t_net_buf*, t_req_info*) (cas.c)
    by : cas_main() (cas.c)
    by : main (cas.c)
 
 32,768 bytes in 1 blocks are possibly lost in loss record 391 of 417
    at : malloc (vg_replace_malloc.c)
    by : my_malloc(unsigned long) (lea_heap.c)
    by : sys_alloc(malloc_state*, unsigned long) (malloc_2_8_3.c)
    by : mspace_malloc (malloc_2_8_3.c)
    by : hl_lea_alloc(unsigned long, unsigned long) (lea_heap.c)
    by : db_ws_alloc(unsigned long) (quick_fit.c)
    by : classobj_alloc_threaded_array(int, int) (class_object.c)
    by : disk_to_class(or_buf*, sm_class**) (transform_cl.c)
    by : tf_disk_to_class(db_identifier*, recdes*) (transform_cl.c)
    by : locator_cache_object_class(db_object*, lc_copyarea_oneobj*, char**, recdes*, bool*) (locator_cl.c)
    by : locator_cache_have_object(db_object**, char**, recdes*, db_object**, char**, bool*, lc_copyarea_oneobj*) (locator_cl.c)
    by : locator_cache(lc_copy_area*, db_object*, char*, void (*)(db_object*, char*, void*), void*) (locator_cl.c)
    by : locator_lock(db_object*, LC_OBJTYPE, LOCK, LC_FETCH_VERSION_TYPE) (locator_cl.c)
    by : locator_find_class_by_oid(db_object**, char const*, db_identifier*, LOCK) (locator_cl.c)
    by : locator_find_class_by_name(char const*, LOCK, db_object**) (locator_cl.c)
    by : locator_find_class_with_purpose(char const*, bool) (locator_cl.c)
    by : sm_find_class_with_purpose(char const*, bool) (schema_manager.c)
    by : db_find_class_with_purpose (db_info.c)
    by : pt_make_flat_name_list(parser_context*, parser_node*, parser_node*, bool) (name_resolution.c)
    by : pt_flat_spec_pre (name_resolution.c)
    by : pt_walk_private(parser_context*, parser_node*, void*) (parse_tree_cl.c)
    by : pt_apply_select(parser_context*, parser_node*, parser_node* (*)(parser_context*, parser_node*, void*), void*) (parse_tree_cl.c)
    by : pt_walk_private(parser_context*, parser_node*, void*) (parse_tree_cl.c)
    by : parser_walk_tree (parse_tree_cl.c)
    by : pt_resolve_names (name_resolution.c)
    by : pt_check_with_info(parser_context*, parser_node*, semantic_chk_info*) (semantic_check.c)
    by : pt_semantic_check(parser_context*, parser_node*) (semantic_check.c)
    by : pt_compile (compile.c)
    by : mq_translate_subqueries(parser_context*, db_object*, parser_node*, DB_AUTH*) (view_transform.c)
    by : mq_virtual_queries (view_transform.c)
    by : sm_virtual_queries(parser_context*, db_object*) (schema_manager.c)
    by : mq_fetch_subqueries(parser_context*, parser_node*) (view_transform.c)
    by : mq_is_union_translation(parser_context*, parser_node*) (view_transform.c)
    by : mq_check_rewrite_select(parser_context*, parser_node*) (view_transform.c)
    by : mq_push_paths(parser_context*, parser_node*, void*, int*) (view_transform.c)
    by : pt_walk_private(parser_context*, parser_node*, void*) (parse_tree_cl.c)
    by : pt_apply_spec(parser_context*, parser_node*, parser_node* (*)(parser_context*, parser_node*, void*), void*) (parse_tree_cl.c)
    by : pt_walk_private(parser_context*, parser_node*, void*) (parse_tree_cl.c)
    by : pt_apply_select(parser_context*, parser_node*, parser_node* (*)(parser_context*, parser_node*, void*), void*) (parse_tree_cl.c)
    by : pt_walk_private(parser_context*, parser_node*, void*) (parse_tree_cl.c)
    by : parser_walk_tree (parse_tree_cl.c)
    by : mq_translate_helper(parser_context*, parser_node*) (view_transform.c)
    by : mq_translate(parser_context*, parser_node*) (view_transform.c)
    by : db_compile_statement_local(db_session*) (db_vdb.c)
    by : db_compile_statement (db_vdb.c)
    by : ux_prepare(char*, int, char, t_net_buf*, t_req_info*, unsigned int) (cas_execute.c)
    by : fn_prepare_internal(int, int, void**, t_net_buf*, t_req_info*, int*) (cas_function.c)
    by : fn_prepare(int, int, void**, t_net_buf*, t_req_info*) (cas_function.c)
    by : process_request(int, t_net_buf*, t_req_info*) (cas.c)
    by : cas_main() (cas.c)
 
 98,304 bytes in 3 blocks are possibly lost in loss record 406 of 417
    at : malloc (vg_replace_malloc.c)
    by : my_malloc(unsigned long) (lea_heap.c)
    by : sys_alloc(malloc_state*, unsigned long) (malloc_2_8_3.c)
    by : mspace_malloc (malloc_2_8_3.c)
    by : hl_lea_alloc(unsigned long, unsigned long) (lea_heap.c)
    by : db_ws_alloc(unsigned long) (quick_fit.c)
    by : classobj_make_attribute(char const*, pr_type*, SM_NAME_SPACE) (class_object.c)
    by : init_db_attribute_list(showstmt_metadata*) (show_meta.c)
    by : showstmt_metadata_init() (show_meta.c)
    by : boot_restart_client(boot_client_credential*) (boot_cl.c)
    by : db_restart (db_admin.c)
    by : db_restart_ex (db_admin.c)
    by : ux_database_connect(char*, char*, char*, char**) (cas_execute.c)
    by : cas_main() (cas.c)
    by : main (cas.c)
 
