[LOGFILE] /home/qahome/qa_repository_test/memory_leak/memory_sql_10.2.0.7944-68bf8f1_20180606120658/memory_cub_cas_21754.log
 
 65,536 bytes in 2 blocks are possibly lost in loss record 124 of 131
    at : malloc (vg_replace_malloc.c)
    by : my_malloc(unsigned long) (lea_heap.c)
    by : sys_alloc(malloc_state*, unsigned long) (malloc_2_8_3.c)
    by : mspace_malloc (malloc_2_8_3.c)
    by : hl_lea_alloc(unsigned long, unsigned long) (lea_heap.c)
    by : db_ws_alloc(unsigned long) (quick_fit.c)
    by : classobj_make_attribute(char const*, pr_type*, SM_NAME_SPACE) (class_object.c)
    by : init_db_attribute_list(showstmt_metadata*) (show_meta.c)
    by : showstmt_metadata_init() (show_meta.c)
    by : boot_restart_client(boot_client_credential*) (boot_cl.c)
    by : db_restart (db_admin.c)
    by : db_restart_ex (db_admin.c)
    by : ux_database_connect(char*, char*, char*, char**) (cas_execute.c)
    by : cas_main() (cas.c)
    by : main (cas.c)
 
[LOGFILE] /home/qahome/qa_repository_test/memory_leak/memory_sql_10.2.0.7944-68bf8f1_20180606120658/memory_cub_cas_21755.log
 
 8 bytes in 1 blocks are possibly lost in loss record 28 of 292
    at : calloc (vg_replace_malloc.c)
    by : pt_add_lock_class(parser_context*, pt_class_locks*, parser_node*, lc_prefetch_flags) (compile.c)
    by : pt_find_lck_classes(parser_context*, parser_node*, void*, int*) (compile.c)
    by : pt_walk_private(parser_context*, parser_node*, void*) (parse_tree_cl.c)
    by : pt_apply_spec(parser_context*, parser_node*, parser_node* (*)(parser_context*, parser_node*, void*), void*) (parse_tree_cl.c)
    by : pt_walk_private(parser_context*, parser_node*, void*) (parse_tree_cl.c)
    by : pt_apply_spec(parser_context*, parser_node*, parser_node* (*)(parser_context*, parser_node*, void*), void*) (parse_tree_cl.c)
    by : pt_walk_private(parser_context*, parser_node*, void*) (parse_tree_cl.c)
    by : pt_apply_select(parser_context*, parser_node*, parser_node* (*)(parser_context*, parser_node*, void*), void*) (parse_tree_cl.c)
    by : pt_walk_private(parser_context*, parser_node*, void*) (parse_tree_cl.c)
    by : parser_walk_tree (parse_tree_cl.c)
    by : pt_class_pre_fetch (compile.c)
    by : sm_virtual_queries(parser_context*, db_object*) (schema_manager.c)
    by : mq_fetch_attributes(parser_context*, parser_node*) (view_transform.c)
    by : mq_substitute_select_in_statement(parser_context*, parser_node*, parser_node*, parser_node*) (view_transform.c)
    by : mq_substitute_subquery_in_statement(parser_context*, parser_node*, parser_node*, parser_node*, parser_node*, int) (view_transform.c)
    by : mq_substitute_subquery_list_in_statement(parser_context*, parser_node*, parser_node*, parser_node*, parser_node*, int) (view_transform.c)
    by : mq_translate_tree(parser_context*, parser_node*, parser_node*, parser_node*, int) (view_transform.c)
    by : mq_translate_select(parser_context*, parser_node*) (view_transform.c)
    by : mq_translate_local(parser_context*, parser_node*, void*, int*) (view_transform.c)
    by : pt_walk_private(parser_context*, parser_node*, void*) (parse_tree_cl.c)
    by : parser_walk_tree (parse_tree_cl.c)
    by : mq_translate_helper(parser_context*, parser_node*) (view_transform.c)
    by : mq_translate(parser_context*, parser_node*) (view_transform.c)
    by : db_compile_statement_local(db_session*) (db_vdb.c)
    by : db_compile_statement (db_vdb.c)
    by : ux_prepare(char*, int, char, t_net_buf*, t_req_info*, unsigned int) (cas_execute.c)
    by : fn_prepare_internal(int, int, void**, t_net_buf*, t_req_info*, int*) (cas_function.c)
    by : fn_prepare(int, int, void**, t_net_buf*, t_req_info*) (cas_function.c)
    by : process_request(int, t_net_buf*, t_req_info*) (cas.c)
    by : cas_main() (cas.c)
    by : main (cas.c)
 
 9 bytes in 1 blocks are possibly lost in loss record 29 of 292
    at : calloc (vg_replace_malloc.c)
    by : pt_add_lock_class(parser_context*, pt_class_locks*, parser_node*, lc_prefetch_flags) (compile.c)
    by : pt_find_lck_classes(parser_context*, parser_node*, void*, int*) (compile.c)
    by : pt_walk_private(parser_context*, parser_node*, void*) (parse_tree_cl.c)
    by : pt_apply_select(parser_context*, parser_node*, parser_node* (*)(parser_context*, parser_node*, void*), void*) (parse_tree_cl.c)
    by : pt_walk_private(parser_context*, parser_node*, void*) (parse_tree_cl.c)
    by : pt_apply_expr(parser_context*, parser_node*, parser_node* (*)(parser_context*, parser_node*, void*), void*) (parse_tree_cl.c)
    by : pt_walk_private(parser_context*, parser_node*, void*) (parse_tree_cl.c)
    by : pt_walk_private(parser_context*, parser_node*, void*) (parse_tree_cl.c)
    by : pt_walk_private(parser_context*, parser_node*, void*) (parse_tree_cl.c)
    by : pt_walk_private(parser_context*, parser_node*, void*) (parse_tree_cl.c)
    by : pt_walk_private(parser_context*, parser_node*, void*) (parse_tree_cl.c)
    by : pt_walk_private(parser_context*, parser_node*, void*) (parse_tree_cl.c)
    by : pt_apply_select(parser_context*, parser_node*, parser_node* (*)(parser_context*, parser_node*, void*), void*) (parse_tree_cl.c)
    by : pt_walk_private(parser_context*, parser_node*, void*) (parse_tree_cl.c)
    by : parser_walk_tree (parse_tree_cl.c)
    by : pt_class_pre_fetch (compile.c)
    by : sm_virtual_queries(parser_context*, db_object*) (schema_manager.c)
    by : mq_fetch_attributes(parser_context*, parser_node*) (view_transform.c)
    by : mq_substitute_select_in_statement(parser_context*, parser_node*, parser_node*, parser_node*) (view_transform.c)
    by : mq_substitute_subquery_in_statement(parser_context*, parser_node*, parser_node*, parser_node*, parser_node*, int) (view_transform.c)
    by : mq_substitute_subquery_list_in_statement(parser_context*, parser_node*, parser_node*, parser_node*, parser_node*, int) (view_transform.c)
    by : mq_translate_tree(parser_context*, parser_node*, parser_node*, parser_node*, int) (view_transform.c)
    by : mq_translate_select(parser_context*, parser_node*) (view_transform.c)
    by : mq_translate_local(parser_context*, parser_node*, void*, int*) (view_transform.c)
    by : pt_walk_private(parser_context*, parser_node*, void*) (parse_tree_cl.c)
    by : parser_walk_tree (parse_tree_cl.c)
    by : mq_translate_helper(parser_context*, parser_node*) (view_transform.c)
    by : mq_translate(parser_context*, parser_node*) (view_transform.c)
    by : db_compile_statement_local(db_session*) (db_vdb.c)
    by : db_compile_statement (db_vdb.c)
    by : ux_prepare(char*, int, char, t_net_buf*, t_req_info*, unsigned int) (cas_execute.c)
    by : fn_prepare_internal(int, int, void**, t_net_buf*, t_req_info*, int*) (cas_function.c)
    by : fn_prepare(int, int, void**, t_net_buf*, t_req_info*) (cas_function.c)
    by : process_request(int, t_net_buf*, t_req_info*) (cas.c)
    by : cas_main() (cas.c)
    by : main (cas.c)
 
 9 bytes in 1 blocks are possibly lost in loss record 30 of 292
    at : calloc (vg_replace_malloc.c)
    by : pt_add_lock_class(parser_context*, pt_class_locks*, parser_node*, lc_prefetch_flags) (compile.c)
    by : pt_find_lck_classes(parser_context*, parser_node*, void*, int*) (compile.c)
    by : pt_walk_private(parser_context*, parser_node*, void*) (parse_tree_cl.c)
    by : pt_apply_select(parser_context*, parser_node*, parser_node* (*)(parser_context*, parser_node*, void*), void*) (parse_tree_cl.c)
    by : pt_walk_private(parser_context*, parser_node*, void*) (parse_tree_cl.c)
    by : pt_apply_expr(parser_context*, parser_node*, parser_node* (*)(parser_context*, parser_node*, void*), void*) (parse_tree_cl.c)
    by : pt_walk_private(parser_context*, parser_node*, void*) (parse_tree_cl.c)
    by : pt_walk_private(parser_context*, parser_node*, void*) (parse_tree_cl.c)
    by : pt_walk_private(parser_context*, parser_node*, void*) (parse_tree_cl.c)
    by : pt_walk_private(parser_context*, parser_node*, void*) (parse_tree_cl.c)
    by : pt_apply_select(parser_context*, parser_node*, parser_node* (*)(parser_context*, parser_node*, void*), void*) (parse_tree_cl.c)
    by : pt_walk_private(parser_context*, parser_node*, void*) (parse_tree_cl.c)
    by : parser_walk_tree (parse_tree_cl.c)
    by : pt_class_pre_fetch (compile.c)
    by : sm_virtual_queries(parser_context*, db_object*) (schema_manager.c)
    by : mq_fetch_attributes(parser_context*, parser_node*) (view_transform.c)
    by : mq_substitute_select_in_statement(parser_context*, parser_node*, parser_node*, parser_node*) (view_transform.c)
    by : mq_substitute_subquery_in_statement(parser_context*, parser_node*, parser_node*, parser_node*, parser_node*, int) (view_transform.c)
    by : mq_substitute_subquery_list_in_statement(parser_context*, parser_node*, parser_node*, parser_node*, parser_node*, int) (view_transform.c)
    by : mq_translate_tree(parser_context*, parser_node*, parser_node*, parser_node*, int) (view_transform.c)
    by : mq_translate_select(parser_context*, parser_node*) (view_transform.c)
    by : mq_translate_local(parser_context*, parser_node*, void*, int*) (view_transform.c)
    by : pt_walk_private(parser_context*, parser_node*, void*) (parse_tree_cl.c)
    by : parser_walk_tree (parse_tree_cl.c)
    by : mq_translate_helper(parser_context*, parser_node*) (view_transform.c)
    by : mq_translate(parser_context*, parser_node*) (view_transform.c)
    by : db_compile_statement_local(db_session*) (db_vdb.c)
    by : db_compile_statement (db_vdb.c)
    by : ux_prepare(char*, int, char, t_net_buf*, t_req_info*, unsigned int) (cas_execute.c)
    by : fn_prepare_internal(int, int, void**, t_net_buf*, t_req_info*, int*) (cas_function.c)
    by : fn_prepare(int, int, void**, t_net_buf*, t_req_info*) (cas_function.c)
    by : process_request(int, t_net_buf*, t_req_info*) (cas.c)
    by : cas_main() (cas.c)
    by : main (cas.c)
 
 11 bytes in 1 blocks are possibly lost in loss record 33 of 292
    at : calloc (vg_replace_malloc.c)
    by : pt_add_lock_class(parser_context*, pt_class_locks*, parser_node*, lc_prefetch_flags) (compile.c)
    by : pt_find_lck_classes(parser_context*, parser_node*, void*, int*) (compile.c)
    by : pt_walk_private(parser_context*, parser_node*, void*) (parse_tree_cl.c)
    by : pt_walk_private(parser_context*, parser_node*, void*) (parse_tree_cl.c)
    by : pt_walk_private(parser_context*, parser_node*, void*) (parse_tree_cl.c)
    by : pt_apply_select(parser_context*, parser_node*, parser_node* (*)(parser_context*, parser_node*, void*), void*) (parse_tree_cl.c)
    by : pt_walk_private(parser_context*, parser_node*, void*) (parse_tree_cl.c)
    by : parser_walk_tree (parse_tree_cl.c)
    by : pt_class_pre_fetch (compile.c)
    by : sm_virtual_queries(parser_context*, db_object*) (schema_manager.c)
    by : mq_fetch_attributes(parser_context*, parser_node*) (view_transform.c)
    by : mq_substitute_select_in_statement(parser_context*, parser_node*, parser_node*, parser_node*) (view_transform.c)
    by : mq_substitute_subquery_in_statement(parser_context*, parser_node*, parser_node*, parser_node*, parser_node*, int) (view_transform.c)
    by : mq_substitute_subquery_list_in_statement(parser_context*, parser_node*, parser_node*, parser_node*, parser_node*, int) (view_transform.c)
    by : mq_translate_tree(parser_context*, parser_node*, parser_node*, parser_node*, int) (view_transform.c)
    by : mq_translate_select(parser_context*, parser_node*) (view_transform.c)
    by : mq_translate_local(parser_context*, parser_node*, void*, int*) (view_transform.c)
    by : pt_walk_private(parser_context*, parser_node*, void*) (parse_tree_cl.c)
    by : parser_walk_tree (parse_tree_cl.c)
    by : mq_translate_helper(parser_context*, parser_node*) (view_transform.c)
    by : mq_translate(parser_context*, parser_node*) (view_transform.c)
    by : db_compile_statement_local(db_session*) (db_vdb.c)
    by : db_compile_statement (db_vdb.c)
    by : ux_prepare(char*, int, char, t_net_buf*, t_req_info*, unsigned int) (cas_execute.c)
    by : fn_prepare_internal(int, int, void**, t_net_buf*, t_req_info*, int*) (cas_function.c)
    by : fn_prepare(int, int, void**, t_net_buf*, t_req_info*) (cas_function.c)
    by : process_request(int, t_net_buf*, t_req_info*) (cas.c)
    by : cas_main() (cas.c)
    by : main (cas.c)
 
 12 bytes in 1 blocks are possibly lost in loss record 35 of 292
    at : calloc (vg_replace_malloc.c)
    by : pt_add_lock_class(parser_context*, pt_class_locks*, parser_node*, lc_prefetch_flags) (compile.c)
    by : pt_find_lck_classes(parser_context*, parser_node*, void*, int*) (compile.c)
    by : pt_walk_private(parser_context*, parser_node*, void*) (parse_tree_cl.c)
    by : pt_apply_select(parser_context*, parser_node*, parser_node* (*)(parser_context*, parser_node*, void*), void*) (parse_tree_cl.c)
    by : pt_walk_private(parser_context*, parser_node*, void*) (parse_tree_cl.c)
    by : pt_apply_expr(parser_context*, parser_node*, parser_node* (*)(parser_context*, parser_node*, void*), void*) (parse_tree_cl.c)
    by : pt_walk_private(parser_context*, parser_node*, void*) (parse_tree_cl.c)
    by : pt_walk_private(parser_context*, parser_node*, void*) (parse_tree_cl.c)
    by : pt_walk_private(parser_context*, parser_node*, void*) (parse_tree_cl.c)
    by : pt_walk_private(parser_context*, parser_node*, void*) (parse_tree_cl.c)
    by : pt_walk_private(parser_context*, parser_node*, void*) (parse_tree_cl.c)
    by : pt_walk_private(parser_context*, parser_node*, void*) (parse_tree_cl.c)
    by : pt_walk_private(parser_context*, parser_node*, void*) (parse_tree_cl.c)
    by : pt_walk_private(parser_context*, parser_node*, void*) (parse_tree_cl.c)
    by : pt_walk_private(parser_context*, parser_node*, void*) (parse_tree_cl.c)
    by : pt_walk_private(parser_context*, parser_node*, void*) (parse_tree_cl.c)
    by : pt_walk_private(parser_context*, parser_node*, void*) (parse_tree_cl.c)
    by : pt_apply_select(parser_context*, parser_node*, parser_node* (*)(parser_context*, parser_node*, void*), void*) (parse_tree_cl.c)
    by : pt_walk_private(parser_context*, parser_node*, void*) (parse_tree_cl.c)
    by : parser_walk_tree (parse_tree_cl.c)
    by : pt_class_pre_fetch (compile.c)
    by : sm_virtual_queries(parser_context*, db_object*) (schema_manager.c)
    by : mq_fetch_attributes(parser_context*, parser_node*) (view_transform.c)
    by : mq_substitute_select_in_statement(parser_context*, parser_node*, parser_node*, parser_node*) (view_transform.c)
    by : mq_substitute_subquery_in_statement(parser_context*, parser_node*, parser_node*, parser_node*, parser_node*, int) (view_transform.c)
    by : mq_substitute_subquery_list_in_statement(parser_context*, parser_node*, parser_node*, parser_node*, parser_node*, int) (view_transform.c)
    by : mq_translate_tree(parser_context*, parser_node*, parser_node*, parser_node*, int) (view_transform.c)
    by : mq_translate_select(parser_context*, parser_node*) (view_transform.c)
    by : mq_translate_local(parser_context*, parser_node*, void*, int*) (view_transform.c)
    by : pt_walk_private(parser_context*, parser_node*, void*) (parse_tree_cl.c)
    by : parser_walk_tree (parse_tree_cl.c)
    by : mq_translate_helper(parser_context*, parser_node*) (view_transform.c)
    by : mq_translate(parser_context*, parser_node*) (view_transform.c)
    by : db_compile_statement_local(db_session*) (db_vdb.c)
    by : db_compile_statement (db_vdb.c)
    by : ux_prepare(char*, int, char, t_net_buf*, t_req_info*, unsigned int) (cas_execute.c)
    by : fn_prepare_internal(int, int, void**, t_net_buf*, t_req_info*, int*) (cas_function.c)
    by : fn_prepare(int, int, void**, t_net_buf*, t_req_info*) (cas_function.c)
    by : process_request(int, t_net_buf*, t_req_info*) (cas.c)
    by : cas_main() (cas.c)
    by : main (cas.c)
 
 14 bytes in 1 blocks are possibly lost in loss record 39 of 292
    at : calloc (vg_replace_malloc.c)
    by : pt_add_lock_class(parser_context*, pt_class_locks*, parser_node*, lc_prefetch_flags) (compile.c)
    by : pt_find_lck_classes(parser_context*, parser_node*, void*, int*) (compile.c)
    by : pt_walk_private(parser_context*, parser_node*, void*) (parse_tree_cl.c)
    by : pt_apply_select(parser_context*, parser_node*, parser_node* (*)(parser_context*, parser_node*, void*), void*) (parse_tree_cl.c)
    by : pt_walk_private(parser_context*, parser_node*, void*) (parse_tree_cl.c)
    by : pt_apply_expr(parser_context*, parser_node*, parser_node* (*)(parser_context*, parser_node*, void*), void*) (parse_tree_cl.c)
    by : pt_walk_private(parser_context*, parser_node*, void*) (parse_tree_cl.c)
    by : pt_walk_private(parser_context*, parser_node*, void*) (parse_tree_cl.c)
    by : pt_walk_private(parser_context*, parser_node*, void*) (parse_tree_cl.c)
    by : pt_walk_private(parser_context*, parser_node*, void*) (parse_tree_cl.c)
    by : pt_walk_private(parser_context*, parser_node*, void*) (parse_tree_cl.c)
    by : pt_walk_private(parser_context*, parser_node*, void*) (parse_tree_cl.c)
    by : pt_walk_private(parser_context*, parser_node*, void*) (parse_tree_cl.c)
    by : pt_walk_private(parser_context*, parser_node*, void*) (parse_tree_cl.c)
    by : pt_walk_private(parser_context*, parser_node*, void*) (parse_tree_cl.c)
    by : pt_walk_private(parser_context*, parser_node*, void*) (parse_tree_cl.c)
    by : pt_walk_private(parser_context*, parser_node*, void*) (parse_tree_cl.c)
    by : pt_walk_private(parser_context*, parser_node*, void*) (parse_tree_cl.c)
    by : pt_apply_select(parser_context*, parser_node*, parser_node* (*)(parser_context*, parser_node*, void*), void*) (parse_tree_cl.c)
    by : pt_walk_private(parser_context*, parser_node*, void*) (parse_tree_cl.c)
    by : parser_walk_tree (parse_tree_cl.c)
    by : pt_class_pre_fetch (compile.c)
    by : sm_virtual_queries(parser_context*, db_object*) (schema_manager.c)
    by : mq_fetch_attributes(parser_context*, parser_node*) (view_transform.c)
    by : mq_substitute_select_in_statement(parser_context*, parser_node*, parser_node*, parser_node*) (view_transform.c)
    by : mq_substitute_subquery_in_statement(parser_context*, parser_node*, parser_node*, parser_node*, parser_node*, int) (view_transform.c)
    by : mq_substitute_subquery_list_in_statement(parser_context*, parser_node*, parser_node*, parser_node*, parser_node*, int) (view_transform.c)
    by : mq_translate_tree(parser_context*, parser_node*, parser_node*, parser_node*, int) (view_transform.c)
    by : mq_translate_select(parser_context*, parser_node*) (view_transform.c)
    by : mq_translate_local(parser_context*, parser_node*, void*, int*) (view_transform.c)
    by : pt_walk_private(parser_context*, parser_node*, void*) (parse_tree_cl.c)
    by : parser_walk_tree (parse_tree_cl.c)
    by : mq_translate_helper(parser_context*, parser_node*) (view_transform.c)
    by : mq_translate(parser_context*, parser_node*) (view_transform.c)
    by : db_compile_statement_local(db_session*) (db_vdb.c)
    by : db_compile_statement (db_vdb.c)
    by : ux_prepare(char*, int, char, t_net_buf*, t_req_info*, unsigned int) (cas_execute.c)
    by : fn_prepare_internal(int, int, void**, t_net_buf*, t_req_info*, int*) (cas_function.c)
    by : fn_prepare(int, int, void**, t_net_buf*, t_req_info*) (cas_function.c)
    by : process_request(int, t_net_buf*, t_req_info*) (cas.c)
    by : cas_main() (cas.c)
    by : main (cas.c)
 
 14 bytes in 1 blocks are possibly lost in loss record 40 of 292
    at : calloc (vg_replace_malloc.c)
    by : pt_add_lock_class(parser_context*, pt_class_locks*, parser_node*, lc_prefetch_flags) (compile.c)
    by : pt_find_lck_classes(parser_context*, parser_node*, void*, int*) (compile.c)
    by : pt_walk_private(parser_context*, parser_node*, void*) (parse_tree_cl.c)
    by : pt_walk_private(parser_context*, parser_node*, void*) (parse_tree_cl.c)
    by : pt_apply_select(parser_context*, parser_node*, parser_node* (*)(parser_context*, parser_node*, void*), void*) (parse_tree_cl.c)
    by : pt_walk_private(parser_context*, parser_node*, void*) (parse_tree_cl.c)
    by : parser_walk_tree (parse_tree_cl.c)
    by : pt_class_pre_fetch (compile.c)
    by : sm_virtual_queries(parser_context*, db_object*) (schema_manager.c)
    by : mq_fetch_attributes(parser_context*, parser_node*) (view_transform.c)
    by : mq_substitute_select_in_statement(parser_context*, parser_node*, parser_node*, parser_node*) (view_transform.c)
    by : mq_substitute_subquery_in_statement(parser_context*, parser_node*, parser_node*, parser_node*, parser_node*, int) (view_transform.c)
    by : mq_substitute_subquery_list_in_statement(parser_context*, parser_node*, parser_node*, parser_node*, parser_node*, int) (view_transform.c)
    by : mq_translate_tree(parser_context*, parser_node*, parser_node*, parser_node*, int) (view_transform.c)
    by : mq_translate_select(parser_context*, parser_node*) (view_transform.c)
    by : mq_translate_local(parser_context*, parser_node*, void*, int*) (view_transform.c)
    by : pt_walk_private(parser_context*, parser_node*, void*) (parse_tree_cl.c)
    by : parser_walk_tree (parse_tree_cl.c)
    by : mq_translate_helper(parser_context*, parser_node*) (view_transform.c)
    by : mq_translate(parser_context*, parser_node*) (view_transform.c)
    by : db_compile_statement_local(db_session*) (db_vdb.c)
    by : db_compile_statement (db_vdb.c)
    by : ux_prepare(char*, int, char, t_net_buf*, t_req_info*, unsigned int) (cas_execute.c)
    by : fn_prepare_internal(int, int, void**, t_net_buf*, t_req_info*, int*) (cas_function.c)
    by : fn_prepare(int, int, void**, t_net_buf*, t_req_info*) (cas_function.c)
    by : process_request(int, t_net_buf*, t_req_info*) (cas.c)
    by : cas_main() (cas.c)
    by : main (cas.c)
 
 14 bytes in 1 blocks are possibly lost in loss record 41 of 292
    at : calloc (vg_replace_malloc.c)
    by : pt_add_lock_class(parser_context*, pt_class_locks*, parser_node*, lc_prefetch_flags) (compile.c)
    by : pt_find_lck_classes(parser_context*, parser_node*, void*, int*) (compile.c)
    by : pt_walk_private(parser_context*, parser_node*, void*) (parse_tree_cl.c)
    by : pt_walk_private(parser_context*, parser_node*, void*) (parse_tree_cl.c)
    by : pt_walk_private(parser_context*, parser_node*, void*) (parse_tree_cl.c)
    by : pt_walk_private(parser_context*, parser_node*, void*) (parse_tree_cl.c)
    by : pt_apply_select(parser_context*, parser_node*, parser_node* (*)(parser_context*, parser_node*, void*), void*) (parse_tree_cl.c)
    by : pt_walk_private(parser_context*, parser_node*, void*) (parse_tree_cl.c)
    by : parser_walk_tree (parse_tree_cl.c)
    by : pt_class_pre_fetch (compile.c)
    by : sm_virtual_queries(parser_context*, db_object*) (schema_manager.c)
    by : mq_fetch_attributes(parser_context*, parser_node*) (view_transform.c)
    by : mq_substitute_select_in_statement(parser_context*, parser_node*, parser_node*, parser_node*) (view_transform.c)
    by : mq_substitute_subquery_in_statement(parser_context*, parser_node*, parser_node*, parser_node*, parser_node*, int) (view_transform.c)
    by : mq_substitute_subquery_list_in_statement(parser_context*, parser_node*, parser_node*, parser_node*, parser_node*, int) (view_transform.c)
    by : mq_translate_tree(parser_context*, parser_node*, parser_node*, parser_node*, int) (view_transform.c)
    by : mq_translate_select(parser_context*, parser_node*) (view_transform.c)
    by : mq_translate_local(parser_context*, parser_node*, void*, int*) (view_transform.c)
    by : pt_walk_private(parser_context*, parser_node*, void*) (parse_tree_cl.c)
    by : parser_walk_tree (parse_tree_cl.c)
    by : mq_translate_helper(parser_context*, parser_node*) (view_transform.c)
    by : mq_translate(parser_context*, parser_node*) (view_transform.c)
    by : db_compile_statement_local(db_session*) (db_vdb.c)
    by : db_compile_statement (db_vdb.c)
    by : ux_prepare(char*, int, char, t_net_buf*, t_req_info*, unsigned int) (cas_execute.c)
    by : fn_prepare_internal(int, int, void**, t_net_buf*, t_req_info*, int*) (cas_function.c)
    by : fn_prepare(int, int, void**, t_net_buf*, t_req_info*) (cas_function.c)
    by : process_request(int, t_net_buf*, t_req_info*) (cas.c)
    by : cas_main() (cas.c)
    by : main (cas.c)
 
 18 bytes in 2 blocks are possibly lost in loss record 47 of 292
    at : calloc (vg_replace_malloc.c)
    by : pt_add_lock_class(parser_context*, pt_class_locks*, parser_node*, lc_prefetch_flags) (compile.c)
    by : pt_find_lck_classes(parser_context*, parser_node*, void*, int*) (compile.c)
    by : pt_walk_private(parser_context*, parser_node*, void*) (parse_tree_cl.c)
    by : pt_apply_spec(parser_context*, parser_node*, parser_node* (*)(parser_context*, parser_node*, void*), void*) (parse_tree_cl.c)
    by : pt_walk_private(parser_context*, parser_node*, void*) (parse_tree_cl.c)
    by : pt_apply_select(parser_context*, parser_node*, parser_node* (*)(parser_context*, parser_node*, void*), void*) (parse_tree_cl.c)
    by : pt_walk_private(parser_context*, parser_node*, void*) (parse_tree_cl.c)
    by : parser_walk_tree (parse_tree_cl.c)
    by : pt_class_pre_fetch (compile.c)
    by : sm_virtual_queries(parser_context*, db_object*) (schema_manager.c)
    by : mq_fetch_attributes(parser_context*, parser_node*) (view_transform.c)
    by : mq_substitute_select_in_statement(parser_context*, parser_node*, parser_node*, parser_node*) (view_transform.c)
    by : mq_substitute_subquery_in_statement(parser_context*, parser_node*, parser_node*, parser_node*, parser_node*, int) (view_transform.c)
    by : mq_substitute_subquery_list_in_statement(parser_context*, parser_node*, parser_node*, parser_node*, parser_node*, int) (view_transform.c)
    by : mq_translate_tree(parser_context*, parser_node*, parser_node*, parser_node*, int) (view_transform.c)
    by : mq_translate_select(parser_context*, parser_node*) (view_transform.c)
    by : mq_translate_local(parser_context*, parser_node*, void*, int*) (view_transform.c)
    by : pt_walk_private(parser_context*, parser_node*, void*) (parse_tree_cl.c)
    by : parser_walk_tree (parse_tree_cl.c)
    by : mq_translate_helper(parser_context*, parser_node*) (view_transform.c)
    by : mq_translate(parser_context*, parser_node*) (view_transform.c)
    by : db_compile_statement_local(db_session*) (db_vdb.c)
    by : db_compile_statement (db_vdb.c)
    by : ux_prepare(char*, int, char, t_net_buf*, t_req_info*, unsigned int) (cas_execute.c)
    by : fn_prepare_internal(int, int, void**, t_net_buf*, t_req_info*, int*) (cas_function.c)
    by : fn_prepare(int, int, void**, t_net_buf*, t_req_info*) (cas_function.c)
    by : process_request(int, t_net_buf*, t_req_info*) (cas.c)
    by : cas_main() (cas.c)
    by : main (cas.c)
 
 25 bytes in 2 blocks are possibly lost in loss record 51 of 292
    at : calloc (vg_replace_malloc.c)
    by : pt_add_lock_class(parser_context*, pt_class_locks*, parser_node*, lc_prefetch_flags) (compile.c)
    by : pt_find_lck_classes(parser_context*, parser_node*, void*, int*) (compile.c)
    by : pt_walk_private(parser_context*, parser_node*, void*) (parse_tree_cl.c)
    by : pt_apply_select(parser_context*, parser_node*, parser_node* (*)(parser_context*, parser_node*, void*), void*) (parse_tree_cl.c)
    by : pt_walk_private(parser_context*, parser_node*, void*) (parse_tree_cl.c)
    by : parser_walk_tree (parse_tree_cl.c)
    by : pt_class_pre_fetch (compile.c)
    by : sm_virtual_queries(parser_context*, db_object*) (schema_manager.c)
    by : mq_fetch_attributes(parser_context*, parser_node*) (view_transform.c)
    by : mq_substitute_select_in_statement(parser_context*, parser_node*, parser_node*, parser_node*) (view_transform.c)
    by : mq_substitute_subquery_in_statement(parser_context*, parser_node*, parser_node*, parser_node*, parser_node*, int) (view_transform.c)
    by : mq_substitute_subquery_list_in_statement(parser_context*, parser_node*, parser_node*, parser_node*, parser_node*, int) (view_transform.c)
    by : mq_translate_tree(parser_context*, parser_node*, parser_node*, parser_node*, int) (view_transform.c)
    by : mq_translate_select(parser_context*, parser_node*) (view_transform.c)
    by : mq_translate_local(parser_context*, parser_node*, void*, int*) (view_transform.c)
    by : pt_walk_private(parser_context*, parser_node*, void*) (parse_tree_cl.c)
    by : parser_walk_tree (parse_tree_cl.c)
    by : mq_translate_helper(parser_context*, parser_node*) (view_transform.c)
    by : mq_translate(parser_context*, parser_node*) (view_transform.c)
    by : db_compile_statement_local(db_session*) (db_vdb.c)
    by : db_compile_statement (db_vdb.c)
    by : ux_prepare(char*, int, char, t_net_buf*, t_req_info*, unsigned int) (cas_execute.c)
    by : fn_prepare_internal(int, int, void**, t_net_buf*, t_req_info*, int*) (cas_function.c)
    by : fn_prepare(int, int, void**, t_net_buf*, t_req_info*) (cas_function.c)
    by : process_request(int, t_net_buf*, t_req_info*) (cas.c)
    by : cas_main() (cas.c)
    by : main (cas.c)
 
 137 (96 direct, 41 indirect) bytes in 1 blocks are definitely lost in loss record 149 of 292
    at : operator new(unsigned long) (vg_replace_malloc.c)
    by : db_json_allocate_doc() (db_json.cpp)
    by : db_json_get_copy_of_doc(JSON_DOC const*) (db_json.cpp)
    by : mr_setval_json(db_value*, db_value const*, bool) (object_primitive.c)
    by : pr_clone_value (object_primitive.c)
    by : db_value_clone (db_macro.c)
    by : copy_node_in_tree_pre(parser_context*, parser_node*, void*, int*) (parse_tree_cl.c)
    by : pt_walk_private(parser_context*, parser_node*, void*) (parse_tree_cl.c)
    by : parser_walk_tree (parse_tree_cl.c)
    by : parser_copy_tree (parse_tree_cl.c)
    by : pt_fold_const_expr(parser_context*, parser_node*, void*) (type_checking.c)
    by : pt_fold_constants(parser_context*, parser_node*, void*, int*) (type_checking.c)
    by : pt_walk_private(parser_context*, parser_node*, void*) (parse_tree_cl.c)
    by : pt_walk_private(parser_context*, parser_node*, void*) (parse_tree_cl.c)
    by : pt_walk_private(parser_context*, parser_node*, void*) (parse_tree_cl.c)
    by : pt_apply_function(parser_context*, parser_node*, parser_node* (*)(parser_context*, parser_node*, void*), void*) (parse_tree_cl.c)
    by : pt_walk_private(parser_context*, parser_node*, void*) (parse_tree_cl.c)
    by : pt_apply_expr(parser_context*, parser_node*, parser_node* (*)(parser_context*, parser_node*, void*), void*) (parse_tree_cl.c)
    by : pt_walk_private(parser_context*, parser_node*, void*) (parse_tree_cl.c)
    by : pt_walk_private(parser_context*, parser_node*, void*) (parse_tree_cl.c)
    by : pt_apply_select(parser_context*, parser_node*, parser_node* (*)(parser_context*, parser_node*, void*), void*) (parse_tree_cl.c)
    by : pt_walk_private(parser_context*, parser_node*, void*) (parse_tree_cl.c)
    by : parser_walk_tree (parse_tree_cl.c)
    by : pt_semantic_type (type_checking.c)
    by : pt_semantic_check_local(parser_context*, parser_node*, void*, int*) (semantic_check.c)
    by : pt_walk_private(parser_context*, parser_node*, void*) (parse_tree_cl.c)
    by : parser_walk_tree (parse_tree_cl.c)
    by : pt_check_with_info(parser_context*, parser_node*, semantic_chk_info*) (semantic_check.c)
    by : pt_semantic_check(parser_context*, parser_node*) (semantic_check.c)
    by : pt_compile (compile.c)
    by : db_compile_statement_local(db_session*) (db_vdb.c)
    by : db_compile_statement (db_vdb.c)
    by : ux_prepare(char*, int, char, t_net_buf*, t_req_info*, unsigned int) (cas_execute.c)
    by : fn_prepare_internal(int, int, void**, t_net_buf*, t_req_info*, int*) (cas_function.c)
    by : fn_prepare(int, int, void**, t_net_buf*, t_req_info*) (cas_function.c)
    by : process_request(int, t_net_buf*, t_req_info*) (cas.c)
    by : cas_main() (cas.c)
    by : main (cas.c)
 
 138 (96 direct, 42 indirect) bytes in 1 blocks are definitely lost in loss record 150 of 292
    at : operator new(unsigned long) (vg_replace_malloc.c)
    by : db_json_allocate_doc() (db_json.cpp)
    by : db_json_get_json_from_str(char const*, JSON_DOC*&) (db_json.cpp)
    by : pt_db_value_initialize (parse_dbi.c)
    by : pt_value_to_db (parse_dbi.c)
    by : pt_bind_names_post(parser_context*, parser_node*, void*, int*) (name_resolution.c)
    by : pt_walk_private(parser_context*, parser_node*, void*) (parse_tree_cl.c)
    by : pt_apply_select(parser_context*, parser_node*, parser_node* (*)(parser_context*, parser_node*, void*), void*) (parse_tree_cl.c)
    by : parser_walk_leaves (parse_tree_cl.c)
    by : pt_bind_names(parser_context*, parser_node*, void*, int*) (name_resolution.c)
    by : pt_walk_private(parser_context*, parser_node*, void*) (parse_tree_cl.c)
    by : parser_walk_tree (parse_tree_cl.c)
    by : pt_resolve_names (name_resolution.c)
    by : pt_check_with_info(parser_context*, parser_node*, semantic_chk_info*) (semantic_check.c)
    by : pt_semantic_check(parser_context*, parser_node*) (semantic_check.c)
    by : pt_compile (compile.c)
    by : mq_translate_subqueries(parser_context*, db_object*, parser_node*, DB_AUTH*) (view_transform.c)
    by : mq_virtual_queries (view_transform.c)
    by : sm_virtual_queries(parser_context*, db_object*) (schema_manager.c)
    by : mq_fetch_subqueries(parser_context*, parser_node*) (view_transform.c)
    by : mq_is_union_translation(parser_context*, parser_node*) (view_transform.c)
    by : mq_check_rewrite_select(parser_context*, parser_node*) (view_transform.c)
    by : mq_push_paths(parser_context*, parser_node*, void*, int*) (view_transform.c)
    by : pt_walk_private(parser_context*, parser_node*, void*) (parse_tree_cl.c)
    by : parser_walk_tree (parse_tree_cl.c)
    by : mq_translate_helper(parser_context*, parser_node*) (view_transform.c)
    by : mq_translate(parser_context*, parser_node*) (view_transform.c)
    by : db_compile_statement_local(db_session*) (db_vdb.c)
    by : db_compile_statement (db_vdb.c)
    by : ux_prepare(char*, int, char, t_net_buf*, t_req_info*, unsigned int) (cas_execute.c)
    by : fn_prepare_internal(int, int, void**, t_net_buf*, t_req_info*, int*) (cas_function.c)
    by : fn_prepare(int, int, void**, t_net_buf*, t_req_info*) (cas_function.c)
    by : process_request(int, t_net_buf*, t_req_info*) (cas.c)
    by : cas_main() (cas.c)
    by : main (cas.c)
 
 138 (96 direct, 42 indirect) bytes in 1 blocks are definitely lost in loss record 151 of 292
    at : operator new(unsigned long) (vg_replace_malloc.c)
    by : db_json_allocate_doc() (db_json.cpp)
    by : db_json_get_json_from_str(char const*, JSON_DOC*&) (db_json.cpp)
    by : pt_db_value_initialize (parse_dbi.c)
    by : pt_value_to_db (parse_dbi.c)
    by : pt_bind_names_post(parser_context*, parser_node*, void*, int*) (name_resolution.c)
    by : pt_walk_private(parser_context*, parser_node*, void*) (parse_tree_cl.c)
    by : pt_apply_select(parser_context*, parser_node*, parser_node* (*)(parser_context*, parser_node*, void*), void*) (parse_tree_cl.c)
    by : parser_walk_leaves (parse_tree_cl.c)
    by : pt_bind_names(parser_context*, parser_node*, void*, int*) (name_resolution.c)
    by : pt_walk_private(parser_context*, parser_node*, void*) (parse_tree_cl.c)
    by : parser_walk_tree (parse_tree_cl.c)
    by : pt_resolve_names (name_resolution.c)
    by : pt_check_with_info(parser_context*, parser_node*, semantic_chk_info*) (semantic_check.c)
    by : pt_semantic_check(parser_context*, parser_node*) (semantic_check.c)
    by : pt_compile (compile.c)
    by : mq_translate_subqueries(parser_context*, db_object*, parser_node*, DB_AUTH*) (view_transform.c)
    by : mq_virtual_queries (view_transform.c)
    by : sm_virtual_queries(parser_context*, db_object*) (schema_manager.c)
    by : mq_fetch_subqueries(parser_context*, parser_node*) (view_transform.c)
    by : mq_is_union_translation(parser_context*, parser_node*) (view_transform.c)
    by : mq_check_rewrite_select(parser_context*, parser_node*) (view_transform.c)
    by : mq_push_paths(parser_context*, parser_node*, void*, int*) (view_transform.c)
    by : pt_walk_private(parser_context*, parser_node*, void*) (parse_tree_cl.c)
    by : parser_walk_tree (parse_tree_cl.c)
    by : mq_translate_helper(parser_context*, parser_node*) (view_transform.c)
    by : mq_translate(parser_context*, parser_node*) (view_transform.c)
    by : db_compile_statement_local(db_session*) (db_vdb.c)
    by : db_compile_statement (db_vdb.c)
    by : ux_prepare(char*, int, char, t_net_buf*, t_req_info*, unsigned int) (cas_execute.c)
    by : fn_prepare_internal(int, int, void**, t_net_buf*, t_req_info*, int*) (cas_function.c)
    by : fn_prepare(int, int, void**, t_net_buf*, t_req_info*) (cas_function.c)
    by : process_request(int, t_net_buf*, t_req_info*) (cas.c)
    by : cas_main() (cas.c)
    by : main (cas.c)
 
 248 bytes in 2 blocks are possibly lost in loss record 166 of 292
    at : malloc (vg_replace_malloc.c)
    by : pt_class_pre_fetch (compile.c)
    by : sm_virtual_queries(parser_context*, db_object*) (schema_manager.c)
    by : mq_fetch_attributes(parser_context*, parser_node*) (view_transform.c)
    by : mq_substitute_select_in_statement(parser_context*, parser_node*, parser_node*, parser_node*) (view_transform.c)
    by : mq_substitute_subquery_in_statement(parser_context*, parser_node*, parser_node*, parser_node*, parser_node*, int) (view_transform.c)
    by : mq_substitute_subquery_list_in_statement(parser_context*, parser_node*, parser_node*, parser_node*, parser_node*, int) (view_transform.c)
    by : mq_translate_tree(parser_context*, parser_node*, parser_node*, parser_node*, int) (view_transform.c)
    by : mq_translate_select(parser_context*, parser_node*) (view_transform.c)
    by : mq_translate_local(parser_context*, parser_node*, void*, int*) (view_transform.c)
    by : pt_walk_private(parser_context*, parser_node*, void*) (parse_tree_cl.c)
    by : parser_walk_tree (parse_tree_cl.c)
    by : mq_translate_helper(parser_context*, parser_node*) (view_transform.c)
    by : mq_translate(parser_context*, parser_node*) (view_transform.c)
    by : db_compile_statement_local(db_session*) (db_vdb.c)
    by : db_compile_statement (db_vdb.c)
    by : ux_prepare(char*, int, char, t_net_buf*, t_req_info*, unsigned int) (cas_execute.c)
    by : fn_prepare_internal(int, int, void**, t_net_buf*, t_req_info*, int*) (cas_function.c)
    by : fn_prepare(int, int, void**, t_net_buf*, t_req_info*) (cas_function.c)
    by : process_request(int, t_net_buf*, t_req_info*) (cas.c)
    by : cas_main() (cas.c)
    by : main (cas.c)
 
 98,304 bytes in 1 blocks are possibly lost in loss record 271 of 292
    at : malloc (vg_replace_malloc.c)
    by : my_malloc(unsigned long) (lea_heap.c)
    by : sys_alloc(malloc_state*, unsigned long) (malloc_2_8_3.c)
    by : mspace_malloc (malloc_2_8_3.c)
    by : hl_lea_alloc(unsigned long, unsigned long) (lea_heap.c)
    by : db_ws_alloc(unsigned long) (quick_fit.c)
    by : db_private_alloc_debug(void*, unsigned long, bool, char const*, int) (memory_alloc.c)
    by : JSON_PRIVATE_ALLOCATOR::Malloc(unsigned long) (db_json.cpp)
    by : rapidjson::MemoryPoolAllocator<JSON_PRIVATE_ALLOCATOR>::AddChunk(unsigned long) (allocators.h)
    by : rapidjson::MemoryPoolAllocator<JSON_PRIVATE_ALLOCATOR>::Malloc(unsigned long) (allocators.h)
    by : rapidjson::GenericValue<rapidjson::UTF8<char>, rapidjson::MemoryPoolAllocator<JSON_PRIVATE_ALLOCATOR> >::SetObjectRaw(rapidjson::GenericMember<rapidjson::UTF8<char>, rapidjson::MemoryPoolAllocator<JSON_PRIVATE_ALLOCATOR> >*, unsigned int, rapidjson::MemoryPoolAllocator<JSON_PRIVATE_ALLOCATOR>&) (document.h)
    by : rapidjson::GenericDocument<rapidjson::UTF8<char>, rapidjson::MemoryPoolAllocator<JSON_PRIVATE_ALLOCATOR>, rapidjson::CrtAllocator>::EndObject(unsigned int) (document.h)
    by : bool rapidjson::GenericValue<rapidjson::UTF8<char>, rapidjson::MemoryPoolAllocator<JSON_PRIVATE_ALLOCATOR> >::Accept<rapidjson::GenericDocument<rapidjson::UTF8<char>, rapidjson::MemoryPoolAllocator<JSON_PRIVATE_ALLOCATOR>, rapidjson::CrtAllocator> >(rapidjson::GenericDocument<rapidjson::UTF8<char>, rapidjson::MemoryPoolAllocator<JSON_PRIVATE_ALLOCATOR>, rapidjson::CrtAllocator>&) const (document.h)
    by : bool rapidjson::GenericValue<rapidjson::UTF8<char>, rapidjson::MemoryPoolAllocator<JSON_PRIVATE_ALLOCATOR> >::Accept<rapidjson::GenericDocument<rapidjson::UTF8<char>, rapidjson::MemoryPoolAllocator<JSON_PRIVATE_ALLOCATOR>, rapidjson::CrtAllocator> >(rapidjson::GenericDocument<rapidjson::UTF8<char>, rapidjson::MemoryPoolAllocator<JSON_PRIVATE_ALLOCATOR>, rapidjson::CrtAllocator>&) const (document.h)
    by : rapidjson::GenericValue<rapidjson::UTF8<char>, rapidjson::MemoryPoolAllocator<JSON_PRIVATE_ALLOCATOR> >::GenericValue<rapidjson::MemoryPoolAllocator<JSON_PRIVATE_ALLOCATOR> >(rapidjson::GenericValue<rapidjson::UTF8<char>, rapidjson::MemoryPoolAllocator<JSON_PRIVATE_ALLOCATOR> > const&, rapidjson::MemoryPoolAllocator<JSON_PRIVATE_ALLOCATOR>&) (document.h)
    by : rapidjson::GenericValue<rapidjson::UTF8<char>, rapidjson::MemoryPoolAllocator<JSON_PRIVATE_ALLOCATOR> >& rapidjson::GenericValue<rapidjson::UTF8<char>, rapidjson::MemoryPoolAllocator<JSON_PRIVATE_ALLOCATOR> >::CopyFrom<rapidjson::MemoryPoolAllocator<JSON_PRIVATE_ALLOCATOR> >(rapidjson::GenericValue<rapidjson::UTF8<char>, rapidjson::MemoryPoolAllocator<JSON_PRIVATE_ALLOCATOR> > const&, rapidjson::MemoryPoolAllocator<JSON_PRIVATE_ALLOCATOR>&) (document.h)
    by : db_json_get_copy_of_doc(JSON_DOC const*) (db_json.cpp)
    by : mr_setval_json(db_value*, db_value const*, bool) (object_primitive.c)
    by : pr_clone_value (object_primitive.c)
    by : db_value_clone (db_macro.c)
    by : pt_dbval_to_value (parse_dbi.c)
    by : pt_fold_const_function(parser_context*, parser_node*) (type_checking.c)
    by : pt_fold_constants(parser_context*, parser_node*, void*, int*) (type_checking.c)
    by : pt_walk_private(parser_context*, parser_node*, void*) (parse_tree_cl.c)
    by : pt_apply_expr(parser_context*, parser_node*, parser_node* (*)(parser_context*, parser_node*, void*), void*) (parse_tree_cl.c)
    by : pt_walk_private(parser_context*, parser_node*, void*) (parse_tree_cl.c)
    by : pt_apply_select(parser_context*, parser_node*, parser_node* (*)(parser_context*, parser_node*, void*), void*) (parse_tree_cl.c)
    by : pt_walk_private(parser_context*, parser_node*, void*) (parse_tree_cl.c)
    by : parser_walk_tree (parse_tree_cl.c)
    by : pt_semantic_type (type_checking.c)
    by : pt_semantic_check_local(parser_context*, parser_node*, void*, int*) (semantic_check.c)
    by : pt_walk_private(parser_context*, parser_node*, void*) (parse_tree_cl.c)
    by : parser_walk_tree (parse_tree_cl.c)
    by : pt_check_with_info(parser_context*, parser_node*, semantic_chk_info*) (semantic_check.c)
    by : pt_semantic_check(parser_context*, parser_node*) (semantic_check.c)
    by : pt_compile (compile.c)
    by : db_compile_statement_local(db_session*) (db_vdb.c)
    by : db_compile_statement (db_vdb.c)
    by : ux_prepare(char*, int, char, t_net_buf*, t_req_info*, unsigned int) (cas_execute.c)
    by : fn_prepare_internal(int, int, void**, t_net_buf*, t_req_info*, int*) (cas_function.c)
    by : fn_prepare(int, int, void**, t_net_buf*, t_req_info*) (cas_function.c)
    by : process_request(int, t_net_buf*, t_req_info*) (cas.c)
    by : cas_main() (cas.c)
    by : main (cas.c)
 
 98,304 bytes in 1 blocks are possibly lost in loss record 272 of 292
    at : malloc (vg_replace_malloc.c)
    by : my_malloc(unsigned long) (lea_heap.c)
    by : sys_alloc(malloc_state*, unsigned long) (malloc_2_8_3.c)
    by : mspace_malloc (malloc_2_8_3.c)
    by : hl_lea_alloc(unsigned long, unsigned long) (lea_heap.c)
    by : db_ws_alloc(unsigned long) (quick_fit.c)
    by : db_private_alloc_debug(void*, unsigned long, bool, char const*, int) (memory_alloc.c)
    by : JSON_PRIVATE_ALLOCATOR::Malloc(unsigned long) (db_json.cpp)
    by : rapidjson::MemoryPoolAllocator<JSON_PRIVATE_ALLOCATOR>::AddChunk(unsigned long) (allocators.h)
    by : rapidjson::MemoryPoolAllocator<JSON_PRIVATE_ALLOCATOR>::Malloc(unsigned long) (allocators.h)
    by : rapidjson::GenericValue<rapidjson::UTF8<char>, rapidjson::MemoryPoolAllocator<JSON_PRIVATE_ALLOCATOR> >::SetObjectRaw(rapidjson::GenericMember<rapidjson::UTF8<char>, rapidjson::MemoryPoolAllocator<JSON_PRIVATE_ALLOCATOR> >*, unsigned int, rapidjson::MemoryPoolAllocator<JSON_PRIVATE_ALLOCATOR>&) (document.h)
    by : rapidjson::GenericDocument<rapidjson::UTF8<char>, rapidjson::MemoryPoolAllocator<JSON_PRIVATE_ALLOCATOR>, rapidjson::CrtAllocator>::EndObject(unsigned int) (document.h)
    by : bool rapidjson::GenericValue<rapidjson::UTF8<char>, rapidjson::MemoryPoolAllocator<JSON_PRIVATE_ALLOCATOR> >::Accept<rapidjson::GenericDocument<rapidjson::UTF8<char>, rapidjson::MemoryPoolAllocator<JSON_PRIVATE_ALLOCATOR>, rapidjson::CrtAllocator> >(rapidjson::GenericDocument<rapidjson::UTF8<char>, rapidjson::MemoryPoolAllocator<JSON_PRIVATE_ALLOCATOR>, rapidjson::CrtAllocator>&) const (document.h)
    by : rapidjson::GenericValue<rapidjson::UTF8<char>, rapidjson::MemoryPoolAllocator<JSON_PRIVATE_ALLOCATOR> >::GenericValue<rapidjson::MemoryPoolAllocator<JSON_PRIVATE_ALLOCATOR> >(rapidjson::GenericValue<rapidjson::UTF8<char>, rapidjson::MemoryPoolAllocator<JSON_PRIVATE_ALLOCATOR> > const&, rapidjson::MemoryPoolAllocator<JSON_PRIVATE_ALLOCATOR>&) (document.h)
    by : rapidjson::GenericValue<rapidjson::UTF8<char>, rapidjson::MemoryPoolAllocator<JSON_PRIVATE_ALLOCATOR> >& rapidjson::GenericValue<rapidjson::UTF8<char>, rapidjson::MemoryPoolAllocator<JSON_PRIVATE_ALLOCATOR> >::CopyFrom<rapidjson::MemoryPoolAllocator<JSON_PRIVATE_ALLOCATOR> >(rapidjson::GenericValue<rapidjson::UTF8<char>, rapidjson::MemoryPoolAllocator<JSON_PRIVATE_ALLOCATOR> > const&, rapidjson::MemoryPoolAllocator<JSON_PRIVATE_ALLOCATOR>&) (document.h)
    by : db_json_get_copy_of_doc(JSON_DOC const*) (db_json.cpp)
    by : mr_setval_json(db_value*, db_value const*, bool) (object_primitive.c)
    by : pr_clone_value (object_primitive.c)
    by : classobj_init_attribute(sm_attribute*, sm_attribute*, int) (class_object.c)
    by : classobj_copy_attribute(sm_attribute*, char const*) (class_object.c)
    by : make_component_from_candidate(db_object*, sm_candidate*) (schema_manager.c)
    by : flatten_components(sm_template*, sm_template*, SM_NAME_SPACE, int) (schema_manager.c)
    by : flatten_template(sm_template*, db_object*, sm_template**, int) (schema_manager.c)
    by : update_class(sm_template*, db_object**, int) (schema_manager.c)
    by : sm_finish_class(sm_template*, db_object**) (schema_manager.c)
    by : dbt_finish_class (db_temp.c)
    by : do_create_entity(parser_context*, parser_node*) (execute_schema.c)
    by : do_check_internal_statements(parser_context*, parser_node*, int (*)(parser_context*, parser_node*)) (execute_statement.c)
    by : do_execute_statement(parser_context*, parser_node*) (execute_statement.c)
    by : db_execute_and_keep_statement_local(db_session*, int, db_query_result**) (db_vdb.c)
    by : db_execute_and_keep_statement (db_vdb.c)
    by : ux_execute_all(t_srv_handle*, char, int, int, int, void**, t_net_buf*, t_req_info*, cache_time*, int*) (cas_execute.c)
    by : fn_execute_internal(int, int, void**, t_net_buf*, t_req_info*, int*) (cas_function.c)
    by : fn_execute(int, int, void**, t_net_buf*, t_req_info*) (cas_function.c)
    by : process_request(int, t_net_buf*, t_req_info*) (cas.c)
    by : cas_main() (cas.c)
    by : main (cas.c)
 
 98,304 bytes in 3 blocks are possibly lost in loss record 273 of 292
    at : malloc (vg_replace_malloc.c)
    by : my_malloc(unsigned long) (lea_heap.c)
    by : sys_alloc(malloc_state*, unsigned long) (malloc_2_8_3.c)
    by : mspace_malloc (malloc_2_8_3.c)
    by : hl_lea_alloc(unsigned long, unsigned long) (lea_heap.c)
    by : db_ws_alloc(unsigned long) (quick_fit.c)
    by : classobj_make_attribute(char const*, pr_type*, SM_NAME_SPACE) (class_object.c)
    by : init_db_attribute_list(showstmt_metadata*) (show_meta.c)
    by : showstmt_metadata_init() (show_meta.c)
    by : boot_restart_client(boot_client_credential*) (boot_cl.c)
    by : db_restart (db_admin.c)
    by : db_restart_ex (db_admin.c)
    by : ux_database_connect(char*, char*, char*, char**) (cas_execute.c)
    by : cas_main() (cas.c)
    by : main (cas.c)
 
 229,376 bytes in 1 blocks are possibly lost in loss record 292 of 292
    at : malloc (vg_replace_malloc.c)
    by : my_malloc(unsigned long) (lea_heap.c)
    by : sys_alloc(malloc_state*, unsigned long) (malloc_2_8_3.c)
    by : mspace_malloc (malloc_2_8_3.c)
    by : hl_lea_alloc(unsigned long, unsigned long) (lea_heap.c)
    by : db_ws_alloc(unsigned long) (quick_fit.c)
    by : classobj_alloc_threaded_array(int, int) (class_object.c)
    by : classobj_install_template(sm_class*, sm_template*, int) (class_object.c)
    by : install_new_representation(db_object*, sm_class*, sm_template*) (schema_manager.c)
    by : update_class(sm_template*, db_object**, int) (schema_manager.c)
    by : sm_finish_class(sm_template*, db_object**) (schema_manager.c)
    by : dbt_finish_class (db_temp.c)
    by : do_create_entity(parser_context*, parser_node*) (execute_schema.c)
    by : do_check_internal_statements(parser_context*, parser_node*, int (*)(parser_context*, parser_node*)) (execute_statement.c)
    by : do_execute_statement(parser_context*, parser_node*) (execute_statement.c)
    by : db_execute_and_keep_statement_local(db_session*, int, db_query_result**) (db_vdb.c)
    by : db_execute_and_keep_statement (db_vdb.c)
    by : ux_execute_all(t_srv_handle*, char, int, int, int, void**, t_net_buf*, t_req_info*, cache_time*, int*) (cas_execute.c)
    by : fn_execute_internal(int, int, void**, t_net_buf*, t_req_info*, int*) (cas_function.c)
    by : fn_execute(int, int, void**, t_net_buf*, t_req_info*) (cas_function.c)
    by : process_request(int, t_net_buf*, t_req_info*) (cas.c)
    by : cas_main() (cas.c)
    by : main (cas.c)
 
