[LOGFILE] /home/qahome/qa_repository_test/memory_leak/memory_sql_10.2.0.7938-2cf06f6_20180531090752/memory_cub_cas_7273.log
 
 8 bytes in 1 blocks are possibly lost in loss record 11 of 300
    at : calloc (vg_replace_malloc.c:710)
    by : pt_add_lock_class(parser_context*, pt_class_locks*, parser_node*, lc_prefetch_flags) (compile.c:736)
    by : pt_find_lck_classes(parser_context*, parser_node*, void*, int*) (compile.c:837)
    by : pt_walk_private(parser_context*, parser_node*, void*) (parse_tree_cl.c:880)
    by : pt_apply_spec(parser_context*, parser_node*, parser_node* (*)(parser_context*, parser_node*, void*), void*) (parse_tree_cl.c:9399)
    by : pt_walk_private(parser_context*, parser_node*, void*) (parse_tree_cl.c:902)
    by : pt_apply_select(parser_context*, parser_node*, parser_node* (*)(parser_context*, parser_node*, void*), void*) (parse_tree_cl.c:14236)
    by : pt_walk_private(parser_context*, parser_node*, void*) (parse_tree_cl.c:902)
    by : parser_walk_tree (parse_tree_cl.c:1011)
    by : pt_class_pre_fetch (compile.c:545)
    by : sm_virtual_queries(parser_context*, db_object*) (schema_manager.c:6322)
    by : mq_fetch_attributes(parser_context*, parser_node*) (view_transform.c:10109)
    by : mq_substitute_select_in_statement(parser_context*, parser_node*, parser_node*, parser_node*) (view_transform.c:1237)
    by : mq_substitute_subquery_in_statement(parser_context*, parser_node*, parser_node*, parser_node*, parser_node*, int) (view_transform.c:1902)
    by : mq_substitute_subquery_list_in_statement(parser_context*, parser_node*, parser_node*, parser_node*, parser_node*, int) (view_transform.c:2124)
    by : mq_translate_tree(parser_context*, parser_node*, parser_node*, parser_node*, int) (view_transform.c:2446)
    by : mq_translate_select(parser_context*, parser_node*) (view_transform.c:3832)
    by : mq_translate_local(parser_context*, parser_node*, void*, int*) (view_transform.c:4772)
    by : pt_walk_private(parser_context*, parser_node*, void*) (parse_tree_cl.c:932)
    by : pt_apply_node_list(parser_context*, parser_node*, parser_node* (*)(parser_context*, parser_node*, void*), void*) (parse_tree_cl.c:17194)
    by : pt_walk_private(parser_context*, parser_node*, void*) (parse_tree_cl.c:902)
    by : pt_apply_insert(parser_context*, parser_node*, parser_node* (*)(parser_context*, parser_node*, void*), void*) (parse_tree_cl.c:12940)
    by : pt_walk_private(parser_context*, parser_node*, void*) (parse_tree_cl.c:902)
    by : parser_walk_tree (parse_tree_cl.c:1011)
    by : mq_translate_helper(parser_context*, parser_node*) (view_transform.c:6267)
    by : mq_translate(parser_context*, parser_node*) (view_transform.c:6528)
    by : db_compile_statement_local(db_session*) (db_vdb.c:633)
    by : db_compile_statement (db_vdb.c:733)
    by : ux_prepare(char*, int, char, t_net_buf*, t_req_info*, unsigned int) (cas_execute.c:871)
    by : fn_prepare_internal(int, int, void**, t_net_buf*, t_req_info*, int*) (cas_function.c:374)
    by : fn_prepare(int, int, void**, t_net_buf*, t_req_info*) (cas_function.c:295)
    by : process_request(int, t_net_buf*, t_req_info*) (cas.c:1960)
    by : cas_main() (cas.c:1247)
    by : main (cas.c:493)
 
 9 bytes in 1 blocks are possibly lost in loss record 12 of 300
    at : calloc (vg_replace_malloc.c:710)
    by : pt_add_lock_class(parser_context*, pt_class_locks*, parser_node*, lc_prefetch_flags) (compile.c:736)
    by : pt_find_lck_classes(parser_context*, parser_node*, void*, int*) (compile.c:837)
    by : pt_walk_private(parser_context*, parser_node*, void*) (parse_tree_cl.c:880)
    by : pt_apply_select(parser_context*, parser_node*, parser_node* (*)(parser_context*, parser_node*, void*), void*) (parse_tree_cl.c:14236)
    by : pt_walk_private(parser_context*, parser_node*, void*) (parse_tree_cl.c:902)
    by : pt_apply_expr(parser_context*, parser_node*, parser_node* (*)(parser_context*, parser_node*, void*), void*) (parse_tree_cl.c:9878)
    by : pt_walk_private(parser_context*, parser_node*, void*) (parse_tree_cl.c:902)
    by : pt_walk_private(parser_context*, parser_node*, void*) (parse_tree_cl.c:914)
    by : pt_walk_private(parser_context*, parser_node*, void*) (parse_tree_cl.c:914)
    by : pt_walk_private(parser_context*, parser_node*, void*) (parse_tree_cl.c:920)
    by : pt_apply_select(parser_context*, parser_node*, parser_node* (*)(parser_context*, parser_node*, void*), void*) (parse_tree_cl.c:14237)
    by : pt_walk_private(parser_context*, parser_node*, void*) (parse_tree_cl.c:902)
    by : parser_walk_tree (parse_tree_cl.c:1011)
    by : pt_class_pre_fetch (compile.c:545)
    by : sm_virtual_queries(parser_context*, db_object*) (schema_manager.c:6322)
    by : mq_fetch_attributes(parser_context*, parser_node*) (view_transform.c:10109)
    by : mq_substitute_select_in_statement(parser_context*, parser_node*, parser_node*, parser_node*) (view_transform.c:1237)
    by : mq_substitute_subquery_in_statement(parser_context*, parser_node*, parser_node*, parser_node*, parser_node*, int) (view_transform.c:1902)
    by : mq_substitute_subquery_list_in_statement(parser_context*, parser_node*, parser_node*, parser_node*, parser_node*, int) (view_transform.c:2124)
    by : mq_translate_tree(parser_context*, parser_node*, parser_node*, parser_node*, int) (view_transform.c:2446)
    by : mq_translate_select(parser_context*, parser_node*) (view_transform.c:3832)
    by : mq_translate_local(parser_context*, parser_node*, void*, int*) (view_transform.c:4772)
    by : pt_walk_private(parser_context*, parser_node*, void*) (parse_tree_cl.c:932)
    by : pt_apply_node_list(parser_context*, parser_node*, parser_node* (*)(parser_context*, parser_node*, void*), void*) (parse_tree_cl.c:17194)
    by : pt_walk_private(parser_context*, parser_node*, void*) (parse_tree_cl.c:902)
    by : pt_apply_insert(parser_context*, parser_node*, parser_node* (*)(parser_context*, parser_node*, void*), void*) (parse_tree_cl.c:12940)
    by : pt_walk_private(parser_context*, parser_node*, void*) (parse_tree_cl.c:902)
    by : parser_walk_tree (parse_tree_cl.c:1011)
    by : mq_translate_helper(parser_context*, parser_node*) (view_transform.c:6267)
    by : mq_translate(parser_context*, parser_node*) (view_transform.c:6528)
    by : db_compile_statement_local(db_session*) (db_vdb.c:633)
    by : db_compile_statement (db_vdb.c:733)
    by : ux_prepare(char*, int, char, t_net_buf*, t_req_info*, unsigned int) (cas_execute.c:871)
    by : fn_prepare_internal(int, int, void**, t_net_buf*, t_req_info*, int*) (cas_function.c:374)
    by : fn_prepare(int, int, void**, t_net_buf*, t_req_info*) (cas_function.c:295)
    by : process_request(int, t_net_buf*, t_req_info*) (cas.c:1960)
    by : cas_main() (cas.c:1247)
    by : main (cas.c:493)
 
 10 bytes in 1 blocks are possibly lost in loss record 14 of 300
    at : calloc (vg_replace_malloc.c:710)
    by : pt_add_lock_class(parser_context*, pt_class_locks*, parser_node*, lc_prefetch_flags) (compile.c:736)
    by : pt_find_lck_classes(parser_context*, parser_node*, void*, int*) (compile.c:837)
    by : pt_walk_private(parser_context*, parser_node*, void*) (parse_tree_cl.c:880)
    by : pt_apply_select(parser_context*, parser_node*, parser_node* (*)(parser_context*, parser_node*, void*), void*) (parse_tree_cl.c:14236)
    by : pt_walk_private(parser_context*, parser_node*, void*) (parse_tree_cl.c:902)
    by : parser_walk_tree (parse_tree_cl.c:1011)
    by : pt_class_pre_fetch (compile.c:545)
    by : sm_virtual_queries(parser_context*, db_object*) (schema_manager.c:6322)
    by : mq_fetch_attributes(parser_context*, parser_node*) (view_transform.c:10109)
    by : mq_substitute_select_in_statement(parser_context*, parser_node*, parser_node*, parser_node*) (view_transform.c:1237)
    by : mq_substitute_subquery_in_statement(parser_context*, parser_node*, parser_node*, parser_node*, parser_node*, int) (view_transform.c:1902)
    by : mq_substitute_subquery_list_in_statement(parser_context*, parser_node*, parser_node*, parser_node*, parser_node*, int) (view_transform.c:2124)
    by : mq_translate_tree(parser_context*, parser_node*, parser_node*, parser_node*, int) (view_transform.c:2446)
    by : mq_translate_select(parser_context*, parser_node*) (view_transform.c:3832)
    by : mq_translate_local(parser_context*, parser_node*, void*, int*) (view_transform.c:4772)
    by : pt_walk_private(parser_context*, parser_node*, void*) (parse_tree_cl.c:932)
    by : pt_apply_node_list(parser_context*, parser_node*, parser_node* (*)(parser_context*, parser_node*, void*), void*) (parse_tree_cl.c:17194)
    by : pt_walk_private(parser_context*, parser_node*, void*) (parse_tree_cl.c:902)
    by : pt_apply_insert(parser_context*, parser_node*, parser_node* (*)(parser_context*, parser_node*, void*), void*) (parse_tree_cl.c:12940)
    by : pt_walk_private(parser_context*, parser_node*, void*) (parse_tree_cl.c:902)
    by : parser_walk_tree (parse_tree_cl.c:1011)
    by : mq_translate_helper(parser_context*, parser_node*) (view_transform.c:6267)
    by : mq_translate(parser_context*, parser_node*) (view_transform.c:6528)
    by : db_compile_statement_local(db_session*) (db_vdb.c:633)
    by : db_compile_statement (db_vdb.c:733)
    by : ux_prepare(char*, int, char, t_net_buf*, t_req_info*, unsigned int) (cas_execute.c:871)
    by : fn_prepare_internal(int, int, void**, t_net_buf*, t_req_info*, int*) (cas_function.c:374)
    by : fn_prepare(int, int, void**, t_net_buf*, t_req_info*) (cas_function.c:295)
    by : process_request(int, t_net_buf*, t_req_info*) (cas.c:1960)
    by : cas_main() (cas.c:1247)
    by : main (cas.c:493)
 
 14 bytes in 1 blocks are possibly lost in loss record 19 of 300
    at : calloc (vg_replace_malloc.c:710)
    by : pt_add_lock_class(parser_context*, pt_class_locks*, parser_node*, lc_prefetch_flags) (compile.c:736)
    by : pt_find_lck_classes(parser_context*, parser_node*, void*, int*) (compile.c:837)
    by : pt_walk_private(parser_context*, parser_node*, void*) (parse_tree_cl.c:880)
    by : pt_apply_select(parser_context*, parser_node*, parser_node* (*)(parser_context*, parser_node*, void*), void*) (parse_tree_cl.c:14236)
    by : pt_walk_private(parser_context*, parser_node*, void*) (parse_tree_cl.c:902)
    by : pt_apply_expr(parser_context*, parser_node*, parser_node* (*)(parser_context*, parser_node*, void*), void*) (parse_tree_cl.c:9877)
    by : pt_walk_private(parser_context*, parser_node*, void*) (parse_tree_cl.c:902)
    by : pt_apply_expr(parser_context*, parser_node*, parser_node* (*)(parser_context*, parser_node*, void*), void*) (parse_tree_cl.c:9878)
    by : pt_walk_private(parser_context*, parser_node*, void*) (parse_tree_cl.c:902)
    by : pt_apply_expr(parser_context*, parser_node*, parser_node* (*)(parser_context*, parser_node*, void*), void*) (parse_tree_cl.c:9877)
    by : pt_walk_private(parser_context*, parser_node*, void*) (parse_tree_cl.c:902)
    by : pt_walk_private(parser_context*, parser_node*, void*) (parse_tree_cl.c:920)
    by : pt_walk_private(parser_context*, parser_node*, void*) (parse_tree_cl.c:920)
    by : pt_walk_private(parser_context*, parser_node*, void*) (parse_tree_cl.c:920)
    by : pt_walk_private(parser_context*, parser_node*, void*) (parse_tree_cl.c:920)
    by : pt_walk_private(parser_context*, parser_node*, void*) (parse_tree_cl.c:920)
    by : pt_apply_select(parser_context*, parser_node*, parser_node* (*)(parser_context*, parser_node*, void*), void*) (parse_tree_cl.c:14235)
    by : pt_walk_private(parser_context*, parser_node*, void*) (parse_tree_cl.c:902)
    by : parser_walk_tree (parse_tree_cl.c:1011)
    by : pt_class_pre_fetch (compile.c:545)
    by : sm_virtual_queries(parser_context*, db_object*) (schema_manager.c:6322)
    by : mq_fetch_attributes(parser_context*, parser_node*) (view_transform.c:10109)
    by : mq_substitute_select_in_statement(parser_context*, parser_node*, parser_node*, parser_node*) (view_transform.c:1237)
    by : mq_substitute_subquery_in_statement(parser_context*, parser_node*, parser_node*, parser_node*, parser_node*, int) (view_transform.c:1902)
    by : mq_substitute_subquery_list_in_statement(parser_context*, parser_node*, parser_node*, parser_node*, parser_node*, int) (view_transform.c:2124)
    by : mq_translate_tree(parser_context*, parser_node*, parser_node*, parser_node*, int) (view_transform.c:2446)
    by : mq_translate_select(parser_context*, parser_node*) (view_transform.c:3832)
    by : mq_translate_local(parser_context*, parser_node*, void*, int*) (view_transform.c:4772)
    by : pt_walk_private(parser_context*, parser_node*, void*) (parse_tree_cl.c:932)
    by : pt_apply_node_list(parser_context*, parser_node*, parser_node* (*)(parser_context*, parser_node*, void*), void*) (parse_tree_cl.c:17194)
    by : pt_walk_private(parser_context*, parser_node*, void*) (parse_tree_cl.c:902)
    by : pt_apply_insert(parser_context*, parser_node*, parser_node* (*)(parser_context*, parser_node*, void*), void*) (parse_tree_cl.c:12940)
    by : pt_walk_private(parser_context*, parser_node*, void*) (parse_tree_cl.c:902)
    by : parser_walk_tree (parse_tree_cl.c:1011)
    by : mq_translate_helper(parser_context*, parser_node*) (view_transform.c:6267)
    by : mq_translate(parser_context*, parser_node*) (view_transform.c:6528)
    by : db_compile_statement_local(db_session*) (db_vdb.c:633)
    by : db_compile_statement (db_vdb.c:733)
    by : ux_prepare(char*, int, char, t_net_buf*, t_req_info*, unsigned int) (cas_execute.c:871)
    by : fn_prepare_internal(int, int, void**, t_net_buf*, t_req_info*, int*) (cas_function.c:374)
    by : fn_prepare(int, int, void**, t_net_buf*, t_req_info*) (cas_function.c:295)
    by : process_request(int, t_net_buf*, t_req_info*) (cas.c:1960)
    by : cas_main() (cas.c:1247)
    by : main (cas.c:493)
 
 14 bytes in 1 blocks are possibly lost in loss record 20 of 300
    at : calloc (vg_replace_malloc.c:710)
    by : pt_add_lock_class(parser_context*, pt_class_locks*, parser_node*, lc_prefetch_flags) (compile.c:736)
    by : pt_find_lck_classes(parser_context*, parser_node*, void*, int*) (compile.c:837)
    by : pt_walk_private(parser_context*, parser_node*, void*) (parse_tree_cl.c:880)
    by : pt_walk_private(parser_context*, parser_node*, void*) (parse_tree_cl.c:920)
    by : pt_apply_select(parser_context*, parser_node*, parser_node* (*)(parser_context*, parser_node*, void*), void*) (parse_tree_cl.c:14236)
    by : pt_walk_private(parser_context*, parser_node*, void*) (parse_tree_cl.c:902)
    by : parser_walk_tree (parse_tree_cl.c:1011)
    by : pt_class_pre_fetch (compile.c:545)
    by : sm_virtual_queries(parser_context*, db_object*) (schema_manager.c:6322)
    by : mq_fetch_attributes(parser_context*, parser_node*) (view_transform.c:10109)
    by : mq_substitute_select_in_statement(parser_context*, parser_node*, parser_node*, parser_node*) (view_transform.c:1237)
    by : mq_substitute_subquery_in_statement(parser_context*, parser_node*, parser_node*, parser_node*, parser_node*, int) (view_transform.c:1902)
    by : mq_substitute_subquery_list_in_statement(parser_context*, parser_node*, parser_node*, parser_node*, parser_node*, int) (view_transform.c:2124)
    by : mq_translate_tree(parser_context*, parser_node*, parser_node*, parser_node*, int) (view_transform.c:2446)
    by : mq_translate_select(parser_context*, parser_node*) (view_transform.c:3832)
    by : mq_translate_local(parser_context*, parser_node*, void*, int*) (view_transform.c:4772)
    by : pt_walk_private(parser_context*, parser_node*, void*) (parse_tree_cl.c:932)
    by : pt_apply_node_list(parser_context*, parser_node*, parser_node* (*)(parser_context*, parser_node*, void*), void*) (parse_tree_cl.c:17194)
    by : pt_walk_private(parser_context*, parser_node*, void*) (parse_tree_cl.c:902)
    by : pt_apply_insert(parser_context*, parser_node*, parser_node* (*)(parser_context*, parser_node*, void*), void*) (parse_tree_cl.c:12940)
    by : pt_walk_private(parser_context*, parser_node*, void*) (parse_tree_cl.c:902)
    by : parser_walk_tree (parse_tree_cl.c:1011)
    by : mq_translate_helper(parser_context*, parser_node*) (view_transform.c:6267)
    by : mq_translate(parser_context*, parser_node*) (view_transform.c:6528)
    by : db_compile_statement_local(db_session*) (db_vdb.c:633)
    by : db_compile_statement (db_vdb.c:733)
    by : ux_prepare(char*, int, char, t_net_buf*, t_req_info*, unsigned int) (cas_execute.c:871)
    by : fn_prepare_internal(int, int, void**, t_net_buf*, t_req_info*, int*) (cas_function.c:374)
    by : fn_prepare(int, int, void**, t_net_buf*, t_req_info*) (cas_function.c:295)
    by : process_request(int, t_net_buf*, t_req_info*) (cas.c:1960)
    by : cas_main() (cas.c:1247)
    by : main (cas.c:493)
 
 104 bytes in 1 blocks are possibly lost in loss record 87 of 300
    at : malloc (vg_replace_malloc.c:298)
    by : pt_class_pre_fetch (compile.c:508)
    by : sm_virtual_queries(parser_context*, db_object*) (schema_manager.c:6322)
    by : mq_fetch_attributes(parser_context*, parser_node*) (view_transform.c:10109)
    by : mq_substitute_select_in_statement(parser_context*, parser_node*, parser_node*, parser_node*) (view_transform.c:1237)
    by : mq_substitute_subquery_in_statement(parser_context*, parser_node*, parser_node*, parser_node*, parser_node*, int) (view_transform.c:1902)
    by : mq_substitute_subquery_list_in_statement(parser_context*, parser_node*, parser_node*, parser_node*, parser_node*, int) (view_transform.c:2124)
    by : mq_translate_tree(parser_context*, parser_node*, parser_node*, parser_node*, int) (view_transform.c:2446)
    by : mq_translate_select(parser_context*, parser_node*) (view_transform.c:3832)
    by : mq_translate_local(parser_context*, parser_node*, void*, int*) (view_transform.c:4772)
    by : pt_walk_private(parser_context*, parser_node*, void*) (parse_tree_cl.c:932)
    by : pt_apply_node_list(parser_context*, parser_node*, parser_node* (*)(parser_context*, parser_node*, void*), void*) (parse_tree_cl.c:17194)
    by : pt_walk_private(parser_context*, parser_node*, void*) (parse_tree_cl.c:902)
    by : pt_apply_insert(parser_context*, parser_node*, parser_node* (*)(parser_context*, parser_node*, void*), void*) (parse_tree_cl.c:12940)
    by : pt_walk_private(parser_context*, parser_node*, void*) (parse_tree_cl.c:902)
    by : parser_walk_tree (parse_tree_cl.c:1011)
    by : mq_translate_helper(parser_context*, parser_node*) (view_transform.c:6267)
    by : mq_translate(parser_context*, parser_node*) (view_transform.c:6528)
    by : db_compile_statement_local(db_session*) (db_vdb.c:633)
    by : db_compile_statement (db_vdb.c:733)
    by : ux_prepare(char*, int, char, t_net_buf*, t_req_info*, unsigned int) (cas_execute.c:871)
    by : fn_prepare_internal(int, int, void**, t_net_buf*, t_req_info*, int*) (cas_function.c:374)
    by : fn_prepare(int, int, void**, t_net_buf*, t_req_info*) (cas_function.c:295)
    by : process_request(int, t_net_buf*, t_req_info*) (cas.c:1960)
    by : cas_main() (cas.c:1247)
    by : main (cas.c:493)
 
 32,768 bytes in 1 blocks are possibly lost in loss record 285 of 300
    at : malloc (vg_replace_malloc.c:298)
    by : my_malloc(unsigned long) (lea_heap.c:125)
    by : sys_alloc(malloc_state*, unsigned long) (malloc_2_8_3.c:3612)
    by : mspace_malloc (malloc_2_8_3.c:4921)
    by : hl_lea_alloc(unsigned long, unsigned long) (lea_heap.c:342)
    by : db_ws_alloc(unsigned long) (quick_fit.c:112)
    by : db_private_alloc_debug(void*, unsigned long, bool, char const*, int) (memory_alloc.c:451)
    by : new_block(long) (set_object.c:219)
    by : col_expand_blocks(setobj*, long, long) (set_object.c:726)
    by : col_expand(setobj*, long) (set_object.c:773)
    by : col_new(long, int) (set_object.c:830)
    by : setobj_copy(setobj*) (set_object.c:4379)
    by : set_copy(db_set*) (set_object.c:2483)
    by : mr_setval_set_internal(db_value*, db_value const*, bool, DB_TYPE) (object_primitive.c:7550)
    by : mr_setval_sequence(db_value*, db_value const*, bool) (object_primitive.c:8088)
    by : pr_clone_value (object_primitive.c:2264)
    by : setobj_get_element(setobj*, int, db_value*) (set_object.c:5747)
    by : set_get_element(db_set*, int, db_value*) (set_object.c:2587)
    by : classobj_get_prop(db_set*, char const*, db_value*) (object_representation.c:174)
    by : classobj_make_class_constraints(db_set*, sm_attribute*, sm_class_constraint**) (class_object.c:3586)
    by : classobj_cache_class_constraints(sm_class*) (class_object.c:4140)
    by : sm_add_index(db_object*, DB_CONSTRAINT_TYPE, char const*, char const**, int const*, int const*, sm_predicate_info*, sm_function_info*, char const*) (schema_manager.c:13638)
    by : sm_add_constraint(db_object*, DB_CONSTRAINT_TYPE, char const*, char const**, int const*, int const*, int, sm_predicate_info*, sm_function_info*, char const*) (schema_manager.c:14408)
    by : create_or_drop_index_helper(parser_context*, char const*, bool, bool, parser_node*, parser_node*, parser_node*, parser_node*, int, int, parser_node*, parser_node*, db_object*, DO_INDEX) (execute_schema.c:2877)
    by : do_create_index(parser_context*, parser_node const*) (execute_schema.c:2959)
    by : do_execute_statement(parser_context*, parser_node*) (execute_statement.c:3580)
    by : db_execute_and_keep_statement_local(db_session*, int, db_query_result**) (db_vdb.c:1741)
    by : db_execute_and_keep_statement (db_vdb.c:2850)
    by : ux_execute_all(t_srv_handle*, char, int, int, int, void**, t_net_buf*, t_req_info*, cache_time*, int*) (cas_execute.c:1526)
    by : fn_execute_internal(int, int, void**, t_net_buf*, t_req_info*, int*) (cas_function.c:652)
    by : fn_execute(int, int, void**, t_net_buf*, t_req_info*) (cas_function.c:402)
    by : process_request(int, t_net_buf*, t_req_info*) (cas.c:1960)
    by : cas_main() (cas.c:1247)
    by : main (cas.c:493)
 
 98,304 bytes in 3 blocks are possibly lost in loss record 293 of 300
    at : malloc (vg_replace_malloc.c:298)
    by : my_malloc(unsigned long) (lea_heap.c:125)
    by : sys_alloc(malloc_state*, unsigned long) (malloc_2_8_3.c:3612)
    by : mspace_malloc (malloc_2_8_3.c:4921)
    by : hl_lea_alloc(unsigned long, unsigned long) (lea_heap.c:342)
    by : db_ws_alloc(unsigned long) (quick_fit.c:112)
    by : classobj_make_attribute(char const*, pr_type*, SM_NAME_SPACE) (class_object.c:4680)
    by : init_db_attribute_list(showstmt_metadata*) (show_meta.c:844)
    by : showstmt_metadata_init() (show_meta.c:946)
    by : boot_restart_client(boot_client_credential*) (boot_cl.c:1335)
    by : db_restart (db_admin.c:884)
    by : db_restart_ex (db_admin.c:944)
    by : ux_database_connect(char*, char*, char*, char**) (cas_execute.c:528)
    by : cas_main() (cas.c:1152)
    by : main (cas.c:493)
 
[LOGFILE] /home/qahome/qa_repository_test/memory_leak/memory_sql_10.2.0.7938-2cf06f6_20180531090752/memory_cub_cas_7289.log
 
 8 bytes in 1 blocks are possibly lost in loss record 15 of 288
    at : calloc (vg_replace_malloc.c:710)
    by : pt_add_lock_class(parser_context*, pt_class_locks*, parser_node*, lc_prefetch_flags) (compile.c:736)
    by : pt_find_lck_classes(parser_context*, parser_node*, void*, int*) (compile.c:837)
    by : pt_walk_private(parser_context*, parser_node*, void*) (parse_tree_cl.c:880)
    by : pt_apply_spec(parser_context*, parser_node*, parser_node* (*)(parser_context*, parser_node*, void*), void*) (parse_tree_cl.c:9399)
    by : pt_walk_private(parser_context*, parser_node*, void*) (parse_tree_cl.c:902)
    by : pt_apply_spec(parser_context*, parser_node*, parser_node* (*)(parser_context*, parser_node*, void*), void*) (parse_tree_cl.c:9399)
    by : pt_walk_private(parser_context*, parser_node*, void*) (parse_tree_cl.c:902)
    by : pt_apply_select(parser_context*, parser_node*, parser_node* (*)(parser_context*, parser_node*, void*), void*) (parse_tree_cl.c:14236)
    by : pt_walk_private(parser_context*, parser_node*, void*) (parse_tree_cl.c:902)
    by : parser_walk_tree (parse_tree_cl.c:1011)
    by : pt_class_pre_fetch (compile.c:545)
    by : sm_virtual_queries(parser_context*, db_object*) (schema_manager.c:6322)
    by : mq_fetch_attributes(parser_context*, parser_node*) (view_transform.c:10109)
    by : mq_substitute_select_in_statement(parser_context*, parser_node*, parser_node*, parser_node*) (view_transform.c:1237)
    by : mq_substitute_subquery_in_statement(parser_context*, parser_node*, parser_node*, parser_node*, parser_node*, int) (view_transform.c:1902)
    by : mq_substitute_subquery_list_in_statement(parser_context*, parser_node*, parser_node*, parser_node*, parser_node*, int) (view_transform.c:2124)
    by : mq_translate_tree(parser_context*, parser_node*, parser_node*, parser_node*, int) (view_transform.c:2446)
    by : mq_translate_select(parser_context*, parser_node*) (view_transform.c:3832)
    by : mq_translate_local(parser_context*, parser_node*, void*, int*) (view_transform.c:4772)
    by : pt_walk_private(parser_context*, parser_node*, void*) (parse_tree_cl.c:932)
    by : parser_walk_tree (parse_tree_cl.c:1011)
    by : mq_translate_helper(parser_context*, parser_node*) (view_transform.c:6220)
    by : mq_translate(parser_context*, parser_node*) (view_transform.c:6528)
    by : db_compile_statement_local(db_session*) (db_vdb.c:633)
    by : db_compile_statement (db_vdb.c:733)
    by : ux_prepare(char*, int, char, t_net_buf*, t_req_info*, unsigned int) (cas_execute.c:871)
    by : fn_prepare_internal(int, int, void**, t_net_buf*, t_req_info*, int*) (cas_function.c:374)
    by : fn_prepare(int, int, void**, t_net_buf*, t_req_info*) (cas_function.c:295)
    by : process_request(int, t_net_buf*, t_req_info*) (cas.c:1960)
    by : cas_main() (cas.c:1247)
    by : main (cas.c:493)
 
 8 bytes in 1 blocks are possibly lost in loss record 16 of 288
    at : calloc (vg_replace_malloc.c:710)
    by : pt_add_lock_class(parser_context*, pt_class_locks*, parser_node*, lc_prefetch_flags) (compile.c:736)
    by : pt_find_lck_classes(parser_context*, parser_node*, void*, int*) (compile.c:837)
    by : pt_walk_private(parser_context*, parser_node*, void*) (parse_tree_cl.c:880)
    by : pt_apply_spec(parser_context*, parser_node*, parser_node* (*)(parser_context*, parser_node*, void*), void*) (parse_tree_cl.c:9399)
    by : pt_walk_private(parser_context*, parser_node*, void*) (parse_tree_cl.c:902)
    by : pt_apply_select(parser_context*, parser_node*, parser_node* (*)(parser_context*, parser_node*, void*), void*) (parse_tree_cl.c:14236)
    by : pt_walk_private(parser_context*, parser_node*, void*) (parse_tree_cl.c:902)
    by : parser_walk_tree (parse_tree_cl.c:1011)
    by : pt_class_pre_fetch (compile.c:545)
    by : sm_virtual_queries(parser_context*, db_object*) (schema_manager.c:6322)
    by : mq_fetch_attributes(parser_context*, parser_node*) (view_transform.c:10109)
    by : mq_substitute_select_in_statement(parser_context*, parser_node*, parser_node*, parser_node*) (view_transform.c:1237)
    by : mq_substitute_subquery_in_statement(parser_context*, parser_node*, parser_node*, parser_node*, parser_node*, int) (view_transform.c:1803)
    by : mq_substitute_subquery_list_in_statement(parser_context*, parser_node*, parser_node*, parser_node*, parser_node*, int) (view_transform.c:2124)
    by : mq_translate_tree(parser_context*, parser_node*, parser_node*, parser_node*, int) (view_transform.c:2446)
    by : mq_translate_select(parser_context*, parser_node*) (view_transform.c:3832)
    by : mq_translate_local(parser_context*, parser_node*, void*, int*) (view_transform.c:4772)
    by : pt_walk_private(parser_context*, parser_node*, void*) (parse_tree_cl.c:932)
    by : pt_apply_node_list(parser_context*, parser_node*, parser_node* (*)(parser_context*, parser_node*, void*), void*) (parse_tree_cl.c:17194)
    by : pt_walk_private(parser_context*, parser_node*, void*) (parse_tree_cl.c:902)
    by : pt_apply_insert(parser_context*, parser_node*, parser_node* (*)(parser_context*, parser_node*, void*), void*) (parse_tree_cl.c:12940)
    by : pt_walk_private(parser_context*, parser_node*, void*) (parse_tree_cl.c:902)
    by : parser_walk_tree (parse_tree_cl.c:1011)
    by : mq_translate_helper(parser_context*, parser_node*) (view_transform.c:6267)
    by : mq_translate(parser_context*, parser_node*) (view_transform.c:6528)
    by : db_compile_statement_local(db_session*) (db_vdb.c:633)
    by : db_compile_statement (db_vdb.c:733)
    by : ux_prepare(char*, int, char, t_net_buf*, t_req_info*, unsigned int) (cas_execute.c:871)
    by : fn_prepare_internal(int, int, void**, t_net_buf*, t_req_info*, int*) (cas_function.c:374)
    by : fn_prepare(int, int, void**, t_net_buf*, t_req_info*) (cas_function.c:295)
    by : process_request(int, t_net_buf*, t_req_info*) (cas.c:1960)
    by : cas_main() (cas.c:1247)
    by : main (cas.c:493)
 
 9 bytes in 1 blocks are possibly lost in loss record 17 of 288
    at : calloc (vg_replace_malloc.c:710)
    by : pt_add_lock_class(parser_context*, pt_class_locks*, parser_node*, lc_prefetch_flags) (compile.c:736)
    by : pt_find_lck_classes(parser_context*, parser_node*, void*, int*) (compile.c:837)
    by : pt_walk_private(parser_context*, parser_node*, void*) (parse_tree_cl.c:880)
    by : pt_apply_select(parser_context*, parser_node*, parser_node* (*)(parser_context*, parser_node*, void*), void*) (parse_tree_cl.c:14236)
    by : pt_walk_private(parser_context*, parser_node*, void*) (parse_tree_cl.c:902)
    by : pt_apply_expr(parser_context*, parser_node*, parser_node* (*)(parser_context*, parser_node*, void*), void*) (parse_tree_cl.c:9878)
    by : pt_walk_private(parser_context*, parser_node*, void*) (parse_tree_cl.c:902)
    by : pt_walk_private(parser_context*, parser_node*, void*) (parse_tree_cl.c:914)
    by : pt_walk_private(parser_context*, parser_node*, void*) (parse_tree_cl.c:914)
    by : pt_walk_private(parser_context*, parser_node*, void*) (parse_tree_cl.c:920)
    by : pt_apply_select(parser_context*, parser_node*, parser_node* (*)(parser_context*, parser_node*, void*), void*) (parse_tree_cl.c:14237)
    by : pt_walk_private(parser_context*, parser_node*, void*) (parse_tree_cl.c:902)
    by : parser_walk_tree (parse_tree_cl.c:1011)
    by : pt_class_pre_fetch (compile.c:545)
    by : sm_virtual_queries(parser_context*, db_object*) (schema_manager.c:6322)
    by : mq_fetch_attributes(parser_context*, parser_node*) (view_transform.c:10109)
    by : mq_substitute_select_in_statement(parser_context*, parser_node*, parser_node*, parser_node*) (view_transform.c:1237)
    by : mq_substitute_subquery_in_statement(parser_context*, parser_node*, parser_node*, parser_node*, parser_node*, int) (view_transform.c:1902)
    by : mq_substitute_subquery_list_in_statement(parser_context*, parser_node*, parser_node*, parser_node*, parser_node*, int) (view_transform.c:2124)
    by : mq_translate_tree(parser_context*, parser_node*, parser_node*, parser_node*, int) (view_transform.c:2446)
    by : mq_translate_select(parser_context*, parser_node*) (view_transform.c:3832)
    by : mq_translate_local(parser_context*, parser_node*, void*, int*) (view_transform.c:4772)
    by : pt_walk_private(parser_context*, parser_node*, void*) (parse_tree_cl.c:932)
    by : parser_walk_tree (parse_tree_cl.c:1011)
    by : mq_translate_helper(parser_context*, parser_node*) (view_transform.c:6220)
    by : mq_translate(parser_context*, parser_node*) (view_transform.c:6528)
    by : db_compile_statement_local(db_session*) (db_vdb.c:633)
    by : db_compile_statement (db_vdb.c:733)
    by : ux_prepare(char*, int, char, t_net_buf*, t_req_info*, unsigned int) (cas_execute.c:871)
    by : fn_prepare_internal(int, int, void**, t_net_buf*, t_req_info*, int*) (cas_function.c:374)
    by : fn_prepare(int, int, void**, t_net_buf*, t_req_info*) (cas_function.c:295)
    by : process_request(int, t_net_buf*, t_req_info*) (cas.c:1960)
    by : cas_main() (cas.c:1247)
    by : main (cas.c:493)
 
 9 bytes in 1 blocks are possibly lost in loss record 18 of 288
    at : calloc (vg_replace_malloc.c:710)
    by : pt_add_lock_class(parser_context*, pt_class_locks*, parser_node*, lc_prefetch_flags) (compile.c:736)
    by : pt_find_lck_classes(parser_context*, parser_node*, void*, int*) (compile.c:837)
    by : pt_walk_private(parser_context*, parser_node*, void*) (parse_tree_cl.c:880)
    by : pt_apply_select(parser_context*, parser_node*, parser_node* (*)(parser_context*, parser_node*, void*), void*) (parse_tree_cl.c:14236)
    by : pt_walk_private(parser_context*, parser_node*, void*) (parse_tree_cl.c:902)
    by : pt_apply_expr(parser_context*, parser_node*, parser_node* (*)(parser_context*, parser_node*, void*), void*) (parse_tree_cl.c:9878)
    by : pt_walk_private(parser_context*, parser_node*, void*) (parse_tree_cl.c:902)
    by : pt_walk_private(parser_context*, parser_node*, void*) (parse_tree_cl.c:914)
    by : pt_walk_private(parser_context*, parser_node*, void*) (parse_tree_cl.c:914)
    by : pt_walk_private(parser_context*, parser_node*, void*) (parse_tree_cl.c:920)
    by : pt_apply_select(parser_context*, parser_node*, parser_node* (*)(parser_context*, parser_node*, void*), void*) (parse_tree_cl.c:14237)
    by : pt_walk_private(parser_context*, parser_node*, void*) (parse_tree_cl.c:902)
    by : parser_walk_tree (parse_tree_cl.c:1011)
    by : pt_class_pre_fetch (compile.c:545)
    by : sm_virtual_queries(parser_context*, db_object*) (schema_manager.c:6322)
    by : mq_fetch_attributes(parser_context*, parser_node*) (view_transform.c:10109)
    by : mq_substitute_select_in_statement(parser_context*, parser_node*, parser_node*, parser_node*) (view_transform.c:1237)
    by : mq_substitute_subquery_in_statement(parser_context*, parser_node*, parser_node*, parser_node*, parser_node*, int) (view_transform.c:1803)
    by : mq_substitute_subquery_list_in_statement(parser_context*, parser_node*, parser_node*, parser_node*, parser_node*, int) (view_transform.c:2124)
    by : mq_translate_tree(parser_context*, parser_node*, parser_node*, parser_node*, int) (view_transform.c:2446)
    by : mq_translate_select(parser_context*, parser_node*) (view_transform.c:3832)
    by : mq_translate_local(parser_context*, parser_node*, void*, int*) (view_transform.c:4772)
    by : pt_walk_private(parser_context*, parser_node*, void*) (parse_tree_cl.c:932)
    by : pt_apply_node_list(parser_context*, parser_node*, parser_node* (*)(parser_context*, parser_node*, void*), void*) (parse_tree_cl.c:17194)
    by : pt_walk_private(parser_context*, parser_node*, void*) (parse_tree_cl.c:902)
    by : pt_apply_insert(parser_context*, parser_node*, parser_node* (*)(parser_context*, parser_node*, void*), void*) (parse_tree_cl.c:12940)
    by : pt_walk_private(parser_context*, parser_node*, void*) (parse_tree_cl.c:902)
    by : parser_walk_tree (parse_tree_cl.c:1011)
    by : mq_translate_helper(parser_context*, parser_node*) (view_transform.c:6267)
    by : mq_translate(parser_context*, parser_node*) (view_transform.c:6528)
    by : db_compile_statement_local(db_session*) (db_vdb.c:633)
    by : db_compile_statement (db_vdb.c:733)
    by : ux_prepare(char*, int, char, t_net_buf*, t_req_info*, unsigned int) (cas_execute.c:871)
    by : fn_prepare_internal(int, int, void**, t_net_buf*, t_req_info*, int*) (cas_function.c:374)
    by : fn_prepare(int, int, void**, t_net_buf*, t_req_info*) (cas_function.c:295)
    by : process_request(int, t_net_buf*, t_req_info*) (cas.c:1960)
    by : cas_main() (cas.c:1247)
    by : main (cas.c:493)
 
 10 bytes in 1 blocks are possibly lost in loss record 20 of 288
    at : calloc (vg_replace_malloc.c:710)
    by : pt_add_lock_class(parser_context*, pt_class_locks*, parser_node*, lc_prefetch_flags) (compile.c:736)
    by : pt_find_lck_classes(parser_context*, parser_node*, void*, int*) (compile.c:837)
    by : pt_walk_private(parser_context*, parser_node*, void*) (parse_tree_cl.c:880)
    by : pt_apply_spec(parser_context*, parser_node*, parser_node* (*)(parser_context*, parser_node*, void*), void*) (parse_tree_cl.c:9399)
    by : pt_walk_private(parser_context*, parser_node*, void*) (parse_tree_cl.c:902)
    by : pt_apply_select(parser_context*, parser_node*, parser_node* (*)(parser_context*, parser_node*, void*), void*) (parse_tree_cl.c:14236)
    by : pt_walk_private(parser_context*, parser_node*, void*) (parse_tree_cl.c:902)
    by : parser_walk_tree (parse_tree_cl.c:1011)
    by : pt_class_pre_fetch (compile.c:545)
    by : sm_virtual_queries(parser_context*, db_object*) (schema_manager.c:6322)
    by : mq_fetch_attributes(parser_context*, parser_node*) (view_transform.c:10109)
    by : mq_substitute_select_in_statement(parser_context*, parser_node*, parser_node*, parser_node*) (view_transform.c:1237)
    by : mq_substitute_subquery_in_statement(parser_context*, parser_node*, parser_node*, parser_node*, parser_node*, int) (view_transform.c:1902)
    by : mq_substitute_subquery_list_in_statement(parser_context*, parser_node*, parser_node*, parser_node*, parser_node*, int) (view_transform.c:2124)
    by : mq_translate_tree(parser_context*, parser_node*, parser_node*, parser_node*, int) (view_transform.c:2446)
    by : mq_translate_select(parser_context*, parser_node*) (view_transform.c:3832)
    by : mq_translate_local(parser_context*, parser_node*, void*, int*) (view_transform.c:4772)
    by : pt_walk_private(parser_context*, parser_node*, void*) (parse_tree_cl.c:932)
    by : parser_walk_tree (parse_tree_cl.c:1011)
    by : mq_translate_helper(parser_context*, parser_node*) (view_transform.c:6220)
    by : mq_translate(parser_context*, parser_node*) (view_transform.c:6528)
    by : db_compile_statement_local(db_session*) (db_vdb.c:633)
    by : db_compile_statement (db_vdb.c:733)
    by : ux_prepare(char*, int, char, t_net_buf*, t_req_info*, unsigned int) (cas_execute.c:871)
    by : fn_prepare_internal(int, int, void**, t_net_buf*, t_req_info*, int*) (cas_function.c:374)
    by : fn_prepare(int, int, void**, t_net_buf*, t_req_info*) (cas_function.c:295)
    by : process_request(int, t_net_buf*, t_req_info*) (cas.c:1960)
    by : cas_main() (cas.c:1247)
    by : main (cas.c:493)
 
 10 bytes in 1 blocks are possibly lost in loss record 21 of 288
    at : calloc (vg_replace_malloc.c:710)
    by : pt_add_lock_class(parser_context*, pt_class_locks*, parser_node*, lc_prefetch_flags) (compile.c:736)
    by : pt_find_lck_classes(parser_context*, parser_node*, void*, int*) (compile.c:837)
    by : pt_walk_private(parser_context*, parser_node*, void*) (parse_tree_cl.c:880)
    by : pt_apply_select(parser_context*, parser_node*, parser_node* (*)(parser_context*, parser_node*, void*), void*) (parse_tree_cl.c:14236)
    by : pt_walk_private(parser_context*, parser_node*, void*) (parse_tree_cl.c:902)
    by : parser_walk_tree (parse_tree_cl.c:1011)
    by : pt_class_pre_fetch (compile.c:545)
    by : sm_virtual_queries(parser_context*, db_object*) (schema_manager.c:6322)
    by : mq_fetch_attributes(parser_context*, parser_node*) (view_transform.c:10109)
    by : mq_substitute_select_in_statement(parser_context*, parser_node*, parser_node*, parser_node*) (view_transform.c:1237)
    by : mq_substitute_subquery_in_statement(parser_context*, parser_node*, parser_node*, parser_node*, parser_node*, int) (view_transform.c:1803)
    by : mq_substitute_subquery_list_in_statement(parser_context*, parser_node*, parser_node*, parser_node*, parser_node*, int) (view_transform.c:2124)
    by : mq_translate_tree(parser_context*, parser_node*, parser_node*, parser_node*, int) (view_transform.c:2446)
    by : mq_translate_select(parser_context*, parser_node*) (view_transform.c:3832)
    by : mq_translate_local(parser_context*, parser_node*, void*, int*) (view_transform.c:4772)
    by : pt_walk_private(parser_context*, parser_node*, void*) (parse_tree_cl.c:932)
    by : pt_apply_node_list(parser_context*, parser_node*, parser_node* (*)(parser_context*, parser_node*, void*), void*) (parse_tree_cl.c:17194)
    by : pt_walk_private(parser_context*, parser_node*, void*) (parse_tree_cl.c:902)
    by : pt_apply_insert(parser_context*, parser_node*, parser_node* (*)(parser_context*, parser_node*, void*), void*) (parse_tree_cl.c:12940)
    by : pt_walk_private(parser_context*, parser_node*, void*) (parse_tree_cl.c:902)
    by : parser_walk_tree (parse_tree_cl.c:1011)
    by : mq_translate_helper(parser_context*, parser_node*) (view_transform.c:6267)
    by : mq_translate(parser_context*, parser_node*) (view_transform.c:6528)
    by : db_compile_statement_local(db_session*) (db_vdb.c:633)
    by : db_compile_statement (db_vdb.c:733)
    by : ux_prepare(char*, int, char, t_net_buf*, t_req_info*, unsigned int) (cas_execute.c:871)
    by : fn_prepare_internal(int, int, void**, t_net_buf*, t_req_info*, int*) (cas_function.c:374)
    by : fn_prepare(int, int, void**, t_net_buf*, t_req_info*) (cas_function.c:295)
    by : process_request(int, t_net_buf*, t_req_info*) (cas.c:1960)
    by : cas_main() (cas.c:1247)
    by : main (cas.c:493)
 
 14 bytes in 1 blocks are possibly lost in loss record 26 of 288
    at : calloc (vg_replace_malloc.c:710)
    by : pt_add_lock_class(parser_context*, pt_class_locks*, parser_node*, lc_prefetch_flags) (compile.c:736)
    by : pt_find_lck_classes(parser_context*, parser_node*, void*, int*) (compile.c:837)
    by : pt_walk_private(parser_context*, parser_node*, void*) (parse_tree_cl.c:880)
    by : pt_apply_select(parser_context*, parser_node*, parser_node* (*)(parser_context*, parser_node*, void*), void*) (parse_tree_cl.c:14236)
    by : pt_walk_private(parser_context*, parser_node*, void*) (parse_tree_cl.c:902)
    by : pt_apply_expr(parser_context*, parser_node*, parser_node* (*)(parser_context*, parser_node*, void*), void*) (parse_tree_cl.c:9877)
    by : pt_walk_private(parser_context*, parser_node*, void*) (parse_tree_cl.c:902)
    by : pt_apply_expr(parser_context*, parser_node*, parser_node* (*)(parser_context*, parser_node*, void*), void*) (parse_tree_cl.c:9878)
    by : pt_walk_private(parser_context*, parser_node*, void*) (parse_tree_cl.c:902)
    by : pt_apply_expr(parser_context*, parser_node*, parser_node* (*)(parser_context*, parser_node*, void*), void*) (parse_tree_cl.c:9877)
    by : pt_walk_private(parser_context*, parser_node*, void*) (parse_tree_cl.c:902)
    by : pt_walk_private(parser_context*, parser_node*, void*) (parse_tree_cl.c:920)
    by : pt_walk_private(parser_context*, parser_node*, void*) (parse_tree_cl.c:920)
    by : pt_walk_private(parser_context*, parser_node*, void*) (parse_tree_cl.c:920)
    by : pt_walk_private(parser_context*, parser_node*, void*) (parse_tree_cl.c:920)
    by : pt_walk_private(parser_context*, parser_node*, void*) (parse_tree_cl.c:920)
    by : pt_apply_select(parser_context*, parser_node*, parser_node* (*)(parser_context*, parser_node*, void*), void*) (parse_tree_cl.c:14235)
    by : pt_walk_private(parser_context*, parser_node*, void*) (parse_tree_cl.c:902)
    by : parser_walk_tree (parse_tree_cl.c:1011)
    by : pt_class_pre_fetch (compile.c:545)
    by : sm_virtual_queries(parser_context*, db_object*) (schema_manager.c:6322)
    by : mq_fetch_attributes(parser_context*, parser_node*) (view_transform.c:10109)
    by : mq_substitute_select_in_statement(parser_context*, parser_node*, parser_node*, parser_node*) (view_transform.c:1237)
    by : mq_substitute_subquery_in_statement(parser_context*, parser_node*, parser_node*, parser_node*, parser_node*, int) (view_transform.c:1803)
    by : mq_substitute_subquery_list_in_statement(parser_context*, parser_node*, parser_node*, parser_node*, parser_node*, int) (view_transform.c:2124)
    by : mq_translate_tree(parser_context*, parser_node*, parser_node*, parser_node*, int) (view_transform.c:2446)
    by : mq_translate_select(parser_context*, parser_node*) (view_transform.c:3832)
    by : mq_translate_local(parser_context*, parser_node*, void*, int*) (view_transform.c:4772)
    by : pt_walk_private(parser_context*, parser_node*, void*) (parse_tree_cl.c:932)
    by : pt_apply_node_list(parser_context*, parser_node*, parser_node* (*)(parser_context*, parser_node*, void*), void*) (parse_tree_cl.c:17194)
    by : pt_walk_private(parser_context*, parser_node*, void*) (parse_tree_cl.c:902)
    by : pt_apply_insert(parser_context*, parser_node*, parser_node* (*)(parser_context*, parser_node*, void*), void*) (parse_tree_cl.c:12940)
    by : pt_walk_private(parser_context*, parser_node*, void*) (parse_tree_cl.c:902)
    by : parser_walk_tree (parse_tree_cl.c:1011)
    by : mq_translate_helper(parser_context*, parser_node*) (view_transform.c:6267)
    by : mq_translate(parser_context*, parser_node*) (view_transform.c:6528)
    by : db_compile_statement_local(db_session*) (db_vdb.c:633)
    by : db_compile_statement (db_vdb.c:733)
    by : ux_prepare(char*, int, char, t_net_buf*, t_req_info*, unsigned int) (cas_execute.c:871)
    by : fn_prepare_internal(int, int, void**, t_net_buf*, t_req_info*, int*) (cas_function.c:374)
    by : fn_prepare(int, int, void**, t_net_buf*, t_req_info*) (cas_function.c:295)
    by : process_request(int, t_net_buf*, t_req_info*) (cas.c:1960)
    by : cas_main() (cas.c:1247)
    by : main (cas.c:493)
 
 14 bytes in 1 blocks are possibly lost in loss record 27 of 288
    at : calloc (vg_replace_malloc.c:710)
    by : pt_add_lock_class(parser_context*, pt_class_locks*, parser_node*, lc_prefetch_flags) (compile.c:736)
    by : pt_find_lck_classes(parser_context*, parser_node*, void*, int*) (compile.c:837)
    by : pt_walk_private(parser_context*, parser_node*, void*) (parse_tree_cl.c:880)
    by : pt_walk_private(parser_context*, parser_node*, void*) (parse_tree_cl.c:920)
    by : pt_apply_select(parser_context*, parser_node*, parser_node* (*)(parser_context*, parser_node*, void*), void*) (parse_tree_cl.c:14236)
    by : pt_walk_private(parser_context*, parser_node*, void*) (parse_tree_cl.c:902)
    by : parser_walk_tree (parse_tree_cl.c:1011)
    by : pt_class_pre_fetch (compile.c:545)
    by : sm_virtual_queries(parser_context*, db_object*) (schema_manager.c:6322)
    by : mq_fetch_attributes(parser_context*, parser_node*) (view_transform.c:10109)
    by : mq_substitute_select_in_statement(parser_context*, parser_node*, parser_node*, parser_node*) (view_transform.c:1237)
    by : mq_substitute_subquery_in_statement(parser_context*, parser_node*, parser_node*, parser_node*, parser_node*, int) (view_transform.c:1803)
    by : mq_substitute_subquery_list_in_statement(parser_context*, parser_node*, parser_node*, parser_node*, parser_node*, int) (view_transform.c:2124)
    by : mq_translate_tree(parser_context*, parser_node*, parser_node*, parser_node*, int) (view_transform.c:2446)
    by : mq_translate_select(parser_context*, parser_node*) (view_transform.c:3832)
    by : mq_translate_local(parser_context*, parser_node*, void*, int*) (view_transform.c:4772)
    by : pt_walk_private(parser_context*, parser_node*, void*) (parse_tree_cl.c:932)
    by : pt_apply_node_list(parser_context*, parser_node*, parser_node* (*)(parser_context*, parser_node*, void*), void*) (parse_tree_cl.c:17194)
    by : pt_walk_private(parser_context*, parser_node*, void*) (parse_tree_cl.c:902)
    by : pt_apply_insert(parser_context*, parser_node*, parser_node* (*)(parser_context*, parser_node*, void*), void*) (parse_tree_cl.c:12940)
    by : pt_walk_private(parser_context*, parser_node*, void*) (parse_tree_cl.c:902)
    by : parser_walk_tree (parse_tree_cl.c:1011)
    by : mq_translate_helper(parser_context*, parser_node*) (view_transform.c:6267)
    by : mq_translate(parser_context*, parser_node*) (view_transform.c:6528)
    by : db_compile_statement_local(db_session*) (db_vdb.c:633)
    by : db_compile_statement (db_vdb.c:733)
    by : ux_prepare(char*, int, char, t_net_buf*, t_req_info*, unsigned int) (cas_execute.c:871)
    by : fn_prepare_internal(int, int, void**, t_net_buf*, t_req_info*, int*) (cas_function.c:374)
    by : fn_prepare(int, int, void**, t_net_buf*, t_req_info*) (cas_function.c:295)
    by : process_request(int, t_net_buf*, t_req_info*) (cas.c:1960)
    by : cas_main() (cas.c:1247)
    by : main (cas.c:493)
 
 15 bytes in 1 blocks are possibly lost in loss record 29 of 288
    at : calloc (vg_replace_malloc.c:710)
    by : pt_add_lock_class(parser_context*, pt_class_locks*, parser_node*, lc_prefetch_flags) (compile.c:736)
    by : pt_find_lck_classes(parser_context*, parser_node*, void*, int*) (compile.c:837)
    by : pt_walk_private(parser_context*, parser_node*, void*) (parse_tree_cl.c:880)
    by : pt_apply_select(parser_context*, parser_node*, parser_node* (*)(parser_context*, parser_node*, void*), void*) (parse_tree_cl.c:14236)
    by : pt_walk_private(parser_context*, parser_node*, void*) (parse_tree_cl.c:902)
    by : parser_walk_tree (parse_tree_cl.c:1011)
    by : pt_class_pre_fetch (compile.c:545)
    by : sm_virtual_queries(parser_context*, db_object*) (schema_manager.c:6322)
    by : mq_fetch_attributes(parser_context*, parser_node*) (view_transform.c:10109)
    by : mq_substitute_select_in_statement(parser_context*, parser_node*, parser_node*, parser_node*) (view_transform.c:1237)
    by : mq_substitute_subquery_in_statement(parser_context*, parser_node*, parser_node*, parser_node*, parser_node*, int) (view_transform.c:1902)
    by : mq_substitute_subquery_list_in_statement(parser_context*, parser_node*, parser_node*, parser_node*, parser_node*, int) (view_transform.c:2124)
    by : mq_translate_tree(parser_context*, parser_node*, parser_node*, parser_node*, int) (view_transform.c:2446)
    by : mq_translate_select(parser_context*, parser_node*) (view_transform.c:3832)
    by : mq_translate_local(parser_context*, parser_node*, void*, int*) (view_transform.c:4772)
    by : pt_walk_private(parser_context*, parser_node*, void*) (parse_tree_cl.c:932)
    by : parser_walk_tree (parse_tree_cl.c:1011)
    by : mq_translate_helper(parser_context*, parser_node*) (view_transform.c:6220)
    by : mq_translate(parser_context*, parser_node*) (view_transform.c:6528)
    by : db_compile_statement_local(db_session*) (db_vdb.c:633)
    by : db_compile_statement (db_vdb.c:733)
    by : ux_prepare(char*, int, char, t_net_buf*, t_req_info*, unsigned int) (cas_execute.c:871)
    by : fn_prepare_internal(int, int, void**, t_net_buf*, t_req_info*, int*) (cas_function.c:374)
    by : fn_prepare(int, int, void**, t_net_buf*, t_req_info*) (cas_function.c:295)
    by : process_request(int, t_net_buf*, t_req_info*) (cas.c:1960)
    by : cas_main() (cas.c:1247)
    by : main (cas.c:493)
 
 104 bytes in 1 blocks are possibly lost in loss record 114 of 288
    at : malloc (vg_replace_malloc.c:298)
    by : pt_class_pre_fetch (compile.c:508)
    by : sm_virtual_queries(parser_context*, db_object*) (schema_manager.c:6322)
    by : mq_fetch_attributes(parser_context*, parser_node*) (view_transform.c:10109)
    by : mq_substitute_select_in_statement(parser_context*, parser_node*, parser_node*, parser_node*) (view_transform.c:1237)
    by : mq_substitute_subquery_in_statement(parser_context*, parser_node*, parser_node*, parser_node*, parser_node*, int) (view_transform.c:1902)
    by : mq_substitute_subquery_list_in_statement(parser_context*, parser_node*, parser_node*, parser_node*, parser_node*, int) (view_transform.c:2124)
    by : mq_translate_tree(parser_context*, parser_node*, parser_node*, parser_node*, int) (view_transform.c:2446)
    by : mq_translate_select(parser_context*, parser_node*) (view_transform.c:3832)
    by : mq_translate_local(parser_context*, parser_node*, void*, int*) (view_transform.c:4772)
    by : pt_walk_private(parser_context*, parser_node*, void*) (parse_tree_cl.c:932)
    by : parser_walk_tree (parse_tree_cl.c:1011)
    by : mq_translate_helper(parser_context*, parser_node*) (view_transform.c:6220)
    by : mq_translate(parser_context*, parser_node*) (view_transform.c:6528)
    by : db_compile_statement_local(db_session*) (db_vdb.c:633)
    by : db_compile_statement (db_vdb.c:733)
    by : ux_prepare(char*, int, char, t_net_buf*, t_req_info*, unsigned int) (cas_execute.c:871)
    by : fn_prepare_internal(int, int, void**, t_net_buf*, t_req_info*, int*) (cas_function.c:374)
    by : fn_prepare(int, int, void**, t_net_buf*, t_req_info*) (cas_function.c:295)
    by : process_request(int, t_net_buf*, t_req_info*) (cas.c:1960)
    by : cas_main() (cas.c:1247)
    by : main (cas.c:493)
 
 104 bytes in 1 blocks are possibly lost in loss record 115 of 288
    at : malloc (vg_replace_malloc.c:298)
    by : pt_class_pre_fetch (compile.c:508)
    by : sm_virtual_queries(parser_context*, db_object*) (schema_manager.c:6322)
    by : mq_fetch_attributes(parser_context*, parser_node*) (view_transform.c:10109)
    by : mq_substitute_select_in_statement(parser_context*, parser_node*, parser_node*, parser_node*) (view_transform.c:1237)
    by : mq_substitute_subquery_in_statement(parser_context*, parser_node*, parser_node*, parser_node*, parser_node*, int) (view_transform.c:1803)
    by : mq_substitute_subquery_list_in_statement(parser_context*, parser_node*, parser_node*, parser_node*, parser_node*, int) (view_transform.c:2124)
    by : mq_translate_tree(parser_context*, parser_node*, parser_node*, parser_node*, int) (view_transform.c:2446)
    by : mq_translate_select(parser_context*, parser_node*) (view_transform.c:3832)
    by : mq_translate_local(parser_context*, parser_node*, void*, int*) (view_transform.c:4772)
    by : pt_walk_private(parser_context*, parser_node*, void*) (parse_tree_cl.c:932)
    by : pt_apply_node_list(parser_context*, parser_node*, parser_node* (*)(parser_context*, parser_node*, void*), void*) (parse_tree_cl.c:17194)
    by : pt_walk_private(parser_context*, parser_node*, void*) (parse_tree_cl.c:902)
    by : pt_apply_insert(parser_context*, parser_node*, parser_node* (*)(parser_context*, parser_node*, void*), void*) (parse_tree_cl.c:12940)
    by : pt_walk_private(parser_context*, parser_node*, void*) (parse_tree_cl.c:902)
    by : parser_walk_tree (parse_tree_cl.c:1011)
    by : mq_translate_helper(parser_context*, parser_node*) (view_transform.c:6267)
    by : mq_translate(parser_context*, parser_node*) (view_transform.c:6528)
    by : db_compile_statement_local(db_session*) (db_vdb.c:633)
    by : db_compile_statement (db_vdb.c:733)
    by : ux_prepare(char*, int, char, t_net_buf*, t_req_info*, unsigned int) (cas_execute.c:871)
    by : fn_prepare_internal(int, int, void**, t_net_buf*, t_req_info*, int*) (cas_function.c:374)
    by : fn_prepare(int, int, void**, t_net_buf*, t_req_info*) (cas_function.c:295)
    by : process_request(int, t_net_buf*, t_req_info*) (cas.c:1960)
    by : cas_main() (cas.c:1247)
    by : main (cas.c:493)
 
 32,768 bytes in 1 blocks are possibly lost in loss record 256 of 288
    at : malloc (vg_replace_malloc.c:298)
    by : my_malloc(unsigned long) (lea_heap.c:125)
    by : sys_alloc(malloc_state*, unsigned long) (malloc_2_8_3.c:3612)
    by : mspace_malloc (malloc_2_8_3.c:4921)
    by : hl_lea_alloc(unsigned long, unsigned long) (lea_heap.c:342)
    by : db_ws_alloc(unsigned long) (quick_fit.c:112)
    by : db_private_alloc_debug(void*, unsigned long, bool, char const*, int) (memory_alloc.c:451)
    by : new_block(long) (set_object.c:219)
    by : realloc_block(db_value*, long) (set_object.c:249)
    by : col_expand_blocks(setobj*, long, long) (set_object.c:716)
    by : col_expand(setobj*, long) (set_object.c:773)
    by : col_new(long, int) (set_object.c:830)
    by : setobj_copy(setobj*) (set_object.c:4379)
    by : set_copy(db_set*) (set_object.c:2483)
    by : mr_setval_set_internal(db_value*, db_value const*, bool, DB_TYPE) (object_primitive.c:7550)
    by : mr_setval_sequence(db_value*, db_value const*, bool) (object_primitive.c:8088)
    by : pr_clone_value (object_primitive.c:2264)
    by : setobj_copy(setobj*) (set_object.c:4406)
    by : set_copy(db_set*) (set_object.c:2483)
    by : mr_setval_set_internal(db_value*, db_value const*, bool, DB_TYPE) (object_primitive.c:7550)
    by : mr_setval_sequence(db_value*, db_value const*, bool) (object_primitive.c:8088)
    by : pr_clone_value (object_primitive.c:2264)
    by : assign_set_value(setobj*, db_value*, db_value*, bool) (set_object.c:4742)
    by : setobj_put_element(setobj*, int, db_value*) (set_object.c:5837)
    by : set_put_element(db_set*, int, db_value*) (set_object.c:2730)
    by : classobj_put_prop(db_set*, char const*, db_value*) (class_object.c:360)
    by : classobj_put_index_id(db_set**, SM_CONSTRAINT_TYPE, char const*, sm_attribute**, int const*, int const*, btid const*, sm_predicate_info*, sm_foreign_key_info*, char*, sm_function_info*, char const*) (class_object.c:1666)
    by : classobj_copy_props(db_set*, db_object*, db_set**) (class_object.c:624)
    by : classobj_make_template(char const*, db_object*, sm_class*) (class_object.c:6551)
    by : sm_delete_class_mop(db_object*, bool) (schema_manager.c:13085)
    by : db_drop_class_ex (db_class.c:134)
    by : drop_class_name(char const*, bool) (execute_schema.c:2282)
    by : do_drop(parser_context*, parser_node*) (execute_schema.c:2335)
    by : do_check_internal_statements(parser_context*, parser_node*, int (*)(parser_context*, parser_node*)) (execute_statement.c:3869)
    by : do_execute_statement(parser_context*, parser_node*) (execute_statement.c:3614)
    by : db_execute_and_keep_statement_local(db_session*, int, db_query_result**) (db_vdb.c:1741)
    by : db_execute_and_keep_statement (db_vdb.c:2850)
    by : ux_execute_all(t_srv_handle*, char, int, int, int, void**, t_net_buf*, t_req_info*, cache_time*, int*) (cas_execute.c:1526)
    by : fn_execute_internal(int, int, void**, t_net_buf*, t_req_info*, int*) (cas_function.c:652)
    by : fn_execute(int, int, void**, t_net_buf*, t_req_info*) (cas_function.c:402)
    by : process_request(int, t_net_buf*, t_req_info*) (cas.c:1960)
    by : cas_main() (cas.c:1247)
    by : main (cas.c:493)
 
 32,768 bytes in 1 blocks are possibly lost in loss record 257 of 288
    at : malloc (vg_replace_malloc.c:298)
    by : my_malloc(unsigned long) (lea_heap.c:125)
    by : sys_alloc(malloc_state*, unsigned long) (malloc_2_8_3.c:3612)
    by : mspace_malloc (malloc_2_8_3.c:4921)
    by : hl_lea_alloc(unsigned long, unsigned long) (lea_heap.c:342)
    by : db_ws_alloc(unsigned long) (quick_fit.c:112)
    by : db_private_alloc_debug(void*, unsigned long, bool, char const*, int) (memory_alloc.c:451)
    by : new_block(long) (set_object.c:219)
    by : realloc_block(db_value*, long) (set_object.c:249)
    by : col_expand_blocks(setobj*, long, long) (set_object.c:716)
    by : col_expand(setobj*, long) (set_object.c:773)
    by : col_new(long, int) (set_object.c:830)
    by : setobj_copy(setobj*) (set_object.c:4379)
    by : set_copy(db_set*) (set_object.c:2483)
    by : mr_setval_set_internal(db_value*, db_value const*, bool, DB_TYPE) (object_primitive.c:7550)
    by : mr_setval_sequence(db_value*, db_value const*, bool) (object_primitive.c:8088)
    by : pr_clone_value (object_primitive.c:2264)
    by : setobj_copy(setobj*) (set_object.c:4406)
    by : set_copy(db_set*) (set_object.c:2483)
    by : mr_setval_set_internal(db_value*, db_value const*, bool, DB_TYPE) (object_primitive.c:7550)
    by : mr_setval_sequence(db_value*, db_value const*, bool) (object_primitive.c:8088)
    by : pr_clone_value (object_primitive.c:2264)
    by : setobj_copy(setobj*) (set_object.c:4406)
    by : set_copy(db_set*) (set_object.c:2483)
    by : mr_setval_set_internal(db_value*, db_value const*, bool, DB_TYPE) (object_primitive.c:7550)
    by : mr_setval_sequence(db_value*, db_value const*, bool) (object_primitive.c:8088)
    by : pr_clone_value (object_primitive.c:2264)
    by : assign_set_value(setobj*, db_value*, db_value*, bool) (set_object.c:4742)
    by : setobj_put_element(setobj*, int, db_value*) (set_object.c:5837)
    by : set_put_element(db_set*, int, db_value*) (set_object.c:2730)
    by : classobj_put_prop(db_set*, char const*, db_value*) (class_object.c:360)
    by : classobj_put_index_id(db_set**, SM_CONSTRAINT_TYPE, char const*, sm_attribute**, int const*, int const*, btid const*, sm_predicate_info*, sm_foreign_key_info*, char*, sm_function_info*, char const*) (class_object.c:1666)
    by : sm_add_index(db_object*, DB_CONSTRAINT_TYPE, char const*, char const**, int const*, int const*, sm_predicate_info*, sm_function_info*, char const*) (schema_manager.c:13631)
    by : sm_add_constraint(db_object*, DB_CONSTRAINT_TYPE, char const*, char const**, int const*, int const*, int, sm_predicate_info*, sm_function_info*, char const*) (schema_manager.c:14408)
    by : create_or_drop_index_helper(parser_context*, char const*, bool, bool, parser_node*, parser_node*, parser_node*, parser_node*, int, int, parser_node*, parser_node*, db_object*, DO_INDEX) (execute_schema.c:2877)
    by : do_create_index(parser_context*, parser_node const*) (execute_schema.c:2959)
    by : do_execute_statement(parser_context*, parser_node*) (execute_statement.c:3580)
    by : db_execute_and_keep_statement_local(db_session*, int, db_query_result**) (db_vdb.c:1741)
    by : db_execute_and_keep_statement (db_vdb.c:2850)
    by : ux_execute_all(t_srv_handle*, char, int, int, int, void**, t_net_buf*, t_req_info*, cache_time*, int*) (cas_execute.c:1526)
    by : fn_execute_internal(int, int, void**, t_net_buf*, t_req_info*, int*) (cas_function.c:652)
    by : fn_execute(int, int, void**, t_net_buf*, t_req_info*) (cas_function.c:402)
    by : process_request(int, t_net_buf*, t_req_info*) (cas.c:1960)
    by : cas_main() (cas.c:1247)
    by : main (cas.c:493)
 
 98,304 bytes in 3 blocks are possibly lost in loss record 269 of 288
    at : malloc (vg_replace_malloc.c:298)
    by : my_malloc(unsigned long) (lea_heap.c:125)
    by : sys_alloc(malloc_state*, unsigned long) (malloc_2_8_3.c:3612)
    by : mspace_malloc (malloc_2_8_3.c:4921)
    by : hl_lea_alloc(unsigned long, unsigned long) (lea_heap.c:342)
    by : db_ws_alloc(unsigned long) (quick_fit.c:112)
    by : classobj_make_attribute(char const*, pr_type*, SM_NAME_SPACE) (class_object.c:4680)
    by : init_db_attribute_list(showstmt_metadata*) (show_meta.c:844)
    by : showstmt_metadata_init() (show_meta.c:946)
    by : boot_restart_client(boot_client_credential*) (boot_cl.c:1335)
    by : db_restart (db_admin.c:884)
    by : db_restart_ex (db_admin.c:944)
    by : ux_database_connect(char*, char*, char*, char**) (cas_execute.c:528)
    by : cas_main() (cas.c:1152)
    by : main (cas.c:493)
 
