[LOGFILE] /home/qahome/qa_repository_test/memory_leak/memory_sql_10.2.0.7929-532a9f5_20180522153500/memory_cub_cas_17008.log
 
 65,536 bytes in 2 blocks are possibly lost in loss record 124 of 131
    at : malloc (vg_replace_malloc.c:298)
    by : my_malloc(unsigned long) (lea_heap.c:125)
    by : sys_alloc(malloc_state*, unsigned long) (malloc_2_8_3.c:3612)
    by : mspace_malloc (malloc_2_8_3.c:4921)
    by : hl_lea_alloc(unsigned long, unsigned long) (lea_heap.c:342)
    by : db_ws_alloc(unsigned long) (quick_fit.c:112)
    by : classobj_make_attribute(char const*, pr_type*, SM_NAME_SPACE) (class_object.c:4680)
    by : init_db_attribute_list(showstmt_metadata*) (show_meta.c:844)
    by : showstmt_metadata_init() (show_meta.c:946)
    by : boot_restart_client(boot_client_credential*) (boot_cl.c:1335)
    by : db_restart (db_admin.c:884)
    by : db_restart_ex (db_admin.c:944)
    by : ux_database_connect(char*, char*, char*, char**) (cas_execute.c:528)
    by : cas_main() (cas.c:1152)
    by : main (cas.c:493)
 
[LOGFILE] /home/qahome/qa_repository_test/memory_leak/memory_sql_10.2.0.7929-532a9f5_20180522153500/memory_cub_cas_17009.log
 
 8 bytes in 1 blocks are possibly lost in loss record 11 of 221
    at : calloc (vg_replace_malloc.c:710)
    by : pt_add_lock_class(parser_context*, pt_class_locks*, parser_node*, lc_prefetch_flags) (compile.c:736)
    by : pt_find_lck_classes(parser_context*, parser_node*, void*, int*) (compile.c:837)
    by : pt_walk_private(parser_context*, parser_node*, void*) (parse_tree_cl.c:880)
    by : pt_apply_spec(parser_context*, parser_node*, parser_node* (*)(parser_context*, parser_node*, void*), void*) (parse_tree_cl.c:9399)
    by : pt_walk_private(parser_context*, parser_node*, void*) (parse_tree_cl.c:902)
    by : pt_apply_select(parser_context*, parser_node*, parser_node* (*)(parser_context*, parser_node*, void*), void*) (parse_tree_cl.c:14236)
    by : pt_walk_private(parser_context*, parser_node*, void*) (parse_tree_cl.c:902)
    by : parser_walk_tree (parse_tree_cl.c:1011)
    by : pt_class_pre_fetch (compile.c:545)
    by : sm_virtual_queries(parser_context*, db_object*) (schema_manager.c:6322)
    by : mq_fetch_attributes(parser_context*, parser_node*) (view_transform.c:10109)
    by : mq_substitute_select_in_statement(parser_context*, parser_node*, parser_node*, parser_node*) (view_transform.c:1237)
    by : mq_substitute_subquery_in_statement(parser_context*, parser_node*, parser_node*, parser_node*, parser_node*, int) (view_transform.c:1902)
    by : mq_substitute_subquery_list_in_statement(parser_context*, parser_node*, parser_node*, parser_node*, parser_node*, int) (view_transform.c:2124)
    by : mq_translate_tree(parser_context*, parser_node*, parser_node*, parser_node*, int) (view_transform.c:2446)
    by : mq_translate_select(parser_context*, parser_node*) (view_transform.c:3832)
    by : mq_translate_local(parser_context*, parser_node*, void*, int*) (view_transform.c:4772)
    by : pt_walk_private(parser_context*, parser_node*, void*) (parse_tree_cl.c:932)
    by : parser_walk_tree (parse_tree_cl.c:1011)
    by : mq_translate_helper(parser_context*, parser_node*) (view_transform.c:6220)
    by : mq_translate(parser_context*, parser_node*) (view_transform.c:6528)
    by : db_compile_statement_local(db_session*) (db_vdb.c:633)
    by : db_compile_statement (db_vdb.c:733)
    by : ux_prepare(char*, int, char, t_net_buf*, t_req_info*, unsigned int) (cas_execute.c:871)
    by : fn_prepare_internal(int, int, void**, t_net_buf*, t_req_info*, int*) (cas_function.c:374)
    by : fn_prepare(int, int, void**, t_net_buf*, t_req_info*) (cas_function.c:295)
    by : process_request(int, t_net_buf*, t_req_info*) (cas.c:1960)
    by : cas_main() (cas.c:1247)
    by : main (cas.c:493)
 
 9 bytes in 1 blocks are possibly lost in loss record 12 of 221
    at : calloc (vg_replace_malloc.c:710)
    by : pt_add_lock_class(parser_context*, pt_class_locks*, parser_node*, lc_prefetch_flags) (compile.c:736)
    by : pt_find_lck_classes(parser_context*, parser_node*, void*, int*) (compile.c:837)
    by : pt_walk_private(parser_context*, parser_node*, void*) (parse_tree_cl.c:880)
    by : pt_apply_select(parser_context*, parser_node*, parser_node* (*)(parser_context*, parser_node*, void*), void*) (parse_tree_cl.c:14236)
    by : pt_walk_private(parser_context*, parser_node*, void*) (parse_tree_cl.c:902)
    by : pt_apply_expr(parser_context*, parser_node*, parser_node* (*)(parser_context*, parser_node*, void*), void*) (parse_tree_cl.c:9878)
    by : pt_walk_private(parser_context*, parser_node*, void*) (parse_tree_cl.c:902)
    by : pt_walk_private(parser_context*, parser_node*, void*) (parse_tree_cl.c:914)
    by : pt_walk_private(parser_context*, parser_node*, void*) (parse_tree_cl.c:914)
    by : pt_walk_private(parser_context*, parser_node*, void*) (parse_tree_cl.c:920)
    by : pt_walk_private(parser_context*, parser_node*, void*) (parse_tree_cl.c:920)
    by : pt_walk_private(parser_context*, parser_node*, void*) (parse_tree_cl.c:920)
    by : pt_apply_select(parser_context*, parser_node*, parser_node* (*)(parser_context*, parser_node*, void*), void*) (parse_tree_cl.c:14237)
    by : pt_walk_private(parser_context*, parser_node*, void*) (parse_tree_cl.c:902)
    by : parser_walk_tree (parse_tree_cl.c:1011)
    by : pt_class_pre_fetch (compile.c:545)
    by : sm_virtual_queries(parser_context*, db_object*) (schema_manager.c:6322)
    by : mq_fetch_attributes(parser_context*, parser_node*) (view_transform.c:10109)
    by : mq_substitute_select_in_statement(parser_context*, parser_node*, parser_node*, parser_node*) (view_transform.c:1237)
    by : mq_substitute_subquery_in_statement(parser_context*, parser_node*, parser_node*, parser_node*, parser_node*, int) (view_transform.c:1902)
    by : mq_substitute_subquery_list_in_statement(parser_context*, parser_node*, parser_node*, parser_node*, parser_node*, int) (view_transform.c:2124)
    by : mq_translate_tree(parser_context*, parser_node*, parser_node*, parser_node*, int) (view_transform.c:2446)
    by : mq_translate_select(parser_context*, parser_node*) (view_transform.c:3832)
    by : mq_translate_local(parser_context*, parser_node*, void*, int*) (view_transform.c:4772)
    by : pt_walk_private(parser_context*, parser_node*, void*) (parse_tree_cl.c:932)
    by : parser_walk_tree (parse_tree_cl.c:1011)
    by : mq_translate_helper(parser_context*, parser_node*) (view_transform.c:6220)
    by : mq_translate(parser_context*, parser_node*) (view_transform.c:6528)
    by : db_compile_statement_local(db_session*) (db_vdb.c:633)
    by : db_compile_statement (db_vdb.c:733)
    by : ux_prepare(char*, int, char, t_net_buf*, t_req_info*, unsigned int) (cas_execute.c:871)
    by : fn_prepare_internal(int, int, void**, t_net_buf*, t_req_info*, int*) (cas_function.c:374)
    by : fn_prepare(int, int, void**, t_net_buf*, t_req_info*) (cas_function.c:295)
    by : process_request(int, t_net_buf*, t_req_info*) (cas.c:1960)
    by : cas_main() (cas.c:1247)
    by : main (cas.c:493)
 
 10 bytes in 1 blocks are possibly lost in loss record 14 of 221
    at : calloc (vg_replace_malloc.c:710)
    by : pt_add_lock_class(parser_context*, pt_class_locks*, parser_node*, lc_prefetch_flags) (compile.c:736)
    by : pt_find_lck_classes(parser_context*, parser_node*, void*, int*) (compile.c:837)
    by : pt_walk_private(parser_context*, parser_node*, void*) (parse_tree_cl.c:880)
    by : pt_apply_select(parser_context*, parser_node*, parser_node* (*)(parser_context*, parser_node*, void*), void*) (parse_tree_cl.c:14236)
    by : pt_walk_private(parser_context*, parser_node*, void*) (parse_tree_cl.c:902)
    by : parser_walk_tree (parse_tree_cl.c:1011)
    by : pt_class_pre_fetch (compile.c:545)
    by : sm_virtual_queries(parser_context*, db_object*) (schema_manager.c:6322)
    by : mq_fetch_attributes(parser_context*, parser_node*) (view_transform.c:10109)
    by : mq_substitute_select_in_statement(parser_context*, parser_node*, parser_node*, parser_node*) (view_transform.c:1237)
    by : mq_substitute_subquery_in_statement(parser_context*, parser_node*, parser_node*, parser_node*, parser_node*, int) (view_transform.c:1902)
    by : mq_substitute_subquery_list_in_statement(parser_context*, parser_node*, parser_node*, parser_node*, parser_node*, int) (view_transform.c:2124)
    by : mq_translate_tree(parser_context*, parser_node*, parser_node*, parser_node*, int) (view_transform.c:2446)
    by : mq_translate_select(parser_context*, parser_node*) (view_transform.c:3832)
    by : mq_translate_local(parser_context*, parser_node*, void*, int*) (view_transform.c:4772)
    by : pt_walk_private(parser_context*, parser_node*, void*) (parse_tree_cl.c:932)
    by : parser_walk_tree (parse_tree_cl.c:1011)
    by : mq_translate_helper(parser_context*, parser_node*) (view_transform.c:6220)
    by : mq_translate(parser_context*, parser_node*) (view_transform.c:6528)
    by : db_compile_statement_local(db_session*) (db_vdb.c:633)
    by : db_compile_statement (db_vdb.c:733)
    by : ux_prepare(char*, int, char, t_net_buf*, t_req_info*, unsigned int) (cas_execute.c:871)
    by : fn_prepare_internal(int, int, void**, t_net_buf*, t_req_info*, int*) (cas_function.c:374)
    by : fn_prepare(int, int, void**, t_net_buf*, t_req_info*) (cas_function.c:295)
    by : process_request(int, t_net_buf*, t_req_info*) (cas.c:1960)
    by : cas_main() (cas.c:1247)
    by : main (cas.c:493)
 
 11 bytes in 1 blocks are possibly lost in loss record 15 of 221
    at : calloc (vg_replace_malloc.c:710)
    by : pt_add_lock_class(parser_context*, pt_class_locks*, parser_node*, lc_prefetch_flags) (compile.c:736)
    by : pt_find_lck_classes(parser_context*, parser_node*, void*, int*) (compile.c:837)
    by : pt_walk_private(parser_context*, parser_node*, void*) (parse_tree_cl.c:880)
    by : pt_walk_private(parser_context*, parser_node*, void*) (parse_tree_cl.c:920)
    by : pt_walk_private(parser_context*, parser_node*, void*) (parse_tree_cl.c:920)
    by : pt_apply_select(parser_context*, parser_node*, parser_node* (*)(parser_context*, parser_node*, void*), void*) (parse_tree_cl.c:14236)
    by : pt_walk_private(parser_context*, parser_node*, void*) (parse_tree_cl.c:902)
    by : parser_walk_tree (parse_tree_cl.c:1011)
    by : pt_class_pre_fetch (compile.c:545)
    by : sm_virtual_queries(parser_context*, db_object*) (schema_manager.c:6322)
    by : mq_fetch_attributes(parser_context*, parser_node*) (view_transform.c:10109)
    by : mq_substitute_select_in_statement(parser_context*, parser_node*, parser_node*, parser_node*) (view_transform.c:1237)
    by : mq_substitute_subquery_in_statement(parser_context*, parser_node*, parser_node*, parser_node*, parser_node*, int) (view_transform.c:1902)
    by : mq_substitute_subquery_list_in_statement(parser_context*, parser_node*, parser_node*, parser_node*, parser_node*, int) (view_transform.c:2124)
    by : mq_translate_tree(parser_context*, parser_node*, parser_node*, parser_node*, int) (view_transform.c:2446)
    by : mq_translate_select(parser_context*, parser_node*) (view_transform.c:3832)
    by : mq_translate_local(parser_context*, parser_node*, void*, int*) (view_transform.c:4772)
    by : pt_walk_private(parser_context*, parser_node*, void*) (parse_tree_cl.c:932)
    by : parser_walk_tree (parse_tree_cl.c:1011)
    by : mq_translate_helper(parser_context*, parser_node*) (view_transform.c:6220)
    by : mq_translate(parser_context*, parser_node*) (view_transform.c:6528)
    by : db_compile_statement_local(db_session*) (db_vdb.c:633)
    by : db_compile_statement (db_vdb.c:733)
    by : ux_prepare(char*, int, char, t_net_buf*, t_req_info*, unsigned int) (cas_execute.c:871)
    by : fn_prepare_internal(int, int, void**, t_net_buf*, t_req_info*, int*) (cas_function.c:374)
    by : fn_prepare(int, int, void**, t_net_buf*, t_req_info*) (cas_function.c:295)
    by : process_request(int, t_net_buf*, t_req_info*) (cas.c:1960)
    by : cas_main() (cas.c:1247)
    by : main (cas.c:493)
 
 12 bytes in 1 blocks are possibly lost in loss record 17 of 221
    at : calloc (vg_replace_malloc.c:710)
    by : pt_add_lock_class(parser_context*, pt_class_locks*, parser_node*, lc_prefetch_flags) (compile.c:736)
    by : pt_find_lck_classes(parser_context*, parser_node*, void*, int*) (compile.c:837)
    by : pt_walk_private(parser_context*, parser_node*, void*) (parse_tree_cl.c:880)
    by : pt_apply_select(parser_context*, parser_node*, parser_node* (*)(parser_context*, parser_node*, void*), void*) (parse_tree_cl.c:14236)
    by : pt_walk_private(parser_context*, parser_node*, void*) (parse_tree_cl.c:902)
    by : pt_apply_expr(parser_context*, parser_node*, parser_node* (*)(parser_context*, parser_node*, void*), void*) (parse_tree_cl.c:9878)
    by : pt_walk_private(parser_context*, parser_node*, void*) (parse_tree_cl.c:902)
    by : pt_walk_private(parser_context*, parser_node*, void*) (parse_tree_cl.c:920)
    by : pt_walk_private(parser_context*, parser_node*, void*) (parse_tree_cl.c:920)
    by : pt_walk_private(parser_context*, parser_node*, void*) (parse_tree_cl.c:920)
    by : pt_walk_private(parser_context*, parser_node*, void*) (parse_tree_cl.c:920)
    by : pt_walk_private(parser_context*, parser_node*, void*) (parse_tree_cl.c:920)
    by : pt_walk_private(parser_context*, parser_node*, void*) (parse_tree_cl.c:920)
    by : pt_walk_private(parser_context*, parser_node*, void*) (parse_tree_cl.c:920)
    by : pt_walk_private(parser_context*, parser_node*, void*) (parse_tree_cl.c:920)
    by : pt_walk_private(parser_context*, parser_node*, void*) (parse_tree_cl.c:920)
    by : pt_walk_private(parser_context*, parser_node*, void*) (parse_tree_cl.c:920)
    by : pt_apply_select(parser_context*, parser_node*, parser_node* (*)(parser_context*, parser_node*, void*), void*) (parse_tree_cl.c:14235)
    by : pt_walk_private(parser_context*, parser_node*, void*) (parse_tree_cl.c:902)
    by : parser_walk_tree (parse_tree_cl.c:1011)
    by : pt_class_pre_fetch (compile.c:545)
    by : sm_virtual_queries(parser_context*, db_object*) (schema_manager.c:6322)
    by : mq_fetch_attributes(parser_context*, parser_node*) (view_transform.c:10109)
    by : mq_substitute_select_in_statement(parser_context*, parser_node*, parser_node*, parser_node*) (view_transform.c:1237)
    by : mq_substitute_subquery_in_statement(parser_context*, parser_node*, parser_node*, parser_node*, parser_node*, int) (view_transform.c:1902)
    by : mq_substitute_subquery_list_in_statement(parser_context*, parser_node*, parser_node*, parser_node*, parser_node*, int) (view_transform.c:2124)
    by : mq_translate_tree(parser_context*, parser_node*, parser_node*, parser_node*, int) (view_transform.c:2446)
    by : mq_translate_select(parser_context*, parser_node*) (view_transform.c:3832)
    by : mq_translate_local(parser_context*, parser_node*, void*, int*) (view_transform.c:4772)
    by : pt_walk_private(parser_context*, parser_node*, void*) (parse_tree_cl.c:932)
    by : parser_walk_tree (parse_tree_cl.c:1011)
    by : mq_translate_helper(parser_context*, parser_node*) (view_transform.c:6220)
    by : mq_translate(parser_context*, parser_node*) (view_transform.c:6528)
    by : db_compile_statement_local(db_session*) (db_vdb.c:633)
    by : db_compile_statement (db_vdb.c:733)
    by : ux_prepare(char*, int, char, t_net_buf*, t_req_info*, unsigned int) (cas_execute.c:871)
    by : fn_prepare_internal(int, int, void**, t_net_buf*, t_req_info*, int*) (cas_function.c:374)
    by : fn_prepare(int, int, void**, t_net_buf*, t_req_info*) (cas_function.c:295)
    by : process_request(int, t_net_buf*, t_req_info*) (cas.c:1960)
    by : cas_main() (cas.c:1247)
    by : main (cas.c:493)
 
 14 bytes in 1 blocks are possibly lost in loss record 21 of 221
    at : calloc (vg_replace_malloc.c:710)
    by : pt_add_lock_class(parser_context*, pt_class_locks*, parser_node*, lc_prefetch_flags) (compile.c:736)
    by : pt_find_lck_classes(parser_context*, parser_node*, void*, int*) (compile.c:837)
    by : pt_walk_private(parser_context*, parser_node*, void*) (parse_tree_cl.c:880)
    by : pt_apply_select(parser_context*, parser_node*, parser_node* (*)(parser_context*, parser_node*, void*), void*) (parse_tree_cl.c:14236)
    by : pt_walk_private(parser_context*, parser_node*, void*) (parse_tree_cl.c:902)
    by : pt_apply_expr(parser_context*, parser_node*, parser_node* (*)(parser_context*, parser_node*, void*), void*) (parse_tree_cl.c:9878)
    by : pt_walk_private(parser_context*, parser_node*, void*) (parse_tree_cl.c:902)
    by : pt_walk_private(parser_context*, parser_node*, void*) (parse_tree_cl.c:920)
    by : pt_walk_private(parser_context*, parser_node*, void*) (parse_tree_cl.c:920)
    by : pt_walk_private(parser_context*, parser_node*, void*) (parse_tree_cl.c:920)
    by : pt_walk_private(parser_context*, parser_node*, void*) (parse_tree_cl.c:920)
    by : pt_walk_private(parser_context*, parser_node*, void*) (parse_tree_cl.c:920)
    by : pt_walk_private(parser_context*, parser_node*, void*) (parse_tree_cl.c:920)
    by : pt_walk_private(parser_context*, parser_node*, void*) (parse_tree_cl.c:920)
    by : pt_walk_private(parser_context*, parser_node*, void*) (parse_tree_cl.c:920)
    by : pt_walk_private(parser_context*, parser_node*, void*) (parse_tree_cl.c:920)
    by : pt_walk_private(parser_context*, parser_node*, void*) (parse_tree_cl.c:920)
    by : pt_walk_private(parser_context*, parser_node*, void*) (parse_tree_cl.c:920)
    by : pt_apply_select(parser_context*, parser_node*, parser_node* (*)(parser_context*, parser_node*, void*), void*) (parse_tree_cl.c:14235)
    by : pt_walk_private(parser_context*, parser_node*, void*) (parse_tree_cl.c:902)
    by : parser_walk_tree (parse_tree_cl.c:1011)
    by : pt_class_pre_fetch (compile.c:545)
    by : sm_virtual_queries(parser_context*, db_object*) (schema_manager.c:6322)
    by : mq_fetch_attributes(parser_context*, parser_node*) (view_transform.c:10109)
    by : mq_substitute_select_in_statement(parser_context*, parser_node*, parser_node*, parser_node*) (view_transform.c:1237)
    by : mq_substitute_subquery_in_statement(parser_context*, parser_node*, parser_node*, parser_node*, parser_node*, int) (view_transform.c:1902)
    by : mq_substitute_subquery_list_in_statement(parser_context*, parser_node*, parser_node*, parser_node*, parser_node*, int) (view_transform.c:2124)
    by : mq_translate_tree(parser_context*, parser_node*, parser_node*, parser_node*, int) (view_transform.c:2446)
    by : mq_translate_select(parser_context*, parser_node*) (view_transform.c:3832)
    by : mq_translate_local(parser_context*, parser_node*, void*, int*) (view_transform.c:4772)
    by : pt_walk_private(parser_context*, parser_node*, void*) (parse_tree_cl.c:932)
    by : parser_walk_tree (parse_tree_cl.c:1011)
    by : mq_translate_helper(parser_context*, parser_node*) (view_transform.c:6220)
    by : mq_translate(parser_context*, parser_node*) (view_transform.c:6528)
    by : db_compile_statement_local(db_session*) (db_vdb.c:633)
    by : db_compile_statement (db_vdb.c:733)
    by : ux_prepare(char*, int, char, t_net_buf*, t_req_info*, unsigned int) (cas_execute.c:871)
    by : fn_prepare_internal(int, int, void**, t_net_buf*, t_req_info*, int*) (cas_function.c:374)
    by : fn_prepare(int, int, void**, t_net_buf*, t_req_info*) (cas_function.c:295)
    by : process_request(int, t_net_buf*, t_req_info*) (cas.c:1960)
    by : cas_main() (cas.c:1247)
    by : main (cas.c:493)
 
 14 bytes in 1 blocks are possibly lost in loss record 22 of 221
    at : calloc (vg_replace_malloc.c:710)
    by : pt_add_lock_class(parser_context*, pt_class_locks*, parser_node*, lc_prefetch_flags) (compile.c:736)
    by : pt_find_lck_classes(parser_context*, parser_node*, void*, int*) (compile.c:837)
    by : pt_walk_private(parser_context*, parser_node*, void*) (parse_tree_cl.c:880)
    by : pt_walk_private(parser_context*, parser_node*, void*) (parse_tree_cl.c:920)
    by : pt_apply_select(parser_context*, parser_node*, parser_node* (*)(parser_context*, parser_node*, void*), void*) (parse_tree_cl.c:14236)
    by : pt_walk_private(parser_context*, parser_node*, void*) (parse_tree_cl.c:902)
    by : parser_walk_tree (parse_tree_cl.c:1011)
    by : pt_class_pre_fetch (compile.c:545)
    by : sm_virtual_queries(parser_context*, db_object*) (schema_manager.c:6322)
    by : mq_fetch_attributes(parser_context*, parser_node*) (view_transform.c:10109)
    by : mq_substitute_select_in_statement(parser_context*, parser_node*, parser_node*, parser_node*) (view_transform.c:1237)
    by : mq_substitute_subquery_in_statement(parser_context*, parser_node*, parser_node*, parser_node*, parser_node*, int) (view_transform.c:1902)
    by : mq_substitute_subquery_list_in_statement(parser_context*, parser_node*, parser_node*, parser_node*, parser_node*, int) (view_transform.c:2124)
    by : mq_translate_tree(parser_context*, parser_node*, parser_node*, parser_node*, int) (view_transform.c:2446)
    by : mq_translate_select(parser_context*, parser_node*) (view_transform.c:3832)
    by : mq_translate_local(parser_context*, parser_node*, void*, int*) (view_transform.c:4772)
    by : pt_walk_private(parser_context*, parser_node*, void*) (parse_tree_cl.c:932)
    by : parser_walk_tree (parse_tree_cl.c:1011)
    by : mq_translate_helper(parser_context*, parser_node*) (view_transform.c:6220)
    by : mq_translate(parser_context*, parser_node*) (view_transform.c:6528)
    by : db_compile_statement_local(db_session*) (db_vdb.c:633)
    by : db_compile_statement (db_vdb.c:733)
    by : ux_prepare(char*, int, char, t_net_buf*, t_req_info*, unsigned int) (cas_execute.c:871)
    by : fn_prepare_internal(int, int, void**, t_net_buf*, t_req_info*, int*) (cas_function.c:374)
    by : fn_prepare(int, int, void**, t_net_buf*, t_req_info*) (cas_function.c:295)
    by : process_request(int, t_net_buf*, t_req_info*) (cas.c:1960)
    by : cas_main() (cas.c:1247)
    by : main (cas.c:493)
 
 14 bytes in 1 blocks are possibly lost in loss record 23 of 221
    at : calloc (vg_replace_malloc.c:710)
    by : pt_add_lock_class(parser_context*, pt_class_locks*, parser_node*, lc_prefetch_flags) (compile.c:736)
    by : pt_find_lck_classes(parser_context*, parser_node*, void*, int*) (compile.c:837)
    by : pt_walk_private(parser_context*, parser_node*, void*) (parse_tree_cl.c:880)
    by : pt_walk_private(parser_context*, parser_node*, void*) (parse_tree_cl.c:920)
    by : pt_walk_private(parser_context*, parser_node*, void*) (parse_tree_cl.c:920)
    by : pt_walk_private(parser_context*, parser_node*, void*) (parse_tree_cl.c:920)
    by : pt_apply_select(parser_context*, parser_node*, parser_node* (*)(parser_context*, parser_node*, void*), void*) (parse_tree_cl.c:14236)
    by : pt_walk_private(parser_context*, parser_node*, void*) (parse_tree_cl.c:902)
    by : parser_walk_tree (parse_tree_cl.c:1011)
    by : pt_class_pre_fetch (compile.c:545)
    by : sm_virtual_queries(parser_context*, db_object*) (schema_manager.c:6322)
    by : mq_fetch_attributes(parser_context*, parser_node*) (view_transform.c:10109)
    by : mq_substitute_select_in_statement(parser_context*, parser_node*, parser_node*, parser_node*) (view_transform.c:1237)
    by : mq_substitute_subquery_in_statement(parser_context*, parser_node*, parser_node*, parser_node*, parser_node*, int) (view_transform.c:1902)
    by : mq_substitute_subquery_list_in_statement(parser_context*, parser_node*, parser_node*, parser_node*, parser_node*, int) (view_transform.c:2124)
    by : mq_translate_tree(parser_context*, parser_node*, parser_node*, parser_node*, int) (view_transform.c:2446)
    by : mq_translate_select(parser_context*, parser_node*) (view_transform.c:3832)
    by : mq_translate_local(parser_context*, parser_node*, void*, int*) (view_transform.c:4772)
    by : pt_walk_private(parser_context*, parser_node*, void*) (parse_tree_cl.c:932)
    by : parser_walk_tree (parse_tree_cl.c:1011)
    by : mq_translate_helper(parser_context*, parser_node*) (view_transform.c:6220)
    by : mq_translate(parser_context*, parser_node*) (view_transform.c:6528)
    by : db_compile_statement_local(db_session*) (db_vdb.c:633)
    by : db_compile_statement (db_vdb.c:733)
    by : ux_prepare(char*, int, char, t_net_buf*, t_req_info*, unsigned int) (cas_execute.c:871)
    by : fn_prepare_internal(int, int, void**, t_net_buf*, t_req_info*, int*) (cas_function.c:374)
    by : fn_prepare(int, int, void**, t_net_buf*, t_req_info*) (cas_function.c:295)
    by : process_request(int, t_net_buf*, t_req_info*) (cas.c:1960)
    by : cas_main() (cas.c:1247)
    by : main (cas.c:493)
 
 144 bytes in 1 blocks are possibly lost in loss record 110 of 221
    at : malloc (vg_replace_malloc.c:298)
    by : pt_class_pre_fetch (compile.c:508)
    by : sm_virtual_queries(parser_context*, db_object*) (schema_manager.c:6322)
    by : mq_fetch_attributes(parser_context*, parser_node*) (view_transform.c:10109)
    by : mq_substitute_select_in_statement(parser_context*, parser_node*, parser_node*, parser_node*) (view_transform.c:1237)
    by : mq_substitute_subquery_in_statement(parser_context*, parser_node*, parser_node*, parser_node*, parser_node*, int) (view_transform.c:1902)
    by : mq_substitute_subquery_list_in_statement(parser_context*, parser_node*, parser_node*, parser_node*, parser_node*, int) (view_transform.c:2124)
    by : mq_translate_tree(parser_context*, parser_node*, parser_node*, parser_node*, int) (view_transform.c:2446)
    by : mq_translate_select(parser_context*, parser_node*) (view_transform.c:3832)
    by : mq_translate_local(parser_context*, parser_node*, void*, int*) (view_transform.c:4772)
    by : pt_walk_private(parser_context*, parser_node*, void*) (parse_tree_cl.c:932)
    by : parser_walk_tree (parse_tree_cl.c:1011)
    by : mq_translate_helper(parser_context*, parser_node*) (view_transform.c:6220)
    by : mq_translate(parser_context*, parser_node*) (view_transform.c:6528)
    by : db_compile_statement_local(db_session*) (db_vdb.c:633)
    by : db_compile_statement (db_vdb.c:733)
    by : ux_prepare(char*, int, char, t_net_buf*, t_req_info*, unsigned int) (cas_execute.c:871)
    by : fn_prepare_internal(int, int, void**, t_net_buf*, t_req_info*, int*) (cas_function.c:374)
    by : fn_prepare(int, int, void**, t_net_buf*, t_req_info*) (cas_function.c:295)
    by : process_request(int, t_net_buf*, t_req_info*) (cas.c:1960)
    by : cas_main() (cas.c:1247)
    by : main (cas.c:493)
 
 98,304 bytes in 3 blocks are possibly lost in loss record 214 of 221
    at : malloc (vg_replace_malloc.c:298)
    by : my_malloc(unsigned long) (lea_heap.c:125)
    by : sys_alloc(malloc_state*, unsigned long) (malloc_2_8_3.c:3612)
    by : mspace_malloc (malloc_2_8_3.c:4921)
    by : hl_lea_alloc(unsigned long, unsigned long) (lea_heap.c:342)
    by : db_ws_alloc(unsigned long) (quick_fit.c:112)
    by : classobj_make_attribute(char const*, pr_type*, SM_NAME_SPACE) (class_object.c:4680)
    by : init_db_attribute_list(showstmt_metadata*) (show_meta.c:844)
    by : showstmt_metadata_init() (show_meta.c:946)
    by : boot_restart_client(boot_client_credential*) (boot_cl.c:1335)
    by : db_restart (db_admin.c:884)
    by : db_restart_ex (db_admin.c:944)
    by : ux_database_connect(char*, char*, char*, char**) (cas_execute.c:528)
    by : cas_main() (cas.c:1152)
    by : main (cas.c:493)
 
