[LOGFILE] /home/qahome/qa_repository_test/memory_leak/memory_medium_10.2.0.7944-68bf8f1_20180606225642/memory_cub_cas_11843.log
 
 65,536 bytes in 2 blocks are possibly lost in loss record 124 of 131
    at : malloc (vg_replace_malloc.c)
    by : my_malloc(unsigned long) (lea_heap.c)
    by : sys_alloc(malloc_state*, unsigned long) (malloc_2_8_3.c)
    by : mspace_malloc (malloc_2_8_3.c)
    by : hl_lea_alloc(unsigned long, unsigned long) (lea_heap.c)
    by : db_ws_alloc(unsigned long) (quick_fit.c)
    by : classobj_make_attribute(char const*, pr_type*, SM_NAME_SPACE) (class_object.c)
    by : init_db_attribute_list(showstmt_metadata*) (show_meta.c)
    by : showstmt_metadata_init() (show_meta.c)
    by : boot_restart_client(boot_client_credential*) (boot_cl.c)
    by : db_restart (db_admin.c)
    by : db_restart_ex (db_admin.c)
    by : ux_database_connect(char*, char*, char*, char**) (cas_execute.c)
    by : cas_main() (cas.c)
    by : main (cas.c)
 
[LOGFILE] /home/qahome/qa_repository_test/memory_leak/memory_medium_10.2.0.7944-68bf8f1_20180606225642/memory_cub_cas_11844.log
 
 26 bytes in 3 blocks are possibly lost in loss record 28 of 449
    at : calloc (vg_replace_malloc.c)
    by : pt_add_lock_class(parser_context*, pt_class_locks*, parser_node*, lc_prefetch_flags) (compile.c)
    by : pt_find_lck_classes(parser_context*, parser_node*, void*, int*) (compile.c)
    by : pt_walk_private(parser_context*, parser_node*, void*) (parse_tree_cl.c)
    by : pt_apply_select(parser_context*, parser_node*, parser_node* (*)(parser_context*, parser_node*, void*), void*) (parse_tree_cl.c)
    by : pt_walk_private(parser_context*, parser_node*, void*) (parse_tree_cl.c)
    by : parser_walk_tree (parse_tree_cl.c)
    by : pt_class_pre_fetch (compile.c)
    by : sm_virtual_queries(parser_context*, db_object*) (schema_manager.c)
    by : mq_fetch_attributes(parser_context*, parser_node*) (view_transform.c)
    by : mq_substitute_select_in_statement(parser_context*, parser_node*, parser_node*, parser_node*) (view_transform.c)
    by : mq_substitute_subquery_in_statement(parser_context*, parser_node*, parser_node*, parser_node*, parser_node*, int) (view_transform.c)
    by : mq_substitute_subquery_list_in_statement(parser_context*, parser_node*, parser_node*, parser_node*, parser_node*, int) (view_transform.c)
    by : mq_translate_tree(parser_context*, parser_node*, parser_node*, parser_node*, int) (view_transform.c)
    by : mq_translate_select(parser_context*, parser_node*) (view_transform.c)
    by : mq_translate_local(parser_context*, parser_node*, void*, int*) (view_transform.c)
    by : pt_walk_private(parser_context*, parser_node*, void*) (parse_tree_cl.c)
    by : parser_walk_tree (parse_tree_cl.c)
    by : mq_translate_helper(parser_context*, parser_node*) (view_transform.c)
    by : mq_translate(parser_context*, parser_node*) (view_transform.c)
    by : db_compile_statement_local(db_session*) (db_vdb.c)
    by : db_compile_statement (db_vdb.c)
    by : ux_prepare(char*, int, char, t_net_buf*, t_req_info*, unsigned int) (cas_execute.c)
    by : fn_prepare_internal(int, int, void**, t_net_buf*, t_req_info*, int*) (cas_function.c)
    by : fn_prepare(int, int, void**, t_net_buf*, t_req_info*) (cas_function.c)
    by : process_request(int, t_net_buf*, t_req_info*) (cas.c)
    by : cas_main() (cas.c)
    by : main (cas.c)
 
 48 bytes in 3 blocks are possibly lost in loss record 50 of 449
    at : malloc (vg_replace_malloc.c)
    by : pt_class_pre_fetch (compile.c)
    by : sm_virtual_queries(parser_context*, db_object*) (schema_manager.c)
    by : mq_fetch_attributes(parser_context*, parser_node*) (view_transform.c)
    by : mq_substitute_select_in_statement(parser_context*, parser_node*, parser_node*, parser_node*) (view_transform.c)
    by : mq_substitute_subquery_in_statement(parser_context*, parser_node*, parser_node*, parser_node*, parser_node*, int) (view_transform.c)
    by : mq_substitute_subquery_list_in_statement(parser_context*, parser_node*, parser_node*, parser_node*, parser_node*, int) (view_transform.c)
    by : mq_translate_tree(parser_context*, parser_node*, parser_node*, parser_node*, int) (view_transform.c)
    by : mq_translate_select(parser_context*, parser_node*) (view_transform.c)
    by : mq_translate_local(parser_context*, parser_node*, void*, int*) (view_transform.c)
    by : pt_walk_private(parser_context*, parser_node*, void*) (parse_tree_cl.c)
    by : parser_walk_tree (parse_tree_cl.c)
    by : mq_translate_helper(parser_context*, parser_node*) (view_transform.c)
    by : mq_translate(parser_context*, parser_node*) (view_transform.c)
    by : db_compile_statement_local(db_session*) (db_vdb.c)
    by : db_compile_statement (db_vdb.c)
    by : ux_prepare(char*, int, char, t_net_buf*, t_req_info*, unsigned int) (cas_execute.c)
    by : fn_prepare_internal(int, int, void**, t_net_buf*, t_req_info*, int*) (cas_function.c)
    by : fn_prepare(int, int, void**, t_net_buf*, t_req_info*) (cas_function.c)
    by : process_request(int, t_net_buf*, t_req_info*) (cas.c)
    by : cas_main() (cas.c)
    by : main (cas.c)
 
 32,768 bytes in 1 blocks are possibly lost in loss record 416 of 449
    at : malloc (vg_replace_malloc.c)
    by : my_malloc(unsigned long) (lea_heap.c)
    by : sys_alloc(malloc_state*, unsigned long) (malloc_2_8_3.c)
    by : mspace_malloc (malloc_2_8_3.c)
    by : hl_lea_alloc(unsigned long, unsigned long) (lea_heap.c)
    by : db_ws_alloc(unsigned long) (quick_fit.c)
    by : classobj_make_class(char const*) (class_object.c)
    by : disk_to_class(or_buf*, sm_class**) (transform_cl.c)
    by : tf_disk_to_class(db_identifier*, recdes*) (transform_cl.c)
    by : locator_cache_object_class(db_object*, lc_copyarea_oneobj*, char**, recdes*, bool*) (locator_cl.c)
    by : locator_cache_have_object(db_object**, char**, recdes*, db_object**, char**, bool*, lc_copyarea_oneobj*) (locator_cl.c)
    by : locator_cache(lc_copy_area*, db_object*, char*, void (*)(db_object*, char*, void*), void*) (locator_cl.c)
    by : locator_lockhint_classes(int, char const**, LOCK*, int*, lc_prefetch_flags*, int, LOCK) (locator_cl.c)
    by : pt_class_pre_fetch (compile.c)
    by : db_compile_statement_local(db_session*) (db_vdb.c)
    by : db_compile_statement (db_vdb.c)
    by : ux_prepare(char*, int, char, t_net_buf*, t_req_info*, unsigned int) (cas_execute.c)
    by : fn_prepare_internal(int, int, void**, t_net_buf*, t_req_info*, int*) (cas_function.c)
    by : fn_prepare(int, int, void**, t_net_buf*, t_req_info*) (cas_function.c)
    by : process_request(int, t_net_buf*, t_req_info*) (cas.c)
    by : cas_main() (cas.c)
    by : main (cas.c)
 
 32,768 bytes in 1 blocks are possibly lost in loss record 417 of 449
    at : malloc (vg_replace_malloc.c)
    by : my_malloc(unsigned long) (lea_heap.c)
    by : sys_alloc(malloc_state*, unsigned long) (malloc_2_8_3.c)
    by : mspace_malloc (malloc_2_8_3.c)
    by : hl_lea_alloc(unsigned long, unsigned long) (lea_heap.c)
    by : db_ws_alloc(unsigned long) (quick_fit.c)
    by : db_private_alloc_debug(void*, unsigned long, bool, char const*, int) (memory_alloc.c)
    by : new_block(long) (set_object.c)
    by : realloc_block(db_value*, long) (set_object.c)
    by : col_expand_blocks(setobj*, long, long) (set_object.c)
    by : col_expand(setobj*, long) (set_object.c)
    by : col_new(long, int) (set_object.c)
    by : setobj_copy(setobj*) (set_object.c)
    by : set_copy(db_set*) (set_object.c)
    by : mr_setval_set_internal(db_value*, db_value const*, bool, DB_TYPE) (object_primitive.c)
    by : mr_setval_sequence(db_value*, db_value const*, bool) (object_primitive.c)
    by : pr_clone_value (object_primitive.c)
    by : assign_set_value(setobj*, db_value*, db_value*, bool) (set_object.c)
    by : setobj_put_element(setobj*, int, db_value*) (set_object.c)
    by : set_put_element(db_set*, int, db_value*) (set_object.c)
    by : classobj_put_prop(db_set*, char const*, db_value*) (class_object.c)
    by : classobj_put_index_id(db_set**, SM_CONSTRAINT_TYPE, char const*, sm_attribute**, int const*, int const*, btid const*, sm_predicate_info*, sm_foreign_key_info*, char*, sm_function_info*, char const*) (class_object.c)
    by : sm_add_index(db_object*, DB_CONSTRAINT_TYPE, char const*, char const**, int const*, int const*, sm_predicate_info*, sm_function_info*, char const*) (schema_manager.c)
    by : sm_add_constraint(db_object*, DB_CONSTRAINT_TYPE, char const*, char const**, int const*, int const*, int, sm_predicate_info*, sm_function_info*, char const*) (schema_manager.c)
    by : create_or_drop_index_helper(parser_context*, char const*, bool, bool, parser_node*, parser_node*, parser_node*, parser_node*, int, int, parser_node*, parser_node*, db_object*, DO_INDEX) (execute_schema.c)
    by : do_create_index(parser_context*, parser_node const*) (execute_schema.c)
    by : do_execute_statement(parser_context*, parser_node*) (execute_statement.c)
    by : db_execute_and_keep_statement_local(db_session*, int, db_query_result**) (db_vdb.c)
    by : db_execute_and_keep_statement (db_vdb.c)
    by : ux_execute_all(t_srv_handle*, char, int, int, int, void**, t_net_buf*, t_req_info*, cache_time*, int*) (cas_execute.c)
    by : fn_execute_internal(int, int, void**, t_net_buf*, t_req_info*, int*) (cas_function.c)
    by : fn_execute(int, int, void**, t_net_buf*, t_req_info*) (cas_function.c)
    by : process_request(int, t_net_buf*, t_req_info*) (cas.c)
    by : cas_main() (cas.c)
    by : main (cas.c)
 
 65,536 bytes in 2 blocks are possibly lost in loss record 423 of 449
    at : malloc (vg_replace_malloc.c)
    by : my_malloc(unsigned long) (lea_heap.c)
    by : sys_alloc(malloc_state*, unsigned long) (malloc_2_8_3.c)
    by : mspace_malloc (malloc_2_8_3.c)
    by : hl_lea_alloc(unsigned long, unsigned long) (lea_heap.c)
    by : db_ws_alloc(unsigned long) (quick_fit.c)
    by : db_private_alloc_debug(void*, unsigned long, bool, char const*, int) (memory_alloc.c)
    by : new_block(long) (set_object.c)
    by : col_expand_blocks(setobj*, long, long) (set_object.c)
    by : col_expand(setobj*, long) (set_object.c)
    by : col_new(long, int) (set_object.c)
    by : setobj_copy(setobj*) (set_object.c)
    by : set_copy(db_set*) (set_object.c)
    by : mr_setval_set_internal(db_value*, db_value const*, bool, DB_TYPE) (object_primitive.c)
    by : mr_setval_multiset(db_value*, db_value const*, bool) (object_primitive.c)
    by : pr_clone_value (object_primitive.c)
    by : obt_assign(obj_template*, sm_attribute*, int, db_value*, sm_validation*) (object_template.c)
    by : obt_desc_set(obj_template*, sm_descriptor*, db_value*) (object_template.c)
    by : dbt_dput_internal(obj_template*, sm_descriptor*, db_value*) (db_obj.c)
    by : insert_object_attr(parser_context const*, obj_template*, db_value*, parser_node*, sm_descriptor*) (execute_statement.c)
    by : insert_subquery_results(parser_context*, parser_node*, parser_node*, parser_node*, char const**) (execute_statement.c)
    by : do_insert_template(parser_context*, obj_template**, parser_node*, char const**, int*) (execute_statement.c)
    by : insert_local(parser_context*, parser_node*) (execute_statement.c)
    by : do_insert(parser_context*, parser_node*) (execute_statement.c)
    by : do_execute_insert(parser_context*, parser_node*) (execute_statement.c)
    by : do_check_internal_statements(parser_context*, parser_node*, int (*)(parser_context*, parser_node*)) (execute_statement.c)
    by : check_trigger(DB_TRIGGER_EVENT, int (*)(parser_context*, parser_node*), parser_context*, parser_node*) (execute_statement.c)
    by : do_check_insert_trigger(parser_context*, parser_node*, int (*)(parser_context*, parser_node*)) (execute_statement.c)
    by : do_execute_statement(parser_context*, parser_node*) (execute_statement.c)
    by : db_execute_and_keep_statement_local(db_session*, int, db_query_result**) (db_vdb.c)
    by : db_execute_and_keep_statement (db_vdb.c)
    by : ux_execute_all(t_srv_handle*, char, int, int, int, void**, t_net_buf*, t_req_info*, cache_time*, int*) (cas_execute.c)
    by : fn_execute_internal(int, int, void**, t_net_buf*, t_req_info*, int*) (cas_function.c)
    by : fn_execute(int, int, void**, t_net_buf*, t_req_info*) (cas_function.c)
    by : process_request(int, t_net_buf*, t_req_info*) (cas.c)
    by : cas_main() (cas.c)
    by : main (cas.c)
 
 98,304 bytes in 3 blocks are possibly lost in loss record 432 of 449
    at : malloc (vg_replace_malloc.c)
    by : my_malloc(unsigned long) (lea_heap.c)
    by : sys_alloc(malloc_state*, unsigned long) (malloc_2_8_3.c)
    by : mspace_malloc (malloc_2_8_3.c)
    by : hl_lea_alloc(unsigned long, unsigned long) (lea_heap.c)
    by : db_ws_alloc(unsigned long) (quick_fit.c)
    by : classobj_make_attribute(char const*, pr_type*, SM_NAME_SPACE) (class_object.c)
    by : init_db_attribute_list(showstmt_metadata*) (show_meta.c)
    by : showstmt_metadata_init() (show_meta.c)
    by : boot_restart_client(boot_client_credential*) (boot_cl.c)
    by : db_restart (db_admin.c)
    by : db_restart_ex (db_admin.c)
    by : ux_database_connect(char*, char*, char*, char**) (cas_execute.c)
    by : cas_main() (cas.c)
    by : main (cas.c)
 
