[LOGFILE] /home/qahome/qa_repository_test/memory_leak/memory_sql_10.2.0.7922-a03d5d6_20180518113407/memory_cub_cas_31608.log
 
 65,536 bytes in 2 blocks are possibly lost in loss record 124 of 131
    at : malloc (vg_replace_malloc.c:298)
    by : my_malloc(unsigned long) (lea_heap.c:125)
    by : sys_alloc(malloc_state*, unsigned long) (malloc_2_8_3.c:3612)
    by : mspace_malloc (malloc_2_8_3.c:4921)
    by : hl_lea_alloc(unsigned long, unsigned long) (lea_heap.c:342)
    by : db_ws_alloc(unsigned long) (quick_fit.c:112)
    by : classobj_make_attribute(char const*, pr_type*, SM_NAME_SPACE) (class_object.c:4680)
    by : init_db_attribute_list(showstmt_metadata*) (show_meta.c:844)
    by : showstmt_metadata_init() (show_meta.c:946)
    by : boot_restart_client(boot_client_credential*) (boot_cl.c:1332)
    by : db_restart (db_admin.c:893)
    by : db_restart_ex (db_admin.c:964)
    by : ux_database_connect(char*, char*, char*, char**) (cas_execute.c:528)
    by : cas_main() (cas.c:1152)
    by : main (cas.c:493)
 
[LOGFILE] /home/qahome/qa_repository_test/memory_leak/memory_sql_10.2.0.7922-a03d5d6_20180518113407/memory_server_31494.log
 Warning: set address range perms: large range [ 0x2c669058) (noaccess)
 Warning: set address range perms: large range [ 0x59646040) (undefined)
 Conditional jump or move depends on uninitialised value(s)
    at : mr_setval_string(db_value*, db_value const*, bool) (object_primitive.c:11086)
    by : heap_attrinfo_set(db_identifier const*, int, db_value*, heap_cache_attrinfo*) (heap_file.c:11153)
    by : qexec_execute_insert(cubthread::entry*, xasl_node*, xasl_state*, bool) (query_executor.c:11423)
    by : qexec_execute_mainblock_internal(cubthread::entry*, xasl_node*, xasl_state*, upddel_class_instances_lock_info*) (query_executor.c:13556)
    by : qexec_execute_mainblock(cubthread::entry*, xasl_node*, xasl_state*, upddel_class_instances_lock_info*) (query_executor.c:13341)
    by : qexec_execute_query(cubthread::entry*, xasl_node*, int, db_value const*, unsigned long) (query_executor.c:14612)
    by : qmgr_process_query(cubthread::entry*, xasl_node*, char*, int, int, db_value const*, int, qmgr_query_entry*, qmgr_tran_entry*) (query_manager.c:1150)
    by : xqmgr_execute_query(cubthread::entry*, xasl_id const*, unsigned long*, int, void*, int*, cache_time*, cache_time*, int, xasl_cache_ent**) (query_manager.c:1465)
    by : sqmgr_execute_query(cubthread::entry*, unsigned int, char*, int) (network_interface_sr.c:4711)
    by : net_server_request(cubthread::entry*, unsigned int, int, int, char*) (network_sr.c:1028)
    by : css_internal_request_handler(cubthread::entry&, css_conn_entry&) (server_support.c:1257)
    by : css_server_task::execute(cubthread::entry&) (server_support.c:2679)
    by : cubthread::worker_pool<cubthread::entry>::core::worker::execute_current_task() (thread_worker_pool.hpp:1153)
    by : cubthread::worker_pool<cubthread::entry>::core::worker::run() (thread_worker_pool.hpp:1270)
    by : void std::__invoke_impl<void, void (cubthread::worker_pool<cubthread::entry>::core::worker::* const&)(), cubthread::worker_pool<cubthread::entry>::core::worker*>(std::__invoke_memfun_deref, void (cubthread::worker_pool<cubthread::entry>::core::worker::* const&)(), cubthread::worker_pool<cubthread::entry>::core::worker*&&) (functional:227)
    by : std::result_of<void (cubthread::worker_pool<cubthread::entry>::core::worker::* const&(cubthread::worker_pool<cubthread::entry>::core::worker*&&))()>::type std::__invoke<void (cubthread::worker_pool<cubthread::entry>::core::worker::* const&)(), cubthread::worker_pool<cubthread::entry>::core::worker*>(void (cubthread::worker_pool<cubthread::entry>::core::worker::* const&)(), cubthread::worker_pool<cubthread::entry>::core::worker*&&) (functional:251)
    by : decltype (__invoke((*this)._M_pmf, (forward<cubthread::worker_pool<cubthread::entry>::core::worker*>)({parm#1}))) std::_Mem_fn_base<void (cubthread::worker_pool<cubthread::entry>::core::worker::*)(), true>::operator()<cubthread::worker_pool<cubthread::entry>::core::worker*>(cubthread::worker_pool<cubthread::entry>::core::worker*&&) const (functional:604)
    by : void std::_Bind_simple<std::_Mem_fn<void (cubthread::worker_pool<cubthread::entry>::core::worker::*)()> (cubthread::worker_pool<cubthread::entry>::core::worker*)>::_M_invoke<0ul>(std::_Index_tuple<0ul>) (functional:1391)
    by : std::_Bind_simple<std::_Mem_fn<void (cubthread::worker_pool<cubthread::entry>::core::worker::*)()> (cubthread::worker_pool<cubthread::entry>::core::worker*)>::operator()() (functional:1380)
    by : std::thread::_State_impl<std::_Bind_simple<std::_Mem_fn<void (cubthread::worker_pool<cubthread::entry>::core::worker::*)()> (cubthread::worker_pool<cubthread::entry>::core::worker*)> >::_M_run() (thread:197)
    by : execute_native_thread_routine (in /home/memorygit?/CUBRID/lib/libcubrid.so.10.2)
    by : start_thread (in /lib64/libpthread-2.12.so)
    by : clone (in /lib64/libc-2.12.so)
  Uninitialised value was created by a stack allocation
    at : qexec_execute_insert(cubthread::entry*, xasl_node*, xasl_state*, bool) (query_executor.c:10753)
 
 Conditional jump or move depends on uninitialised value(s)
    at : db_value_domain_init (db_macro.c:288)
    by : mr_setval_string(db_value*, db_value const*, bool) (object_primitive.c:11092)
    by : heap_attrinfo_set(db_identifier const*, int, db_value*, heap_cache_attrinfo*) (heap_file.c:11153)
    by : qexec_execute_insert(cubthread::entry*, xasl_node*, xasl_state*, bool) (query_executor.c:11423)
    by : qexec_execute_mainblock_internal(cubthread::entry*, xasl_node*, xasl_state*, upddel_class_instances_lock_info*) (query_executor.c:13556)
    by : qexec_execute_mainblock(cubthread::entry*, xasl_node*, xasl_state*, upddel_class_instances_lock_info*) (query_executor.c:13341)
    by : qexec_execute_query(cubthread::entry*, xasl_node*, int, db_value const*, unsigned long) (query_executor.c:14612)
    by : qmgr_process_query(cubthread::entry*, xasl_node*, char*, int, int, db_value const*, int, qmgr_query_entry*, qmgr_tran_entry*) (query_manager.c:1150)
    by : xqmgr_execute_query(cubthread::entry*, xasl_id const*, unsigned long*, int, void*, int*, cache_time*, cache_time*, int, xasl_cache_ent**) (query_manager.c:1465)
    by : sqmgr_execute_query(cubthread::entry*, unsigned int, char*, int) (network_interface_sr.c:4711)
    by : net_server_request(cubthread::entry*, unsigned int, int, int, char*) (network_sr.c:1028)
    by : css_internal_request_handler(cubthread::entry&, css_conn_entry&) (server_support.c:1257)
    by : css_server_task::execute(cubthread::entry&) (server_support.c:2679)
    by : cubthread::worker_pool<cubthread::entry>::core::worker::execute_current_task() (thread_worker_pool.hpp:1153)
    by : cubthread::worker_pool<cubthread::entry>::core::worker::run() (thread_worker_pool.hpp:1270)
    by : void std::__invoke_impl<void, void (cubthread::worker_pool<cubthread::entry>::core::worker::* const&)(), cubthread::worker_pool<cubthread::entry>::core::worker*>(std::__invoke_memfun_deref, void (cubthread::worker_pool<cubthread::entry>::core::worker::* const&)(), cubthread::worker_pool<cubthread::entry>::core::worker*&&) (functional:227)
    by : std::result_of<void (cubthread::worker_pool<cubthread::entry>::core::worker::* const&(cubthread::worker_pool<cubthread::entry>::core::worker*&&))()>::type std::__invoke<void (cubthread::worker_pool<cubthread::entry>::core::worker::* const&)(), cubthread::worker_pool<cubthread::entry>::core::worker*>(void (cubthread::worker_pool<cubthread::entry>::core::worker::* const&)(), cubthread::worker_pool<cubthread::entry>::core::worker*&&) (functional:251)
    by : decltype (__invoke((*this)._M_pmf, (forward<cubthread::worker_pool<cubthread::entry>::core::worker*>)({parm#1}))) std::_Mem_fn_base<void (cubthread::worker_pool<cubthread::entry>::core::worker::*)(), true>::operator()<cubthread::worker_pool<cubthread::entry>::core::worker*>(cubthread::worker_pool<cubthread::entry>::core::worker*&&) const (functional:604)
    by : void std::_Bind_simple<std::_Mem_fn<void (cubthread::worker_pool<cubthread::entry>::core::worker::*)()> (cubthread::worker_pool<cubthread::entry>::core::worker*)>::_M_invoke<0ul>(std::_Index_tuple<0ul>) (functional:1391)
    by : std::_Bind_simple<std::_Mem_fn<void (cubthread::worker_pool<cubthread::entry>::core::worker::*)()> (cubthread::worker_pool<cubthread::entry>::core::worker*)>::operator()() (functional:1380)
    by : std::thread::_State_impl<std::_Bind_simple<std::_Mem_fn<void (cubthread::worker_pool<cubthread::entry>::core::worker::*)()> (cubthread::worker_pool<cubthread::entry>::core::worker*)> >::_M_run() (thread:197)
    by : execute_native_thread_routine (in /home/memorygit?/CUBRID/lib/libcubrid.so.10.2)
    by : start_thread (in /lib64/libpthread-2.12.so)
    by : clone (in /lib64/libc-2.12.so)
  Uninitialised value was created by a stack allocation
    at : qexec_execute_insert(cubthread::entry*, xasl_node*, xasl_state*, bool) (query_executor.c:10753)
 
 Conditional jump or move depends on uninitialised value(s)
    at : db_value_domain_init (db_macro.c:296)
    by : mr_setval_string(db_value*, db_value const*, bool) (object_primitive.c:11092)
    by : heap_attrinfo_set(db_identifier const*, int, db_value*, heap_cache_attrinfo*) (heap_file.c:11153)
    by : qexec_execute_insert(cubthread::entry*, xasl_node*, xasl_state*, bool) (query_executor.c:11423)
    by : qexec_execute_mainblock_internal(cubthread::entry*, xasl_node*, xasl_state*, upddel_class_instances_lock_info*) (query_executor.c:13556)
    by : qexec_execute_mainblock(cubthread::entry*, xasl_node*, xasl_state*, upddel_class_instances_lock_info*) (query_executor.c:13341)
    by : qexec_execute_query(cubthread::entry*, xasl_node*, int, db_value const*, unsigned long) (query_executor.c:14612)
    by : qmgr_process_query(cubthread::entry*, xasl_node*, char*, int, int, db_value const*, int, qmgr_query_entry*, qmgr_tran_entry*) (query_manager.c:1150)
    by : xqmgr_execute_query(cubthread::entry*, xasl_id const*, unsigned long*, int, void*, int*, cache_time*, cache_time*, int, xasl_cache_ent**) (query_manager.c:1465)
    by : sqmgr_execute_query(cubthread::entry*, unsigned int, char*, int) (network_interface_sr.c:4711)
    by : net_server_request(cubthread::entry*, unsigned int, int, int, char*) (network_sr.c:1028)
    by : css_internal_request_handler(cubthread::entry&, css_conn_entry&) (server_support.c:1257)
    by : css_server_task::execute(cubthread::entry&) (server_support.c:2679)
    by : cubthread::worker_pool<cubthread::entry>::core::worker::execute_current_task() (thread_worker_pool.hpp:1153)
    by : cubthread::worker_pool<cubthread::entry>::core::worker::run() (thread_worker_pool.hpp:1270)
    by : void std::__invoke_impl<void, void (cubthread::worker_pool<cubthread::entry>::core::worker::* const&)(), cubthread::worker_pool<cubthread::entry>::core::worker*>(std::__invoke_memfun_deref, void (cubthread::worker_pool<cubthread::entry>::core::worker::* const&)(), cubthread::worker_pool<cubthread::entry>::core::worker*&&) (functional:227)
    by : std::result_of<void (cubthread::worker_pool<cubthread::entry>::core::worker::* const&(cubthread::worker_pool<cubthread::entry>::core::worker*&&))()>::type std::__invoke<void (cubthread::worker_pool<cubthread::entry>::core::worker::* const&)(), cubthread::worker_pool<cubthread::entry>::core::worker*>(void (cubthread::worker_pool<cubthread::entry>::core::worker::* const&)(), cubthread::worker_pool<cubthread::entry>::core::worker*&&) (functional:251)
    by : decltype (__invoke((*this)._M_pmf, (forward<cubthread::worker_pool<cubthread::entry>::core::worker*>)({parm#1}))) std::_Mem_fn_base<void (cubthread::worker_pool<cubthread::entry>::core::worker::*)(), true>::operator()<cubthread::worker_pool<cubthread::entry>::core::worker*>(cubthread::worker_pool<cubthread::entry>::core::worker*&&) const (functional:604)
    by : void std::_Bind_simple<std::_Mem_fn<void (cubthread::worker_pool<cubthread::entry>::core::worker::*)()> (cubthread::worker_pool<cubthread::entry>::core::worker*)>::_M_invoke<0ul>(std::_Index_tuple<0ul>) (functional:1391)
    by : std::_Bind_simple<std::_Mem_fn<void (cubthread::worker_pool<cubthread::entry>::core::worker::*)()> (cubthread::worker_pool<cubthread::entry>::core::worker*)>::operator()() (functional:1380)
    by : std::thread::_State_impl<std::_Bind_simple<std::_Mem_fn<void (cubthread::worker_pool<cubthread::entry>::core::worker::*)()> (cubthread::worker_pool<cubthread::entry>::core::worker*)> >::_M_run() (thread:197)
    by : execute_native_thread_routine (in /home/memorygit?/CUBRID/lib/libcubrid.so.10.2)
    by : start_thread (in /lib64/libpthread-2.12.so)
    by : clone (in /lib64/libc-2.12.so)
  Uninitialised value was created by a stack allocation
    at : qexec_execute_insert(cubthread::entry*, xasl_node*, xasl_state*, bool) (query_executor.c:10753)
 
 Conditional jump or move depends on uninitialised value(s)
    at : db_value_domain_init (db_macro.c:296)
    by : mr_setval_string(db_value*, db_value const*, bool) (object_primitive.c:11092)
    by : heap_attrinfo_set(db_identifier const*, int, db_value*, heap_cache_attrinfo*) (heap_file.c:11153)
    by : qexec_execute_insert(cubthread::entry*, xasl_node*, xasl_state*, bool) (query_executor.c:11423)
    by : qexec_execute_mainblock_internal(cubthread::entry*, xasl_node*, xasl_state*, upddel_class_instances_lock_info*) (query_executor.c:13556)
    by : qexec_execute_mainblock(cubthread::entry*, xasl_node*, xasl_state*, upddel_class_instances_lock_info*) (query_executor.c:13341)
    by : qexec_execute_query(cubthread::entry*, xasl_node*, int, db_value const*, unsigned long) (query_executor.c:14612)
    by : qmgr_process_query(cubthread::entry*, xasl_node*, char*, int, int, db_value const*, int, qmgr_query_entry*, qmgr_tran_entry*) (query_manager.c:1150)
    by : xqmgr_execute_query(cubthread::entry*, xasl_id const*, unsigned long*, int, void*, int*, cache_time*, cache_time*, int, xasl_cache_ent**) (query_manager.c:1465)
    by : sqmgr_execute_query(cubthread::entry*, unsigned int, char*, int) (network_interface_sr.c:4711)
    by : net_server_request(cubthread::entry*, unsigned int, int, int, char*) (network_sr.c:1028)
    by : css_internal_request_handler(cubthread::entry&, css_conn_entry&) (server_support.c:1257)
    by : css_server_task::execute(cubthread::entry&) (server_support.c:2679)
    by : cubthread::worker_pool<cubthread::entry>::core::worker::execute_current_task() (thread_worker_pool.hpp:1153)
    by : cubthread::worker_pool<cubthread::entry>::core::worker::run() (thread_worker_pool.hpp:1270)
    by : void std::__invoke_impl<void, void (cubthread::worker_pool<cubthread::entry>::core::worker::* const&)(), cubthread::worker_pool<cubthread::entry>::core::worker*>(std::__invoke_memfun_deref, void (cubthread::worker_pool<cubthread::entry>::core::worker::* const&)(), cubthread::worker_pool<cubthread::entry>::core::worker*&&) (functional:227)
    by : std::result_of<void (cubthread::worker_pool<cubthread::entry>::core::worker::* const&(cubthread::worker_pool<cubthread::entry>::core::worker*&&))()>::type std::__invoke<void (cubthread::worker_pool<cubthread::entry>::core::worker::* const&)(), cubthread::worker_pool<cubthread::entry>::core::worker*>(void (cubthread::worker_pool<cubthread::entry>::core::worker::* const&)(), cubthread::worker_pool<cubthread::entry>::core::worker*&&) (functional:251)
    by : decltype (__invoke((*this)._M_pmf, (forward<cubthread::worker_pool<cubthread::entry>::core::worker*>)({parm#1}))) std::_Mem_fn_base<void (cubthread::worker_pool<cubthread::entry>::core::worker::*)(), true>::operator()<cubthread::worker_pool<cubthread::entry>::core::worker*>(cubthread::worker_pool<cubthread::entry>::core::worker*&&) const (functional:604)
    by : void std::_Bind_simple<std::_Mem_fn<void (cubthread::worker_pool<cubthread::entry>::core::worker::*)()> (cubthread::worker_pool<cubthread::entry>::core::worker*)>::_M_invoke<0ul>(std::_Index_tuple<0ul>) (functional:1391)
    by : std::_Bind_simple<std::_Mem_fn<void (cubthread::worker_pool<cubthread::entry>::core::worker::*)()> (cubthread::worker_pool<cubthread::entry>::core::worker*)>::operator()() (functional:1380)
    by : std::thread::_State_impl<std::_Bind_simple<std::_Mem_fn<void (cubthread::worker_pool<cubthread::entry>::core::worker::*)()> (cubthread::worker_pool<cubthread::entry>::core::worker*)> >::_M_run() (thread:197)
    by : execute_native_thread_routine (in /home/memorygit?/CUBRID/lib/libcubrid.so.10.2)
    by : start_thread (in /lib64/libpthread-2.12.so)
    by : clone (in /lib64/libc-2.12.so)
  Uninitialised value was created by a stack allocation
    at : qexec_execute_insert(cubthread::entry*, xasl_node*, xasl_state*, bool) (query_executor.c:10753)
 
 Conditional jump or move depends on uninitialised value(s)
    at : db_value_domain_init (db_macro.c:296)
    by : mr_setval_string(db_value*, db_value const*, bool) (object_primitive.c:11092)
    by : heap_attrinfo_set(db_identifier const*, int, db_value*, heap_cache_attrinfo*) (heap_file.c:11153)
    by : qexec_execute_insert(cubthread::entry*, xasl_node*, xasl_state*, bool) (query_executor.c:11423)
    by : qexec_execute_mainblock_internal(cubthread::entry*, xasl_node*, xasl_state*, upddel_class_instances_lock_info*) (query_executor.c:13556)
    by : qexec_execute_mainblock(cubthread::entry*, xasl_node*, xasl_state*, upddel_class_instances_lock_info*) (query_executor.c:13341)
    by : qexec_execute_query(cubthread::entry*, xasl_node*, int, db_value const*, unsigned long) (query_executor.c:14612)
    by : qmgr_process_query(cubthread::entry*, xasl_node*, char*, int, int, db_value const*, int, qmgr_query_entry*, qmgr_tran_entry*) (query_manager.c:1150)
    by : xqmgr_execute_query(cubthread::entry*, xasl_id const*, unsigned long*, int, void*, int*, cache_time*, cache_time*, int, xasl_cache_ent**) (query_manager.c:1465)
    by : sqmgr_execute_query(cubthread::entry*, unsigned int, char*, int) (network_interface_sr.c:4711)
    by : net_server_request(cubthread::entry*, unsigned int, int, int, char*) (network_sr.c:1028)
    by : css_internal_request_handler(cubthread::entry&, css_conn_entry&) (server_support.c:1257)
    by : css_server_task::execute(cubthread::entry&) (server_support.c:2679)
    by : cubthread::worker_pool<cubthread::entry>::core::worker::execute_current_task() (thread_worker_pool.hpp:1153)
    by : cubthread::worker_pool<cubthread::entry>::core::worker::run() (thread_worker_pool.hpp:1270)
    by : void std::__invoke_impl<void, void (cubthread::worker_pool<cubthread::entry>::core::worker::* const&)(), cubthread::worker_pool<cubthread::entry>::core::worker*>(std::__invoke_memfun_deref, void (cubthread::worker_pool<cubthread::entry>::core::worker::* const&)(), cubthread::worker_pool<cubthread::entry>::core::worker*&&) (functional:227)
    by : std::result_of<void (cubthread::worker_pool<cubthread::entry>::core::worker::* const&(cubthread::worker_pool<cubthread::entry>::core::worker*&&))()>::type std::__invoke<void (cubthread::worker_pool<cubthread::entry>::core::worker::* const&)(), cubthread::worker_pool<cubthread::entry>::core::worker*>(void (cubthread::worker_pool<cubthread::entry>::core::worker::* const&)(), cubthread::worker_pool<cubthread::entry>::core::worker*&&) (functional:251)
    by : decltype (__invoke((*this)._M_pmf, (forward<cubthread::worker_pool<cubthread::entry>::core::worker*>)({parm#1}))) std::_Mem_fn_base<void (cubthread::worker_pool<cubthread::entry>::core::worker::*)(), true>::operator()<cubthread::worker_pool<cubthread::entry>::core::worker*>(cubthread::worker_pool<cubthread::entry>::core::worker*&&) const (functional:604)
    by : void std::_Bind_simple<std::_Mem_fn<void (cubthread::worker_pool<cubthread::entry>::core::worker::*)()> (cubthread::worker_pool<cubthread::entry>::core::worker*)>::_M_invoke<0ul>(std::_Index_tuple<0ul>) (functional:1391)
    by : std::_Bind_simple<std::_Mem_fn<void (cubthread::worker_pool<cubthread::entry>::core::worker::*)()> (cubthread::worker_pool<cubthread::entry>::core::worker*)>::operator()() (functional:1380)
    by : std::thread::_State_impl<std::_Bind_simple<std::_Mem_fn<void (cubthread::worker_pool<cubthread::entry>::core::worker::*)()> (cubthread::worker_pool<cubthread::entry>::core::worker*)> >::_M_run() (thread:197)
    by : execute_native_thread_routine (in /home/memorygit?/CUBRID/lib/libcubrid.so.10.2)
    by : start_thread (in /lib64/libpthread-2.12.so)
    by : clone (in /lib64/libc-2.12.so)
  Uninitialised value was created by a stack allocation
    at : qexec_execute_insert(cubthread::entry*, xasl_node*, xasl_state*, bool) (query_executor.c:10753)
 
 Conditional jump or move depends on uninitialised value(s)
    at : db_value_domain_init (db_macro.c:303)
    by : mr_setval_string(db_value*, db_value const*, bool) (object_primitive.c:11092)
    by : heap_attrinfo_set(db_identifier const*, int, db_value*, heap_cache_attrinfo*) (heap_file.c:11153)
    by : qexec_execute_insert(cubthread::entry*, xasl_node*, xasl_state*, bool) (query_executor.c:11423)
    by : qexec_execute_mainblock_internal(cubthread::entry*, xasl_node*, xasl_state*, upddel_class_instances_lock_info*) (query_executor.c:13556)
    by : qexec_execute_mainblock(cubthread::entry*, xasl_node*, xasl_state*, upddel_class_instances_lock_info*) (query_executor.c:13341)
    by : qexec_execute_query(cubthread::entry*, xasl_node*, int, db_value const*, unsigned long) (query_executor.c:14612)
    by : qmgr_process_query(cubthread::entry*, xasl_node*, char*, int, int, db_value const*, int, qmgr_query_entry*, qmgr_tran_entry*) (query_manager.c:1150)
    by : xqmgr_execute_query(cubthread::entry*, xasl_id const*, unsigned long*, int, void*, int*, cache_time*, cache_time*, int, xasl_cache_ent**) (query_manager.c:1465)
    by : sqmgr_execute_query(cubthread::entry*, unsigned int, char*, int) (network_interface_sr.c:4711)
    by : net_server_request(cubthread::entry*, unsigned int, int, int, char*) (network_sr.c:1028)
    by : css_internal_request_handler(cubthread::entry&, css_conn_entry&) (server_support.c:1257)
    by : css_server_task::execute(cubthread::entry&) (server_support.c:2679)
    by : cubthread::worker_pool<cubthread::entry>::core::worker::execute_current_task() (thread_worker_pool.hpp:1153)
    by : cubthread::worker_pool<cubthread::entry>::core::worker::run() (thread_worker_pool.hpp:1270)
    by : void std::__invoke_impl<void, void (cubthread::worker_pool<cubthread::entry>::core::worker::* const&)(), cubthread::worker_pool<cubthread::entry>::core::worker*>(std::__invoke_memfun_deref, void (cubthread::worker_pool<cubthread::entry>::core::worker::* const&)(), cubthread::worker_pool<cubthread::entry>::core::worker*&&) (functional:227)
    by : std::result_of<void (cubthread::worker_pool<cubthread::entry>::core::worker::* const&(cubthread::worker_pool<cubthread::entry>::core::worker*&&))()>::type std::__invoke<void (cubthread::worker_pool<cubthread::entry>::core::worker::* const&)(), cubthread::worker_pool<cubthread::entry>::core::worker*>(void (cubthread::worker_pool<cubthread::entry>::core::worker::* const&)(), cubthread::worker_pool<cubthread::entry>::core::worker*&&) (functional:251)
    by : decltype (__invoke((*this)._M_pmf, (forward<cubthread::worker_pool<cubthread::entry>::core::worker*>)({parm#1}))) std::_Mem_fn_base<void (cubthread::worker_pool<cubthread::entry>::core::worker::*)(), true>::operator()<cubthread::worker_pool<cubthread::entry>::core::worker*>(cubthread::worker_pool<cubthread::entry>::core::worker*&&) const (functional:604)
    by : void std::_Bind_simple<std::_Mem_fn<void (cubthread::worker_pool<cubthread::entry>::core::worker::*)()> (cubthread::worker_pool<cubthread::entry>::core::worker*)>::_M_invoke<0ul>(std::_Index_tuple<0ul>) (functional:1391)
    by : std::_Bind_simple<std::_Mem_fn<void (cubthread::worker_pool<cubthread::entry>::core::worker::*)()> (cubthread::worker_pool<cubthread::entry>::core::worker*)>::operator()() (functional:1380)
    by : std::thread::_State_impl<std::_Bind_simple<std::_Mem_fn<void (cubthread::worker_pool<cubthread::entry>::core::worker::*)()> (cubthread::worker_pool<cubthread::entry>::core::worker*)> >::_M_run() (thread:197)
    by : execute_native_thread_routine (in /home/memorygit?/CUBRID/lib/libcubrid.so.10.2)
    by : start_thread (in /lib64/libpthread-2.12.so)
    by : clone (in /lib64/libc-2.12.so)
  Uninitialised value was created by a stack allocation
    at : qexec_execute_insert(cubthread::entry*, xasl_node*, xasl_state*, bool) (query_executor.c:10753)
 
 Warning: set address range perms: large range [ 0x1c629058) (noaccess)
 Warning: set address range perms: large range [ 0x59646058) (noaccess)
 
 
