[LOGFILE] /home/qahome/qa_repository_test/memory_leak/memory_sql_10.2.0.7944-68bf8f1_20180606080941/memory_cub_cas_9031.log
 
 65,536 bytes in 2 blocks are possibly lost in loss record 124 of 131
    at : malloc (vg_replace_malloc.c)
    by : my_malloc(unsigned long) (lea_heap.c)
    by : sys_alloc(malloc_state*, unsigned long) (malloc_2_8_3.c)
    by : mspace_malloc (malloc_2_8_3.c)
    by : hl_lea_alloc(unsigned long, unsigned long) (lea_heap.c)
    by : db_ws_alloc(unsigned long) (quick_fit.c)
    by : classobj_make_attribute(char const*, pr_type*, SM_NAME_SPACE) (class_object.c)
    by : init_db_attribute_list(showstmt_metadata*) (show_meta.c)
    by : showstmt_metadata_init() (show_meta.c)
    by : boot_restart_client(boot_client_credential*) (boot_cl.c)
    by : db_restart (db_admin.c)
    by : db_restart_ex (db_admin.c)
    by : ux_database_connect(char*, char*, char*, char**) (cas_execute.c)
    by : cas_main() (cas.c)
    by : main (cas.c)
 
[LOGFILE] /home/qahome/qa_repository_test/memory_leak/memory_sql_10.2.0.7944-68bf8f1_20180606080941/memory_cub_cas_9032.log
 
 8 bytes in 1 blocks are possibly lost in loss record 12 of 333
    at : calloc (vg_replace_malloc.c)
    by : pt_add_lock_class(parser_context*, pt_class_locks*, parser_node*, lc_prefetch_flags) (compile.c)
    by : pt_find_lck_classes(parser_context*, parser_node*, void*, int*) (compile.c)
    by : pt_walk_private(parser_context*, parser_node*, void*) (parse_tree_cl.c)
    by : pt_apply_spec(parser_context*, parser_node*, parser_node* (*)(parser_context*, parser_node*, void*), void*) (parse_tree_cl.c)
    by : pt_walk_private(parser_context*, parser_node*, void*) (parse_tree_cl.c)
    by : pt_apply_spec(parser_context*, parser_node*, parser_node* (*)(parser_context*, parser_node*, void*), void*) (parse_tree_cl.c)
    by : pt_walk_private(parser_context*, parser_node*, void*) (parse_tree_cl.c)
    by : pt_apply_spec(parser_context*, parser_node*, parser_node* (*)(parser_context*, parser_node*, void*), void*) (parse_tree_cl.c)
    by : pt_walk_private(parser_context*, parser_node*, void*) (parse_tree_cl.c)
    by : pt_apply_select(parser_context*, parser_node*, parser_node* (*)(parser_context*, parser_node*, void*), void*) (parse_tree_cl.c)
    by : pt_walk_private(parser_context*, parser_node*, void*) (parse_tree_cl.c)
    by : parser_walk_tree (parse_tree_cl.c)
    by : pt_class_pre_fetch (compile.c)
    by : sm_virtual_queries(parser_context*, db_object*) (schema_manager.c)
    by : mq_fetch_attributes(parser_context*, parser_node*) (view_transform.c)
    by : mq_substitute_select_in_statement(parser_context*, parser_node*, parser_node*, parser_node*) (view_transform.c)
    by : mq_substitute_subquery_in_statement(parser_context*, parser_node*, parser_node*, parser_node*, parser_node*, int) (view_transform.c)
    by : mq_substitute_subquery_list_in_statement(parser_context*, parser_node*, parser_node*, parser_node*, parser_node*, int) (view_transform.c)
    by : mq_translate_tree(parser_context*, parser_node*, parser_node*, parser_node*, int) (view_transform.c)
    by : mq_translate_select(parser_context*, parser_node*) (view_transform.c)
    by : mq_translate_local(parser_context*, parser_node*, void*, int*) (view_transform.c)
    by : pt_walk_private(parser_context*, parser_node*, void*) (parse_tree_cl.c)
    by : parser_walk_tree (parse_tree_cl.c)
    by : mq_translate_helper(parser_context*, parser_node*) (view_transform.c)
    by : mq_translate(parser_context*, parser_node*) (view_transform.c)
    by : db_compile_statement_local(db_session*) (db_vdb.c)
    by : db_compile_statement (db_vdb.c)
    by : ux_prepare(char*, int, char, t_net_buf*, t_req_info*, unsigned int) (cas_execute.c)
    by : fn_prepare_internal(int, int, void**, t_net_buf*, t_req_info*, int*) (cas_function.c)
    by : fn_prepare(int, int, void**, t_net_buf*, t_req_info*) (cas_function.c)
    by : process_request(int, t_net_buf*, t_req_info*) (cas.c)
    by : cas_main() (cas.c)
    by : main (cas.c)
 
 8 bytes in 1 blocks are possibly lost in loss record 13 of 333
    at : calloc (vg_replace_malloc.c)
    by : pt_add_lock_class(parser_context*, pt_class_locks*, parser_node*, lc_prefetch_flags) (compile.c)
    by : pt_find_lck_classes(parser_context*, parser_node*, void*, int*) (compile.c)
    by : pt_walk_private(parser_context*, parser_node*, void*) (parse_tree_cl.c)
    by : pt_apply_spec(parser_context*, parser_node*, parser_node* (*)(parser_context*, parser_node*, void*), void*) (parse_tree_cl.c)
    by : pt_walk_private(parser_context*, parser_node*, void*) (parse_tree_cl.c)
    by : pt_apply_spec(parser_context*, parser_node*, parser_node* (*)(parser_context*, parser_node*, void*), void*) (parse_tree_cl.c)
    by : pt_walk_private(parser_context*, parser_node*, void*) (parse_tree_cl.c)
    by : pt_apply_select(parser_context*, parser_node*, parser_node* (*)(parser_context*, parser_node*, void*), void*) (parse_tree_cl.c)
    by : pt_walk_private(parser_context*, parser_node*, void*) (parse_tree_cl.c)
    by : parser_walk_tree (parse_tree_cl.c)
    by : pt_class_pre_fetch (compile.c)
    by : sm_virtual_queries(parser_context*, db_object*) (schema_manager.c)
    by : mq_fetch_attributes(parser_context*, parser_node*) (view_transform.c)
    by : mq_substitute_select_in_statement(parser_context*, parser_node*, parser_node*, parser_node*) (view_transform.c)
    by : mq_substitute_subquery_in_statement(parser_context*, parser_node*, parser_node*, parser_node*, parser_node*, int) (view_transform.c)
    by : mq_substitute_subquery_list_in_statement(parser_context*, parser_node*, parser_node*, parser_node*, parser_node*, int) (view_transform.c)
    by : mq_translate_tree(parser_context*, parser_node*, parser_node*, parser_node*, int) (view_transform.c)
    by : mq_translate_select(parser_context*, parser_node*) (view_transform.c)
    by : mq_translate_local(parser_context*, parser_node*, void*, int*) (view_transform.c)
    by : pt_walk_private(parser_context*, parser_node*, void*) (parse_tree_cl.c)
    by : pt_apply_spec(parser_context*, parser_node*, parser_node* (*)(parser_context*, parser_node*, void*), void*) (parse_tree_cl.c)
    by : pt_walk_private(parser_context*, parser_node*, void*) (parse_tree_cl.c)
    by : pt_apply_select(parser_context*, parser_node*, parser_node* (*)(parser_context*, parser_node*, void*), void*) (parse_tree_cl.c)
    by : pt_walk_private(parser_context*, parser_node*, void*) (parse_tree_cl.c)
    by : pt_apply_expr(parser_context*, parser_node*, parser_node* (*)(parser_context*, parser_node*, void*), void*) (parse_tree_cl.c)
    by : pt_walk_private(parser_context*, parser_node*, void*) (parse_tree_cl.c)
    by : pt_apply_expr(parser_context*, parser_node*, parser_node* (*)(parser_context*, parser_node*, void*), void*) (parse_tree_cl.c)
    by : pt_walk_private(parser_context*, parser_node*, void*) (parse_tree_cl.c)
    by : pt_apply_select(parser_context*, parser_node*, parser_node* (*)(parser_context*, parser_node*, void*), void*) (parse_tree_cl.c)
    by : pt_walk_private(parser_context*, parser_node*, void*) (parse_tree_cl.c)
    by : parser_walk_tree (parse_tree_cl.c)
    by : mq_translate_helper(parser_context*, parser_node*) (view_transform.c)
    by : mq_translate(parser_context*, parser_node*) (view_transform.c)
    by : db_compile_statement_local(db_session*) (db_vdb.c)
    by : db_compile_statement (db_vdb.c)
    by : ux_prepare(char*, int, char, t_net_buf*, t_req_info*, unsigned int) (cas_execute.c)
    by : fn_prepare_internal(int, int, void**, t_net_buf*, t_req_info*, int*) (cas_function.c)
    by : fn_prepare(int, int, void**, t_net_buf*, t_req_info*) (cas_function.c)
    by : process_request(int, t_net_buf*, t_req_info*) (cas.c)
    by : cas_main() (cas.c)
    by : main (cas.c)
 
 9 bytes in 1 blocks are possibly lost in loss record 14 of 333
    at : calloc (vg_replace_malloc.c)
    by : pt_add_lock_class(parser_context*, pt_class_locks*, parser_node*, lc_prefetch_flags) (compile.c)
    by : pt_find_lck_classes(parser_context*, parser_node*, void*, int*) (compile.c)
    by : pt_walk_private(parser_context*, parser_node*, void*) (parse_tree_cl.c)
    by : pt_apply_select(parser_context*, parser_node*, parser_node* (*)(parser_context*, parser_node*, void*), void*) (parse_tree_cl.c)
    by : pt_walk_private(parser_context*, parser_node*, void*) (parse_tree_cl.c)
    by : pt_apply_expr(parser_context*, parser_node*, parser_node* (*)(parser_context*, parser_node*, void*), void*) (parse_tree_cl.c)
    by : pt_walk_private(parser_context*, parser_node*, void*) (parse_tree_cl.c)
    by : pt_walk_private(parser_context*, parser_node*, void*) (parse_tree_cl.c)
    by : pt_walk_private(parser_context*, parser_node*, void*) (parse_tree_cl.c)
    by : pt_apply_select(parser_context*, parser_node*, parser_node* (*)(parser_context*, parser_node*, void*), void*) (parse_tree_cl.c)
    by : pt_walk_private(parser_context*, parser_node*, void*) (parse_tree_cl.c)
    by : parser_walk_tree (parse_tree_cl.c)
    by : pt_class_pre_fetch (compile.c)
    by : sm_virtual_queries(parser_context*, db_object*) (schema_manager.c)
    by : mq_fetch_attributes(parser_context*, parser_node*) (view_transform.c)
    by : mq_substitute_select_in_statement(parser_context*, parser_node*, parser_node*, parser_node*) (view_transform.c)
    by : mq_substitute_subquery_in_statement(parser_context*, parser_node*, parser_node*, parser_node*, parser_node*, int) (view_transform.c)
    by : mq_substitute_subquery_list_in_statement(parser_context*, parser_node*, parser_node*, parser_node*, parser_node*, int) (view_transform.c)
    by : mq_translate_tree(parser_context*, parser_node*, parser_node*, parser_node*, int) (view_transform.c)
    by : mq_translate_select(parser_context*, parser_node*) (view_transform.c)
    by : mq_translate_local(parser_context*, parser_node*, void*, int*) (view_transform.c)
    by : pt_walk_private(parser_context*, parser_node*, void*) (parse_tree_cl.c)
    by : parser_walk_tree (parse_tree_cl.c)
    by : mq_translate_helper(parser_context*, parser_node*) (view_transform.c)
    by : mq_translate(parser_context*, parser_node*) (view_transform.c)
    by : db_compile_statement_local(db_session*) (db_vdb.c)
    by : db_compile_statement (db_vdb.c)
    by : ux_prepare(char*, int, char, t_net_buf*, t_req_info*, unsigned int) (cas_execute.c)
    by : fn_prepare_internal(int, int, void**, t_net_buf*, t_req_info*, int*) (cas_function.c)
    by : fn_prepare(int, int, void**, t_net_buf*, t_req_info*) (cas_function.c)
    by : process_request(int, t_net_buf*, t_req_info*) (cas.c)
    by : cas_main() (cas.c)
    by : main (cas.c)
 
 9 bytes in 1 blocks are possibly lost in loss record 15 of 333
    at : calloc (vg_replace_malloc.c)
    by : pt_add_lock_class(parser_context*, pt_class_locks*, parser_node*, lc_prefetch_flags) (compile.c)
    by : pt_find_lck_classes(parser_context*, parser_node*, void*, int*) (compile.c)
    by : pt_walk_private(parser_context*, parser_node*, void*) (parse_tree_cl.c)
    by : pt_apply_select(parser_context*, parser_node*, parser_node* (*)(parser_context*, parser_node*, void*), void*) (parse_tree_cl.c)
    by : pt_walk_private(parser_context*, parser_node*, void*) (parse_tree_cl.c)
    by : pt_apply_expr(parser_context*, parser_node*, parser_node* (*)(parser_context*, parser_node*, void*), void*) (parse_tree_cl.c)
    by : pt_walk_private(parser_context*, parser_node*, void*) (parse_tree_cl.c)
    by : pt_walk_private(parser_context*, parser_node*, void*) (parse_tree_cl.c)
    by : pt_walk_private(parser_context*, parser_node*, void*) (parse_tree_cl.c)
    by : pt_walk_private(parser_context*, parser_node*, void*) (parse_tree_cl.c)
    by : pt_walk_private(parser_context*, parser_node*, void*) (parse_tree_cl.c)
    by : pt_walk_private(parser_context*, parser_node*, void*) (parse_tree_cl.c)
    by : pt_apply_select(parser_context*, parser_node*, parser_node* (*)(parser_context*, parser_node*, void*), void*) (parse_tree_cl.c)
    by : pt_walk_private(parser_context*, parser_node*, void*) (parse_tree_cl.c)
    by : parser_walk_tree (parse_tree_cl.c)
    by : pt_class_pre_fetch (compile.c)
    by : sm_virtual_queries(parser_context*, db_object*) (schema_manager.c)
    by : mq_fetch_attributes(parser_context*, parser_node*) (view_transform.c)
    by : mq_substitute_select_in_statement(parser_context*, parser_node*, parser_node*, parser_node*) (view_transform.c)
    by : mq_substitute_subquery_in_statement(parser_context*, parser_node*, parser_node*, parser_node*, parser_node*, int) (view_transform.c)
    by : mq_substitute_subquery_list_in_statement(parser_context*, parser_node*, parser_node*, parser_node*, parser_node*, int) (view_transform.c)
    by : mq_translate_tree(parser_context*, parser_node*, parser_node*, parser_node*, int) (view_transform.c)
    by : mq_translate_select(parser_context*, parser_node*) (view_transform.c)
    by : mq_translate_local(parser_context*, parser_node*, void*, int*) (view_transform.c)
    by : pt_walk_private(parser_context*, parser_node*, void*) (parse_tree_cl.c)
    by : parser_walk_tree (parse_tree_cl.c)
    by : mq_translate_helper(parser_context*, parser_node*) (view_transform.c)
    by : mq_translate(parser_context*, parser_node*) (view_transform.c)
    by : db_compile_statement_local(db_session*) (db_vdb.c)
    by : db_compile_statement (db_vdb.c)
    by : ux_prepare(char*, int, char, t_net_buf*, t_req_info*, unsigned int) (cas_execute.c)
    by : fn_prepare_internal(int, int, void**, t_net_buf*, t_req_info*, int*) (cas_function.c)
    by : fn_prepare(int, int, void**, t_net_buf*, t_req_info*) (cas_function.c)
    by : process_request(int, t_net_buf*, t_req_info*) (cas.c)
    by : cas_main() (cas.c)
    by : main (cas.c)
 
 9 bytes in 1 blocks are possibly lost in loss record 16 of 333
    at : calloc (vg_replace_malloc.c)
    by : pt_add_lock_class(parser_context*, pt_class_locks*, parser_node*, lc_prefetch_flags) (compile.c)
    by : pt_find_lck_classes(parser_context*, parser_node*, void*, int*) (compile.c)
    by : pt_walk_private(parser_context*, parser_node*, void*) (parse_tree_cl.c)
    by : pt_apply_select(parser_context*, parser_node*, parser_node* (*)(parser_context*, parser_node*, void*), void*) (parse_tree_cl.c)
    by : pt_walk_private(parser_context*, parser_node*, void*) (parse_tree_cl.c)
    by : pt_apply_expr(parser_context*, parser_node*, parser_node* (*)(parser_context*, parser_node*, void*), void*) (parse_tree_cl.c)
    by : pt_walk_private(parser_context*, parser_node*, void*) (parse_tree_cl.c)
    by : pt_walk_private(parser_context*, parser_node*, void*) (parse_tree_cl.c)
    by : pt_walk_private(parser_context*, parser_node*, void*) (parse_tree_cl.c)
    by : pt_apply_select(parser_context*, parser_node*, parser_node* (*)(parser_context*, parser_node*, void*), void*) (parse_tree_cl.c)
    by : pt_walk_private(parser_context*, parser_node*, void*) (parse_tree_cl.c)
    by : parser_walk_tree (parse_tree_cl.c)
    by : pt_class_pre_fetch (compile.c)
    by : sm_virtual_queries(parser_context*, db_object*) (schema_manager.c)
    by : mq_fetch_attributes(parser_context*, parser_node*) (view_transform.c)
    by : mq_substitute_select_in_statement(parser_context*, parser_node*, parser_node*, parser_node*) (view_transform.c)
    by : mq_substitute_subquery_in_statement(parser_context*, parser_node*, parser_node*, parser_node*, parser_node*, int) (view_transform.c)
    by : mq_substitute_subquery_list_in_statement(parser_context*, parser_node*, parser_node*, parser_node*, parser_node*, int) (view_transform.c)
    by : mq_translate_tree(parser_context*, parser_node*, parser_node*, parser_node*, int) (view_transform.c)
    by : mq_translate_select(parser_context*, parser_node*) (view_transform.c)
    by : mq_translate_local(parser_context*, parser_node*, void*, int*) (view_transform.c)
    by : pt_walk_private(parser_context*, parser_node*, void*) (parse_tree_cl.c)
    by : pt_apply_spec(parser_context*, parser_node*, parser_node* (*)(parser_context*, parser_node*, void*), void*) (parse_tree_cl.c)
    by : pt_walk_private(parser_context*, parser_node*, void*) (parse_tree_cl.c)
    by : pt_apply_select(parser_context*, parser_node*, parser_node* (*)(parser_context*, parser_node*, void*), void*) (parse_tree_cl.c)
    by : pt_walk_private(parser_context*, parser_node*, void*) (parse_tree_cl.c)
    by : pt_apply_expr(parser_context*, parser_node*, parser_node* (*)(parser_context*, parser_node*, void*), void*) (parse_tree_cl.c)
    by : pt_walk_private(parser_context*, parser_node*, void*) (parse_tree_cl.c)
    by : pt_apply_expr(parser_context*, parser_node*, parser_node* (*)(parser_context*, parser_node*, void*), void*) (parse_tree_cl.c)
    by : pt_walk_private(parser_context*, parser_node*, void*) (parse_tree_cl.c)
    by : pt_apply_select(parser_context*, parser_node*, parser_node* (*)(parser_context*, parser_node*, void*), void*) (parse_tree_cl.c)
    by : pt_walk_private(parser_context*, parser_node*, void*) (parse_tree_cl.c)
    by : parser_walk_tree (parse_tree_cl.c)
    by : mq_translate_helper(parser_context*, parser_node*) (view_transform.c)
    by : mq_translate(parser_context*, parser_node*) (view_transform.c)
    by : db_compile_statement_local(db_session*) (db_vdb.c)
    by : db_compile_statement (db_vdb.c)
    by : ux_prepare(char*, int, char, t_net_buf*, t_req_info*, unsigned int) (cas_execute.c)
    by : fn_prepare_internal(int, int, void**, t_net_buf*, t_req_info*, int*) (cas_function.c)
    by : fn_prepare(int, int, void**, t_net_buf*, t_req_info*) (cas_function.c)
    by : process_request(int, t_net_buf*, t_req_info*) (cas.c)
    by : cas_main() (cas.c)
    by : main (cas.c)
 
 10 bytes in 1 blocks are possibly lost in loss record 18 of 333
    at : calloc (vg_replace_malloc.c)
    by : pt_add_lock_class(parser_context*, pt_class_locks*, parser_node*, lc_prefetch_flags) (compile.c)
    by : pt_find_lck_classes(parser_context*, parser_node*, void*, int*) (compile.c)
    by : pt_walk_private(parser_context*, parser_node*, void*) (parse_tree_cl.c)
    by : pt_apply_select(parser_context*, parser_node*, parser_node* (*)(parser_context*, parser_node*, void*), void*) (parse_tree_cl.c)
    by : pt_walk_private(parser_context*, parser_node*, void*) (parse_tree_cl.c)
    by : parser_walk_tree (parse_tree_cl.c)
    by : pt_class_pre_fetch (compile.c)
    by : sm_virtual_queries(parser_context*, db_object*) (schema_manager.c)
    by : mq_fetch_attributes(parser_context*, parser_node*) (view_transform.c)
    by : mq_substitute_select_in_statement(parser_context*, parser_node*, parser_node*, parser_node*) (view_transform.c)
    by : mq_substitute_subquery_in_statement(parser_context*, parser_node*, parser_node*, parser_node*, parser_node*, int) (view_transform.c)
    by : mq_substitute_subquery_list_in_statement(parser_context*, parser_node*, parser_node*, parser_node*, parser_node*, int) (view_transform.c)
    by : mq_translate_tree(parser_context*, parser_node*, parser_node*, parser_node*, int) (view_transform.c)
    by : mq_translate_select(parser_context*, parser_node*) (view_transform.c)
    by : mq_translate_local(parser_context*, parser_node*, void*, int*) (view_transform.c)
    by : pt_walk_private(parser_context*, parser_node*, void*) (parse_tree_cl.c)
    by : pt_apply_spec(parser_context*, parser_node*, parser_node* (*)(parser_context*, parser_node*, void*), void*) (parse_tree_cl.c)
    by : pt_walk_private(parser_context*, parser_node*, void*) (parse_tree_cl.c)
    by : pt_apply_select(parser_context*, parser_node*, parser_node* (*)(parser_context*, parser_node*, void*), void*) (parse_tree_cl.c)
    by : pt_walk_private(parser_context*, parser_node*, void*) (parse_tree_cl.c)
    by : pt_apply_expr(parser_context*, parser_node*, parser_node* (*)(parser_context*, parser_node*, void*), void*) (parse_tree_cl.c)
    by : pt_walk_private(parser_context*, parser_node*, void*) (parse_tree_cl.c)
    by : pt_apply_expr(parser_context*, parser_node*, parser_node* (*)(parser_context*, parser_node*, void*), void*) (parse_tree_cl.c)
    by : pt_walk_private(parser_context*, parser_node*, void*) (parse_tree_cl.c)
    by : pt_apply_select(parser_context*, parser_node*, parser_node* (*)(parser_context*, parser_node*, void*), void*) (parse_tree_cl.c)
    by : pt_walk_private(parser_context*, parser_node*, void*) (parse_tree_cl.c)
    by : parser_walk_tree (parse_tree_cl.c)
    by : mq_translate_helper(parser_context*, parser_node*) (view_transform.c)
    by : mq_translate(parser_context*, parser_node*) (view_transform.c)
    by : db_compile_statement_local(db_session*) (db_vdb.c)
    by : db_compile_statement (db_vdb.c)
    by : ux_prepare(char*, int, char, t_net_buf*, t_req_info*, unsigned int) (cas_execute.c)
    by : fn_prepare_internal(int, int, void**, t_net_buf*, t_req_info*, int*) (cas_function.c)
    by : fn_prepare(int, int, void**, t_net_buf*, t_req_info*) (cas_function.c)
    by : process_request(int, t_net_buf*, t_req_info*) (cas.c)
    by : cas_main() (cas.c)
    by : main (cas.c)
 
 10 bytes in 1 blocks are possibly lost in loss record 19 of 333
    at : calloc (vg_replace_malloc.c)
    by : pt_add_lock_class(parser_context*, pt_class_locks*, parser_node*, lc_prefetch_flags) (compile.c)
    by : pt_find_lck_classes(parser_context*, parser_node*, void*, int*) (compile.c)
    by : pt_walk_private(parser_context*, parser_node*, void*) (parse_tree_cl.c)
    by : pt_apply_spec(parser_context*, parser_node*, parser_node* (*)(parser_context*, parser_node*, void*), void*) (parse_tree_cl.c)
    by : pt_walk_private(parser_context*, parser_node*, void*) (parse_tree_cl.c)
    by : pt_apply_select(parser_context*, parser_node*, parser_node* (*)(parser_context*, parser_node*, void*), void*) (parse_tree_cl.c)
    by : pt_walk_private(parser_context*, parser_node*, void*) (parse_tree_cl.c)
    by : parser_walk_tree (parse_tree_cl.c)
    by : pt_class_pre_fetch (compile.c)
    by : sm_virtual_queries(parser_context*, db_object*) (schema_manager.c)
    by : mq_fetch_attributes(parser_context*, parser_node*) (view_transform.c)
    by : mq_substitute_select_in_statement(parser_context*, parser_node*, parser_node*, parser_node*) (view_transform.c)
    by : mq_substitute_subquery_in_statement(parser_context*, parser_node*, parser_node*, parser_node*, parser_node*, int) (view_transform.c)
    by : mq_substitute_subquery_list_in_statement(parser_context*, parser_node*, parser_node*, parser_node*, parser_node*, int) (view_transform.c)
    by : mq_translate_tree(parser_context*, parser_node*, parser_node*, parser_node*, int) (view_transform.c)
    by : mq_translate_select(parser_context*, parser_node*) (view_transform.c)
    by : mq_translate_local(parser_context*, parser_node*, void*, int*) (view_transform.c)
    by : pt_walk_private(parser_context*, parser_node*, void*) (parse_tree_cl.c)
    by : pt_apply_spec(parser_context*, parser_node*, parser_node* (*)(parser_context*, parser_node*, void*), void*) (parse_tree_cl.c)
    by : pt_walk_private(parser_context*, parser_node*, void*) (parse_tree_cl.c)
    by : pt_apply_select(parser_context*, parser_node*, parser_node* (*)(parser_context*, parser_node*, void*), void*) (parse_tree_cl.c)
    by : pt_walk_private(parser_context*, parser_node*, void*) (parse_tree_cl.c)
    by : pt_apply_expr(parser_context*, parser_node*, parser_node* (*)(parser_context*, parser_node*, void*), void*) (parse_tree_cl.c)
    by : pt_walk_private(parser_context*, parser_node*, void*) (parse_tree_cl.c)
    by : pt_apply_expr(parser_context*, parser_node*, parser_node* (*)(parser_context*, parser_node*, void*), void*) (parse_tree_cl.c)
    by : pt_walk_private(parser_context*, parser_node*, void*) (parse_tree_cl.c)
    by : pt_apply_select(parser_context*, parser_node*, parser_node* (*)(parser_context*, parser_node*, void*), void*) (parse_tree_cl.c)
    by : pt_walk_private(parser_context*, parser_node*, void*) (parse_tree_cl.c)
    by : parser_walk_tree (parse_tree_cl.c)
    by : mq_translate_helper(parser_context*, parser_node*) (view_transform.c)
    by : mq_translate(parser_context*, parser_node*) (view_transform.c)
    by : db_compile_statement_local(db_session*) (db_vdb.c)
    by : db_compile_statement (db_vdb.c)
    by : ux_prepare(char*, int, char, t_net_buf*, t_req_info*, unsigned int) (cas_execute.c)
    by : fn_prepare_internal(int, int, void**, t_net_buf*, t_req_info*, int*) (cas_function.c)
    by : fn_prepare(int, int, void**, t_net_buf*, t_req_info*) (cas_function.c)
    by : process_request(int, t_net_buf*, t_req_info*) (cas.c)
    by : cas_main() (cas.c)
    by : main (cas.c)
 
 11 bytes in 1 blocks are possibly lost in loss record 20 of 333
    at : calloc (vg_replace_malloc.c)
    by : pt_add_lock_class(parser_context*, pt_class_locks*, parser_node*, lc_prefetch_flags) (compile.c)
    by : pt_find_lck_classes(parser_context*, parser_node*, void*, int*) (compile.c)
    by : pt_walk_private(parser_context*, parser_node*, void*) (parse_tree_cl.c)
    by : pt_walk_private(parser_context*, parser_node*, void*) (parse_tree_cl.c)
    by : pt_walk_private(parser_context*, parser_node*, void*) (parse_tree_cl.c)
    by : pt_apply_select(parser_context*, parser_node*, parser_node* (*)(parser_context*, parser_node*, void*), void*) (parse_tree_cl.c)
    by : pt_walk_private(parser_context*, parser_node*, void*) (parse_tree_cl.c)
    by : parser_walk_tree (parse_tree_cl.c)
    by : pt_class_pre_fetch (compile.c)
    by : sm_virtual_queries(parser_context*, db_object*) (schema_manager.c)
    by : mq_fetch_attributes(parser_context*, parser_node*) (view_transform.c)
    by : mq_substitute_select_in_statement(parser_context*, parser_node*, parser_node*, parser_node*) (view_transform.c)
    by : mq_substitute_subquery_in_statement(parser_context*, parser_node*, parser_node*, parser_node*, parser_node*, int) (view_transform.c)
    by : mq_substitute_subquery_list_in_statement(parser_context*, parser_node*, parser_node*, parser_node*, parser_node*, int) (view_transform.c)
    by : mq_translate_tree(parser_context*, parser_node*, parser_node*, parser_node*, int) (view_transform.c)
    by : mq_translate_select(parser_context*, parser_node*) (view_transform.c)
    by : mq_translate_local(parser_context*, parser_node*, void*, int*) (view_transform.c)
    by : pt_walk_private(parser_context*, parser_node*, void*) (parse_tree_cl.c)
    by : parser_walk_tree (parse_tree_cl.c)
    by : mq_translate_helper(parser_context*, parser_node*) (view_transform.c)
    by : mq_translate(parser_context*, parser_node*) (view_transform.c)
    by : db_compile_statement_local(db_session*) (db_vdb.c)
    by : db_compile_statement (db_vdb.c)
    by : ux_prepare(char*, int, char, t_net_buf*, t_req_info*, unsigned int) (cas_execute.c)
    by : fn_prepare_internal(int, int, void**, t_net_buf*, t_req_info*, int*) (cas_function.c)
    by : fn_prepare(int, int, void**, t_net_buf*, t_req_info*) (cas_function.c)
    by : process_request(int, t_net_buf*, t_req_info*) (cas.c)
    by : cas_main() (cas.c)
    by : main (cas.c)
 
 12 bytes in 1 blocks are possibly lost in loss record 23 of 333
    at : calloc (vg_replace_malloc.c)
    by : pt_add_lock_class(parser_context*, pt_class_locks*, parser_node*, lc_prefetch_flags) (compile.c)
    by : pt_find_lck_classes(parser_context*, parser_node*, void*, int*) (compile.c)
    by : pt_walk_private(parser_context*, parser_node*, void*) (parse_tree_cl.c)
    by : pt_apply_select(parser_context*, parser_node*, parser_node* (*)(parser_context*, parser_node*, void*), void*) (parse_tree_cl.c)
    by : pt_walk_private(parser_context*, parser_node*, void*) (parse_tree_cl.c)
    by : pt_apply_expr(parser_context*, parser_node*, parser_node* (*)(parser_context*, parser_node*, void*), void*) (parse_tree_cl.c)
    by : pt_walk_private(parser_context*, parser_node*, void*) (parse_tree_cl.c)
    by : pt_walk_private(parser_context*, parser_node*, void*) (parse_tree_cl.c)
    by : pt_walk_private(parser_context*, parser_node*, void*) (parse_tree_cl.c)
    by : pt_walk_private(parser_context*, parser_node*, void*) (parse_tree_cl.c)
    by : pt_walk_private(parser_context*, parser_node*, void*) (parse_tree_cl.c)
    by : pt_walk_private(parser_context*, parser_node*, void*) (parse_tree_cl.c)
    by : pt_walk_private(parser_context*, parser_node*, void*) (parse_tree_cl.c)
    by : pt_walk_private(parser_context*, parser_node*, void*) (parse_tree_cl.c)
    by : pt_walk_private(parser_context*, parser_node*, void*) (parse_tree_cl.c)
    by : pt_walk_private(parser_context*, parser_node*, void*) (parse_tree_cl.c)
    by : pt_walk_private(parser_context*, parser_node*, void*) (parse_tree_cl.c)
    by : pt_apply_select(parser_context*, parser_node*, parser_node* (*)(parser_context*, parser_node*, void*), void*) (parse_tree_cl.c)
    by : pt_walk_private(parser_context*, parser_node*, void*) (parse_tree_cl.c)
    by : parser_walk_tree (parse_tree_cl.c)
    by : pt_class_pre_fetch (compile.c)
    by : sm_virtual_queries(parser_context*, db_object*) (schema_manager.c)
    by : mq_fetch_attributes(parser_context*, parser_node*) (view_transform.c)
    by : mq_substitute_select_in_statement(parser_context*, parser_node*, parser_node*, parser_node*) (view_transform.c)
    by : mq_substitute_subquery_in_statement(parser_context*, parser_node*, parser_node*, parser_node*, parser_node*, int) (view_transform.c)
    by : mq_substitute_subquery_list_in_statement(parser_context*, parser_node*, parser_node*, parser_node*, parser_node*, int) (view_transform.c)
    by : mq_translate_tree(parser_context*, parser_node*, parser_node*, parser_node*, int) (view_transform.c)
    by : mq_translate_select(parser_context*, parser_node*) (view_transform.c)
    by : mq_translate_local(parser_context*, parser_node*, void*, int*) (view_transform.c)
    by : pt_walk_private(parser_context*, parser_node*, void*) (parse_tree_cl.c)
    by : parser_walk_tree (parse_tree_cl.c)
    by : mq_translate_helper(parser_context*, parser_node*) (view_transform.c)
    by : mq_translate(parser_context*, parser_node*) (view_transform.c)
    by : db_compile_statement_local(db_session*) (db_vdb.c)
    by : db_compile_statement (db_vdb.c)
    by : ux_prepare(char*, int, char, t_net_buf*, t_req_info*, unsigned int) (cas_execute.c)
    by : fn_prepare_internal(int, int, void**, t_net_buf*, t_req_info*, int*) (cas_function.c)
    by : fn_prepare(int, int, void**, t_net_buf*, t_req_info*) (cas_function.c)
    by : process_request(int, t_net_buf*, t_req_info*) (cas.c)
    by : cas_main() (cas.c)
    by : main (cas.c)
 
 14 bytes in 1 blocks are possibly lost in loss record 29 of 333
    at : calloc (vg_replace_malloc.c)
    by : pt_add_lock_class(parser_context*, pt_class_locks*, parser_node*, lc_prefetch_flags) (compile.c)
    by : pt_find_lck_classes(parser_context*, parser_node*, void*, int*) (compile.c)
    by : pt_walk_private(parser_context*, parser_node*, void*) (parse_tree_cl.c)
    by : pt_apply_select(parser_context*, parser_node*, parser_node* (*)(parser_context*, parser_node*, void*), void*) (parse_tree_cl.c)
    by : pt_walk_private(parser_context*, parser_node*, void*) (parse_tree_cl.c)
    by : pt_apply_expr(parser_context*, parser_node*, parser_node* (*)(parser_context*, parser_node*, void*), void*) (parse_tree_cl.c)
    by : pt_walk_private(parser_context*, parser_node*, void*) (parse_tree_cl.c)
    by : pt_walk_private(parser_context*, parser_node*, void*) (parse_tree_cl.c)
    by : pt_walk_private(parser_context*, parser_node*, void*) (parse_tree_cl.c)
    by : pt_walk_private(parser_context*, parser_node*, void*) (parse_tree_cl.c)
    by : pt_walk_private(parser_context*, parser_node*, void*) (parse_tree_cl.c)
    by : pt_walk_private(parser_context*, parser_node*, void*) (parse_tree_cl.c)
    by : pt_walk_private(parser_context*, parser_node*, void*) (parse_tree_cl.c)
    by : pt_walk_private(parser_context*, parser_node*, void*) (parse_tree_cl.c)
    by : pt_walk_private(parser_context*, parser_node*, void*) (parse_tree_cl.c)
    by : pt_walk_private(parser_context*, parser_node*, void*) (parse_tree_cl.c)
    by : pt_walk_private(parser_context*, parser_node*, void*) (parse_tree_cl.c)
    by : pt_walk_private(parser_context*, parser_node*, void*) (parse_tree_cl.c)
    by : pt_apply_select(parser_context*, parser_node*, parser_node* (*)(parser_context*, parser_node*, void*), void*) (parse_tree_cl.c)
    by : pt_walk_private(parser_context*, parser_node*, void*) (parse_tree_cl.c)
    by : parser_walk_tree (parse_tree_cl.c)
    by : pt_class_pre_fetch (compile.c)
    by : sm_virtual_queries(parser_context*, db_object*) (schema_manager.c)
    by : mq_fetch_attributes(parser_context*, parser_node*) (view_transform.c)
    by : mq_substitute_select_in_statement(parser_context*, parser_node*, parser_node*, parser_node*) (view_transform.c)
    by : mq_substitute_subquery_in_statement(parser_context*, parser_node*, parser_node*, parser_node*, parser_node*, int) (view_transform.c)
    by : mq_substitute_subquery_list_in_statement(parser_context*, parser_node*, parser_node*, parser_node*, parser_node*, int) (view_transform.c)
    by : mq_translate_tree(parser_context*, parser_node*, parser_node*, parser_node*, int) (view_transform.c)
    by : mq_translate_select(parser_context*, parser_node*) (view_transform.c)
    by : mq_translate_local(parser_context*, parser_node*, void*, int*) (view_transform.c)
    by : pt_walk_private(parser_context*, parser_node*, void*) (parse_tree_cl.c)
    by : parser_walk_tree (parse_tree_cl.c)
    by : mq_translate_helper(parser_context*, parser_node*) (view_transform.c)
    by : mq_translate(parser_context*, parser_node*) (view_transform.c)
    by : db_compile_statement_local(db_session*) (db_vdb.c)
    by : db_compile_statement (db_vdb.c)
    by : ux_prepare(char*, int, char, t_net_buf*, t_req_info*, unsigned int) (cas_execute.c)
    by : fn_prepare_internal(int, int, void**, t_net_buf*, t_req_info*, int*) (cas_function.c)
    by : fn_prepare(int, int, void**, t_net_buf*, t_req_info*) (cas_function.c)
    by : process_request(int, t_net_buf*, t_req_info*) (cas.c)
    by : cas_main() (cas.c)
    by : main (cas.c)
 
 14 bytes in 1 blocks are possibly lost in loss record 30 of 333
    at : calloc (vg_replace_malloc.c)
    by : pt_add_lock_class(parser_context*, pt_class_locks*, parser_node*, lc_prefetch_flags) (compile.c)
    by : pt_find_lck_classes(parser_context*, parser_node*, void*, int*) (compile.c)
    by : pt_walk_private(parser_context*, parser_node*, void*) (parse_tree_cl.c)
    by : pt_walk_private(parser_context*, parser_node*, void*) (parse_tree_cl.c)
    by : pt_walk_private(parser_context*, parser_node*, void*) (parse_tree_cl.c)
    by : pt_walk_private(parser_context*, parser_node*, void*) (parse_tree_cl.c)
    by : pt_apply_select(parser_context*, parser_node*, parser_node* (*)(parser_context*, parser_node*, void*), void*) (parse_tree_cl.c)
    by : pt_walk_private(parser_context*, parser_node*, void*) (parse_tree_cl.c)
    by : parser_walk_tree (parse_tree_cl.c)
    by : pt_class_pre_fetch (compile.c)
    by : sm_virtual_queries(parser_context*, db_object*) (schema_manager.c)
    by : mq_fetch_attributes(parser_context*, parser_node*) (view_transform.c)
    by : mq_substitute_select_in_statement(parser_context*, parser_node*, parser_node*, parser_node*) (view_transform.c)
    by : mq_substitute_subquery_in_statement(parser_context*, parser_node*, parser_node*, parser_node*, parser_node*, int) (view_transform.c)
    by : mq_substitute_subquery_list_in_statement(parser_context*, parser_node*, parser_node*, parser_node*, parser_node*, int) (view_transform.c)
    by : mq_translate_tree(parser_context*, parser_node*, parser_node*, parser_node*, int) (view_transform.c)
    by : mq_translate_select(parser_context*, parser_node*) (view_transform.c)
    by : mq_translate_local(parser_context*, parser_node*, void*, int*) (view_transform.c)
    by : pt_walk_private(parser_context*, parser_node*, void*) (parse_tree_cl.c)
    by : parser_walk_tree (parse_tree_cl.c)
    by : mq_translate_helper(parser_context*, parser_node*) (view_transform.c)
    by : mq_translate(parser_context*, parser_node*) (view_transform.c)
    by : db_compile_statement_local(db_session*) (db_vdb.c)
    by : db_compile_statement (db_vdb.c)
    by : ux_prepare(char*, int, char, t_net_buf*, t_req_info*, unsigned int) (cas_execute.c)
    by : fn_prepare_internal(int, int, void**, t_net_buf*, t_req_info*, int*) (cas_function.c)
    by : fn_prepare(int, int, void**, t_net_buf*, t_req_info*) (cas_function.c)
    by : process_request(int, t_net_buf*, t_req_info*) (cas.c)
    by : cas_main() (cas.c)
    by : main (cas.c)
 
 14 bytes in 1 blocks are possibly lost in loss record 31 of 333
    at : calloc (vg_replace_malloc.c)
    by : pt_add_lock_class(parser_context*, pt_class_locks*, parser_node*, lc_prefetch_flags) (compile.c)
    by : pt_find_lck_classes(parser_context*, parser_node*, void*, int*) (compile.c)
    by : pt_walk_private(parser_context*, parser_node*, void*) (parse_tree_cl.c)
    by : pt_apply_select(parser_context*, parser_node*, parser_node* (*)(parser_context*, parser_node*, void*), void*) (parse_tree_cl.c)
    by : pt_walk_private(parser_context*, parser_node*, void*) (parse_tree_cl.c)
    by : pt_apply_expr(parser_context*, parser_node*, parser_node* (*)(parser_context*, parser_node*, void*), void*) (parse_tree_cl.c)
    by : pt_walk_private(parser_context*, parser_node*, void*) (parse_tree_cl.c)
    by : pt_apply_expr(parser_context*, parser_node*, parser_node* (*)(parser_context*, parser_node*, void*), void*) (parse_tree_cl.c)
    by : pt_walk_private(parser_context*, parser_node*, void*) (parse_tree_cl.c)
    by : pt_apply_expr(parser_context*, parser_node*, parser_node* (*)(parser_context*, parser_node*, void*), void*) (parse_tree_cl.c)
    by : pt_walk_private(parser_context*, parser_node*, void*) (parse_tree_cl.c)
    by : pt_walk_private(parser_context*, parser_node*, void*) (parse_tree_cl.c)
    by : pt_walk_private(parser_context*, parser_node*, void*) (parse_tree_cl.c)
    by : pt_walk_private(parser_context*, parser_node*, void*) (parse_tree_cl.c)
    by : pt_walk_private(parser_context*, parser_node*, void*) (parse_tree_cl.c)
    by : pt_walk_private(parser_context*, parser_node*, void*) (parse_tree_cl.c)
    by : pt_apply_select(parser_context*, parser_node*, parser_node* (*)(parser_context*, parser_node*, void*), void*) (parse_tree_cl.c)
    by : pt_walk_private(parser_context*, parser_node*, void*) (parse_tree_cl.c)
    by : parser_walk_tree (parse_tree_cl.c)
    by : pt_class_pre_fetch (compile.c)
    by : sm_virtual_queries(parser_context*, db_object*) (schema_manager.c)
    by : mq_fetch_attributes(parser_context*, parser_node*) (view_transform.c)
    by : mq_substitute_select_in_statement(parser_context*, parser_node*, parser_node*, parser_node*) (view_transform.c)
    by : mq_substitute_subquery_in_statement(parser_context*, parser_node*, parser_node*, parser_node*, parser_node*, int) (view_transform.c)
    by : mq_substitute_subquery_list_in_statement(parser_context*, parser_node*, parser_node*, parser_node*, parser_node*, int) (view_transform.c)
    by : mq_translate_tree(parser_context*, parser_node*, parser_node*, parser_node*, int) (view_transform.c)
    by : mq_translate_select(parser_context*, parser_node*) (view_transform.c)
    by : mq_translate_local(parser_context*, parser_node*, void*, int*) (view_transform.c)
    by : pt_walk_private(parser_context*, parser_node*, void*) (parse_tree_cl.c)
    by : parser_walk_tree (parse_tree_cl.c)
    by : mq_translate_helper(parser_context*, parser_node*) (view_transform.c)
    by : mq_translate(parser_context*, parser_node*) (view_transform.c)
    by : db_compile_statement_local(db_session*) (db_vdb.c)
    by : db_compile_statement (db_vdb.c)
    by : ux_prepare(char*, int, char, t_net_buf*, t_req_info*, unsigned int) (cas_execute.c)
    by : fn_prepare_internal(int, int, void**, t_net_buf*, t_req_info*, int*) (cas_function.c)
    by : fn_prepare(int, int, void**, t_net_buf*, t_req_info*) (cas_function.c)
    by : process_request(int, t_net_buf*, t_req_info*) (cas.c)
    by : cas_main() (cas.c)
    by : main (cas.c)
 
 18 bytes in 2 blocks are possibly lost in loss record 39 of 333
    at : calloc (vg_replace_malloc.c)
    by : pt_add_lock_class(parser_context*, pt_class_locks*, parser_node*, lc_prefetch_flags) (compile.c)
    by : pt_find_lck_classes(parser_context*, parser_node*, void*, int*) (compile.c)
    by : pt_walk_private(parser_context*, parser_node*, void*) (parse_tree_cl.c)
    by : pt_apply_select(parser_context*, parser_node*, parser_node* (*)(parser_context*, parser_node*, void*), void*) (parse_tree_cl.c)
    by : pt_walk_private(parser_context*, parser_node*, void*) (parse_tree_cl.c)
    by : pt_apply_expr(parser_context*, parser_node*, parser_node* (*)(parser_context*, parser_node*, void*), void*) (parse_tree_cl.c)
    by : pt_walk_private(parser_context*, parser_node*, void*) (parse_tree_cl.c)
    by : pt_walk_private(parser_context*, parser_node*, void*) (parse_tree_cl.c)
    by : pt_walk_private(parser_context*, parser_node*, void*) (parse_tree_cl.c)
    by : pt_walk_private(parser_context*, parser_node*, void*) (parse_tree_cl.c)
    by : pt_apply_select(parser_context*, parser_node*, parser_node* (*)(parser_context*, parser_node*, void*), void*) (parse_tree_cl.c)
    by : pt_walk_private(parser_context*, parser_node*, void*) (parse_tree_cl.c)
    by : parser_walk_tree (parse_tree_cl.c)
    by : pt_class_pre_fetch (compile.c)
    by : sm_virtual_queries(parser_context*, db_object*) (schema_manager.c)
    by : mq_fetch_attributes(parser_context*, parser_node*) (view_transform.c)
    by : mq_substitute_select_in_statement(parser_context*, parser_node*, parser_node*, parser_node*) (view_transform.c)
    by : mq_substitute_subquery_in_statement(parser_context*, parser_node*, parser_node*, parser_node*, parser_node*, int) (view_transform.c)
    by : mq_substitute_subquery_list_in_statement(parser_context*, parser_node*, parser_node*, parser_node*, parser_node*, int) (view_transform.c)
    by : mq_translate_tree(parser_context*, parser_node*, parser_node*, parser_node*, int) (view_transform.c)
    by : mq_translate_select(parser_context*, parser_node*) (view_transform.c)
    by : mq_translate_local(parser_context*, parser_node*, void*, int*) (view_transform.c)
    by : pt_walk_private(parser_context*, parser_node*, void*) (parse_tree_cl.c)
    by : parser_walk_tree (parse_tree_cl.c)
    by : mq_translate_helper(parser_context*, parser_node*) (view_transform.c)
    by : mq_translate(parser_context*, parser_node*) (view_transform.c)
    by : db_compile_statement_local(db_session*) (db_vdb.c)
    by : db_compile_statement (db_vdb.c)
    by : ux_prepare(char*, int, char, t_net_buf*, t_req_info*, unsigned int) (cas_execute.c)
    by : fn_prepare_internal(int, int, void**, t_net_buf*, t_req_info*, int*) (cas_function.c)
    by : fn_prepare(int, int, void**, t_net_buf*, t_req_info*) (cas_function.c)
    by : process_request(int, t_net_buf*, t_req_info*) (cas.c)
    by : cas_main() (cas.c)
    by : main (cas.c)
 
 26 bytes in 3 blocks are possibly lost in loss record 49 of 333
    at : calloc (vg_replace_malloc.c)
    by : pt_add_lock_class(parser_context*, pt_class_locks*, parser_node*, lc_prefetch_flags) (compile.c)
    by : pt_find_lck_classes(parser_context*, parser_node*, void*, int*) (compile.c)
    by : pt_walk_private(parser_context*, parser_node*, void*) (parse_tree_cl.c)
    by : pt_apply_spec(parser_context*, parser_node*, parser_node* (*)(parser_context*, parser_node*, void*), void*) (parse_tree_cl.c)
    by : pt_walk_private(parser_context*, parser_node*, void*) (parse_tree_cl.c)
    by : pt_apply_spec(parser_context*, parser_node*, parser_node* (*)(parser_context*, parser_node*, void*), void*) (parse_tree_cl.c)
    by : pt_walk_private(parser_context*, parser_node*, void*) (parse_tree_cl.c)
    by : pt_apply_select(parser_context*, parser_node*, parser_node* (*)(parser_context*, parser_node*, void*), void*) (parse_tree_cl.c)
    by : pt_walk_private(parser_context*, parser_node*, void*) (parse_tree_cl.c)
    by : parser_walk_tree (parse_tree_cl.c)
    by : pt_class_pre_fetch (compile.c)
    by : sm_virtual_queries(parser_context*, db_object*) (schema_manager.c)
    by : mq_fetch_attributes(parser_context*, parser_node*) (view_transform.c)
    by : mq_substitute_select_in_statement(parser_context*, parser_node*, parser_node*, parser_node*) (view_transform.c)
    by : mq_substitute_subquery_in_statement(parser_context*, parser_node*, parser_node*, parser_node*, parser_node*, int) (view_transform.c)
    by : mq_substitute_subquery_list_in_statement(parser_context*, parser_node*, parser_node*, parser_node*, parser_node*, int) (view_transform.c)
    by : mq_translate_tree(parser_context*, parser_node*, parser_node*, parser_node*, int) (view_transform.c)
    by : mq_translate_select(parser_context*, parser_node*) (view_transform.c)
    by : mq_translate_local(parser_context*, parser_node*, void*, int*) (view_transform.c)
    by : pt_walk_private(parser_context*, parser_node*, void*) (parse_tree_cl.c)
    by : parser_walk_tree (parse_tree_cl.c)
    by : mq_translate_helper(parser_context*, parser_node*) (view_transform.c)
    by : mq_translate(parser_context*, parser_node*) (view_transform.c)
    by : db_compile_statement_local(db_session*) (db_vdb.c)
    by : db_compile_statement (db_vdb.c)
    by : ux_prepare(char*, int, char, t_net_buf*, t_req_info*, unsigned int) (cas_execute.c)
    by : fn_prepare_internal(int, int, void**, t_net_buf*, t_req_info*, int*) (cas_function.c)
    by : fn_prepare(int, int, void**, t_net_buf*, t_req_info*) (cas_function.c)
    by : process_request(int, t_net_buf*, t_req_info*) (cas.c)
    by : cas_main() (cas.c)
    by : main (cas.c)
 
 42 bytes in 3 blocks are possibly lost in loss record 67 of 333
    at : calloc (vg_replace_malloc.c)
    by : pt_add_lock_class(parser_context*, pt_class_locks*, parser_node*, lc_prefetch_flags) (compile.c)
    by : pt_find_lck_classes(parser_context*, parser_node*, void*, int*) (compile.c)
    by : pt_walk_private(parser_context*, parser_node*, void*) (parse_tree_cl.c)
    by : pt_walk_private(parser_context*, parser_node*, void*) (parse_tree_cl.c)
    by : pt_apply_select(parser_context*, parser_node*, parser_node* (*)(parser_context*, parser_node*, void*), void*) (parse_tree_cl.c)
    by : pt_walk_private(parser_context*, parser_node*, void*) (parse_tree_cl.c)
    by : parser_walk_tree (parse_tree_cl.c)
    by : pt_class_pre_fetch (compile.c)
    by : sm_virtual_queries(parser_context*, db_object*) (schema_manager.c)
    by : mq_fetch_attributes(parser_context*, parser_node*) (view_transform.c)
    by : mq_substitute_select_in_statement(parser_context*, parser_node*, parser_node*, parser_node*) (view_transform.c)
    by : mq_substitute_subquery_in_statement(parser_context*, parser_node*, parser_node*, parser_node*, parser_node*, int) (view_transform.c)
    by : mq_substitute_subquery_list_in_statement(parser_context*, parser_node*, parser_node*, parser_node*, parser_node*, int) (view_transform.c)
    by : mq_translate_tree(parser_context*, parser_node*, parser_node*, parser_node*, int) (view_transform.c)
    by : mq_translate_select(parser_context*, parser_node*) (view_transform.c)
    by : mq_translate_local(parser_context*, parser_node*, void*, int*) (view_transform.c)
    by : pt_walk_private(parser_context*, parser_node*, void*) (parse_tree_cl.c)
    by : parser_walk_tree (parse_tree_cl.c)
    by : mq_translate_helper(parser_context*, parser_node*) (view_transform.c)
    by : mq_translate(parser_context*, parser_node*) (view_transform.c)
    by : db_compile_statement_local(db_session*) (db_vdb.c)
    by : db_compile_statement (db_vdb.c)
    by : ux_prepare(char*, int, char, t_net_buf*, t_req_info*, unsigned int) (cas_execute.c)
    by : fn_prepare_internal(int, int, void**, t_net_buf*, t_req_info*, int*) (cas_function.c)
    by : fn_prepare(int, int, void**, t_net_buf*, t_req_info*) (cas_function.c)
    by : process_request(int, t_net_buf*, t_req_info*) (cas.c)
    by : cas_main() (cas.c)
    by : main (cas.c)
 
 46 bytes in 5 blocks are possibly lost in loss record 69 of 333
    at : calloc (vg_replace_malloc.c)
    by : pt_add_lock_class(parser_context*, pt_class_locks*, parser_node*, lc_prefetch_flags) (compile.c)
    by : pt_find_lck_classes(parser_context*, parser_node*, void*, int*) (compile.c)
    by : pt_walk_private(parser_context*, parser_node*, void*) (parse_tree_cl.c)
    by : pt_apply_spec(parser_context*, parser_node*, parser_node* (*)(parser_context*, parser_node*, void*), void*) (parse_tree_cl.c)
    by : pt_walk_private(parser_context*, parser_node*, void*) (parse_tree_cl.c)
    by : pt_apply_select(parser_context*, parser_node*, parser_node* (*)(parser_context*, parser_node*, void*), void*) (parse_tree_cl.c)
    by : pt_walk_private(parser_context*, parser_node*, void*) (parse_tree_cl.c)
    by : parser_walk_tree (parse_tree_cl.c)
    by : pt_class_pre_fetch (compile.c)
    by : sm_virtual_queries(parser_context*, db_object*) (schema_manager.c)
    by : mq_fetch_attributes(parser_context*, parser_node*) (view_transform.c)
    by : mq_substitute_select_in_statement(parser_context*, parser_node*, parser_node*, parser_node*) (view_transform.c)
    by : mq_substitute_subquery_in_statement(parser_context*, parser_node*, parser_node*, parser_node*, parser_node*, int) (view_transform.c)
    by : mq_substitute_subquery_list_in_statement(parser_context*, parser_node*, parser_node*, parser_node*, parser_node*, int) (view_transform.c)
    by : mq_translate_tree(parser_context*, parser_node*, parser_node*, parser_node*, int) (view_transform.c)
    by : mq_translate_select(parser_context*, parser_node*) (view_transform.c)
    by : mq_translate_local(parser_context*, parser_node*, void*, int*) (view_transform.c)
    by : pt_walk_private(parser_context*, parser_node*, void*) (parse_tree_cl.c)
    by : parser_walk_tree (parse_tree_cl.c)
    by : mq_translate_helper(parser_context*, parser_node*) (view_transform.c)
    by : mq_translate(parser_context*, parser_node*) (view_transform.c)
    by : db_compile_statement_local(db_session*) (db_vdb.c)
    by : db_compile_statement (db_vdb.c)
    by : ux_prepare(char*, int, char, t_net_buf*, t_req_info*, unsigned int) (cas_execute.c)
    by : fn_prepare_internal(int, int, void**, t_net_buf*, t_req_info*, int*) (cas_function.c)
    by : fn_prepare(int, int, void**, t_net_buf*, t_req_info*) (cas_function.c)
    by : process_request(int, t_net_buf*, t_req_info*) (cas.c)
    by : cas_main() (cas.c)
    by : main (cas.c)
 
 70 bytes in 6 blocks are possibly lost in loss record 85 of 333
    at : calloc (vg_replace_malloc.c)
    by : pt_add_lock_class(parser_context*, pt_class_locks*, parser_node*, lc_prefetch_flags) (compile.c)
    by : pt_find_lck_classes(parser_context*, parser_node*, void*, int*) (compile.c)
    by : pt_walk_private(parser_context*, parser_node*, void*) (parse_tree_cl.c)
    by : pt_apply_select(parser_context*, parser_node*, parser_node* (*)(parser_context*, parser_node*, void*), void*) (parse_tree_cl.c)
    by : pt_walk_private(parser_context*, parser_node*, void*) (parse_tree_cl.c)
    by : parser_walk_tree (parse_tree_cl.c)
    by : pt_class_pre_fetch (compile.c)
    by : sm_virtual_queries(parser_context*, db_object*) (schema_manager.c)
    by : mq_fetch_attributes(parser_context*, parser_node*) (view_transform.c)
    by : mq_substitute_select_in_statement(parser_context*, parser_node*, parser_node*, parser_node*) (view_transform.c)
    by : mq_substitute_subquery_in_statement(parser_context*, parser_node*, parser_node*, parser_node*, parser_node*, int) (view_transform.c)
    by : mq_substitute_subquery_list_in_statement(parser_context*, parser_node*, parser_node*, parser_node*, parser_node*, int) (view_transform.c)
    by : mq_translate_tree(parser_context*, parser_node*, parser_node*, parser_node*, int) (view_transform.c)
    by : mq_translate_select(parser_context*, parser_node*) (view_transform.c)
    by : mq_translate_local(parser_context*, parser_node*, void*, int*) (view_transform.c)
    by : pt_walk_private(parser_context*, parser_node*, void*) (parse_tree_cl.c)
    by : parser_walk_tree (parse_tree_cl.c)
    by : mq_translate_helper(parser_context*, parser_node*) (view_transform.c)
    by : mq_translate(parser_context*, parser_node*) (view_transform.c)
    by : db_compile_statement_local(db_session*) (db_vdb.c)
    by : db_compile_statement (db_vdb.c)
    by : ux_prepare(char*, int, char, t_net_buf*, t_req_info*, unsigned int) (cas_execute.c)
    by : fn_prepare_internal(int, int, void**, t_net_buf*, t_req_info*, int*) (cas_function.c)
    by : fn_prepare(int, int, void**, t_net_buf*, t_req_info*) (cas_function.c)
    by : process_request(int, t_net_buf*, t_req_info*) (cas.c)
    by : cas_main() (cas.c)
    by : main (cas.c)
 
 96 bytes in 1 blocks are possibly lost in loss record 122 of 333
    at : malloc (vg_replace_malloc.c)
    by : pt_class_pre_fetch (compile.c)
    by : sm_virtual_queries(parser_context*, db_object*) (schema_manager.c)
    by : mq_fetch_attributes(parser_context*, parser_node*) (view_transform.c)
    by : mq_substitute_select_in_statement(parser_context*, parser_node*, parser_node*, parser_node*) (view_transform.c)
    by : mq_substitute_subquery_in_statement(parser_context*, parser_node*, parser_node*, parser_node*, parser_node*, int) (view_transform.c)
    by : mq_substitute_subquery_list_in_statement(parser_context*, parser_node*, parser_node*, parser_node*, parser_node*, int) (view_transform.c)
    by : mq_translate_tree(parser_context*, parser_node*, parser_node*, parser_node*, int) (view_transform.c)
    by : mq_translate_select(parser_context*, parser_node*) (view_transform.c)
    by : mq_translate_local(parser_context*, parser_node*, void*, int*) (view_transform.c)
    by : pt_walk_private(parser_context*, parser_node*, void*) (parse_tree_cl.c)
    by : pt_apply_spec(parser_context*, parser_node*, parser_node* (*)(parser_context*, parser_node*, void*), void*) (parse_tree_cl.c)
    by : pt_walk_private(parser_context*, parser_node*, void*) (parse_tree_cl.c)
    by : pt_apply_select(parser_context*, parser_node*, parser_node* (*)(parser_context*, parser_node*, void*), void*) (parse_tree_cl.c)
    by : pt_walk_private(parser_context*, parser_node*, void*) (parse_tree_cl.c)
    by : pt_apply_expr(parser_context*, parser_node*, parser_node* (*)(parser_context*, parser_node*, void*), void*) (parse_tree_cl.c)
    by : pt_walk_private(parser_context*, parser_node*, void*) (parse_tree_cl.c)
    by : pt_apply_expr(parser_context*, parser_node*, parser_node* (*)(parser_context*, parser_node*, void*), void*) (parse_tree_cl.c)
    by : pt_walk_private(parser_context*, parser_node*, void*) (parse_tree_cl.c)
    by : pt_apply_select(parser_context*, parser_node*, parser_node* (*)(parser_context*, parser_node*, void*), void*) (parse_tree_cl.c)
    by : pt_walk_private(parser_context*, parser_node*, void*) (parse_tree_cl.c)
    by : parser_walk_tree (parse_tree_cl.c)
    by : mq_translate_helper(parser_context*, parser_node*) (view_transform.c)
    by : mq_translate(parser_context*, parser_node*) (view_transform.c)
    by : db_compile_statement_local(db_session*) (db_vdb.c)
    by : db_compile_statement (db_vdb.c)
    by : ux_prepare(char*, int, char, t_net_buf*, t_req_info*, unsigned int) (cas_execute.c)
    by : fn_prepare_internal(int, int, void**, t_net_buf*, t_req_info*, int*) (cas_function.c)
    by : fn_prepare(int, int, void**, t_net_buf*, t_req_info*) (cas_function.c)
    by : process_request(int, t_net_buf*, t_req_info*) (cas.c)
    by : cas_main() (cas.c)
    by : main (cas.c)
 
 592 bytes in 6 blocks are possibly lost in loss record 186 of 333
    at : malloc (vg_replace_malloc.c)
    by : pt_class_pre_fetch (compile.c)
    by : sm_virtual_queries(parser_context*, db_object*) (schema_manager.c)
    by : mq_fetch_attributes(parser_context*, parser_node*) (view_transform.c)
    by : mq_substitute_select_in_statement(parser_context*, parser_node*, parser_node*, parser_node*) (view_transform.c)
    by : mq_substitute_subquery_in_statement(parser_context*, parser_node*, parser_node*, parser_node*, parser_node*, int) (view_transform.c)
    by : mq_substitute_subquery_list_in_statement(parser_context*, parser_node*, parser_node*, parser_node*, parser_node*, int) (view_transform.c)
    by : mq_translate_tree(parser_context*, parser_node*, parser_node*, parser_node*, int) (view_transform.c)
    by : mq_translate_select(parser_context*, parser_node*) (view_transform.c)
    by : mq_translate_local(parser_context*, parser_node*, void*, int*) (view_transform.c)
    by : pt_walk_private(parser_context*, parser_node*, void*) (parse_tree_cl.c)
    by : parser_walk_tree (parse_tree_cl.c)
    by : mq_translate_helper(parser_context*, parser_node*) (view_transform.c)
    by : mq_translate(parser_context*, parser_node*) (view_transform.c)
    by : db_compile_statement_local(db_session*) (db_vdb.c)
    by : db_compile_statement (db_vdb.c)
    by : ux_prepare(char*, int, char, t_net_buf*, t_req_info*, unsigned int) (cas_execute.c)
    by : fn_prepare_internal(int, int, void**, t_net_buf*, t_req_info*, int*) (cas_function.c)
    by : fn_prepare(int, int, void**, t_net_buf*, t_req_info*) (cas_function.c)
    by : process_request(int, t_net_buf*, t_req_info*) (cas.c)
    by : cas_main() (cas.c)
    by : main (cas.c)
 
 32,768 bytes in 1 blocks are possibly lost in loss record 288 of 333
    at : malloc (vg_replace_malloc.c)
    by : my_malloc(unsigned long) (lea_heap.c)
    by : sys_alloc(malloc_state*, unsigned long) (malloc_2_8_3.c)
    by : mspace_malloc (malloc_2_8_3.c)
    by : hl_lea_alloc(unsigned long, unsigned long) (lea_heap.c)
    by : db_ws_alloc(unsigned long) (quick_fit.c)
    by : classobj_alloc_threaded_array(int, int) (class_object.c)
    by : classobj_install_template(sm_class*, sm_template*, int) (class_object.c)
    by : install_new_representation(db_object*, sm_class*, sm_template*) (schema_manager.c)
    by : update_class(sm_template*, db_object**, int) (schema_manager.c)
    by : sm_finish_class(sm_template*, db_object**) (schema_manager.c)
    by : dbt_finish_class (db_temp.c)
    by : do_alter_one_clause_with_template(parser_context*, parser_node*) (execute_schema.c)
    by : do_alter(parser_context*, parser_node*) (execute_schema.c)
    by : do_check_internal_statements(parser_context*, parser_node*, int (*)(parser_context*, parser_node*)) (execute_statement.c)
    by : do_execute_statement(parser_context*, parser_node*) (execute_statement.c)
    by : db_execute_and_keep_statement_local(db_session*, int, db_query_result**) (db_vdb.c)
    by : db_execute_and_keep_statement (db_vdb.c)
    by : ux_execute_all(t_srv_handle*, char, int, int, int, void**, t_net_buf*, t_req_info*, cache_time*, int*) (cas_execute.c)
    by : fn_execute_internal(int, int, void**, t_net_buf*, t_req_info*, int*) (cas_function.c)
    by : fn_execute(int, int, void**, t_net_buf*, t_req_info*) (cas_function.c)
    by : process_request(int, t_net_buf*, t_req_info*) (cas.c)
    by : cas_main() (cas.c)
    by : main (cas.c)
 
 32,768 bytes in 1 blocks are possibly lost in loss record 289 of 333
    at : malloc (vg_replace_malloc.c)
    by : my_malloc(unsigned long) (lea_heap.c)
    by : sys_alloc(malloc_state*, unsigned long) (malloc_2_8_3.c)
    by : mspace_malloc (malloc_2_8_3.c)
    by : hl_lea_alloc(unsigned long, unsigned long) (lea_heap.c)
    by : db_ws_alloc(unsigned long) (quick_fit.c)
    by : db_private_alloc_debug(void*, unsigned long, bool, char const*, int) (memory_alloc.c)
    by : new_block(long) (set_object.c)
    by : col_expand_blocks(setobj*, long, long) (set_object.c)
    by : col_expand(setobj*, long) (set_object.c)
    by : col_new(long, int) (set_object.c)
    by : setobj_copy(setobj*) (set_object.c)
    by : set_copy(db_set*) (set_object.c)
    by : mr_setval_set_internal(db_value*, db_value const*, bool, DB_TYPE) (object_primitive.c)
    by : mr_setval_sequence(db_value*, db_value const*, bool) (object_primitive.c)
    by : pr_clone_value (object_primitive.c)
    by : assign_set_value(setobj*, db_value*, db_value*, bool) (set_object.c)
    by : setobj_put_element(setobj*, int, db_value*) (set_object.c)
    by : set_put_element(db_set*, int, db_value*) (set_object.c)
    by : classobj_put_prop(db_set*, char const*, db_value*) (class_object.c)
    by : classobj_put_index_id(db_set**, SM_CONSTRAINT_TYPE, char const*, sm_attribute**, int const*, int const*, btid const*, sm_predicate_info*, sm_foreign_key_info*, char*, sm_function_info*, char const*) (class_object.c)
    by : sm_add_index(db_object*, DB_CONSTRAINT_TYPE, char const*, char const**, int const*, int const*, sm_predicate_info*, sm_function_info*, char const*) (schema_manager.c)
    by : sm_add_constraint(db_object*, DB_CONSTRAINT_TYPE, char const*, char const**, int const*, int const*, int, sm_predicate_info*, sm_function_info*, char const*) (schema_manager.c)
    by : create_or_drop_index_helper(parser_context*, char const*, bool, bool, parser_node*, parser_node*, parser_node*, parser_node*, int, int, parser_node*, parser_node*, db_object*, DO_INDEX) (execute_schema.c)
    by : do_create_index(parser_context*, parser_node const*) (execute_schema.c)
    by : do_execute_statement(parser_context*, parser_node*) (execute_statement.c)
    by : db_execute_and_keep_statement_local(db_session*, int, db_query_result**) (db_vdb.c)
    by : db_execute_and_keep_statement (db_vdb.c)
    by : ux_execute_all(t_srv_handle*, char, int, int, int, void**, t_net_buf*, t_req_info*, cache_time*, int*) (cas_execute.c)
    by : fn_execute_internal(int, int, void**, t_net_buf*, t_req_info*, int*) (cas_function.c)
    by : fn_execute(int, int, void**, t_net_buf*, t_req_info*) (cas_function.c)
    by : process_request(int, t_net_buf*, t_req_info*) (cas.c)
    by : cas_main() (cas.c)
    by : main (cas.c)
 
 32,768 bytes in 1 blocks are possibly lost in loss record 290 of 333
    at : malloc (vg_replace_malloc.c)
    by : my_malloc(unsigned long) (lea_heap.c)
    by : sys_alloc(malloc_state*, unsigned long) (malloc_2_8_3.c)
    by : mspace_malloc (malloc_2_8_3.c)
    by : hl_lea_alloc(unsigned long, unsigned long) (lea_heap.c)
    by : db_ws_alloc(unsigned long) (quick_fit.c)
    by : db_private_alloc_debug(void*, unsigned long, bool, char const*, int) (memory_alloc.c)
    by : new_block(long) (set_object.c)
    by : col_expand_blocks(setobj*, long, long) (set_object.c)
    by : col_expand(setobj*, long) (set_object.c)
    by : col_new(long, int) (set_object.c)
    by : setobj_copy(setobj*) (set_object.c)
    by : set_copy(db_set*) (set_object.c)
    by : mr_setval_set_internal(db_value*, db_value const*, bool, DB_TYPE) (object_primitive.c)
    by : mr_setval_sequence(db_value*, db_value const*, bool) (object_primitive.c)
    by : pr_clone_value (object_primitive.c)
    by : assign_set_value(setobj*, db_value*, db_value*, bool) (set_object.c)
    by : setobj_put_element(setobj*, int, db_value*) (set_object.c)
    by : set_put_element(db_set*, int, db_value*) (set_object.c)
    by : classobj_put_prop(db_set*, char const*, db_value*) (class_object.c)
    by : classobj_put_index_id(db_set**, SM_CONSTRAINT_TYPE, char const*, sm_attribute**, int const*, int const*, btid const*, sm_predicate_info*, sm_foreign_key_info*, char*, sm_function_info*, char const*) (class_object.c)
    by : classobj_copy_props(db_set*, db_object*, db_set**) (class_object.c)
    by : classobj_make_template(char const*, db_object*, sm_class*) (class_object.c)
    by : sm_delete_class_mop(db_object*, bool) (schema_manager.c)
    by : db_drop_class_ex (db_class.c)
    by : drop_class_name(char const*, bool) (execute_schema.c)
    by : do_drop(parser_context*, parser_node*) (execute_schema.c)
    by : do_check_internal_statements(parser_context*, parser_node*, int (*)(parser_context*, parser_node*)) (execute_statement.c)
    by : do_execute_statement(parser_context*, parser_node*) (execute_statement.c)
    by : db_execute_and_keep_statement_local(db_session*, int, db_query_result**) (db_vdb.c)
    by : db_execute_and_keep_statement (db_vdb.c)
    by : ux_execute_all(t_srv_handle*, char, int, int, int, void**, t_net_buf*, t_req_info*, cache_time*, int*) (cas_execute.c)
    by : fn_execute_internal(int, int, void**, t_net_buf*, t_req_info*, int*) (cas_function.c)
    by : fn_execute(int, int, void**, t_net_buf*, t_req_info*) (cas_function.c)
    by : process_request(int, t_net_buf*, t_req_info*) (cas.c)
    by : cas_main() (cas.c)
    by : main (cas.c)
 
 32,768 bytes in 1 blocks are possibly lost in loss record 291 of 333
    at : malloc (vg_replace_malloc.c)
    by : my_malloc(unsigned long) (lea_heap.c)
    by : sys_alloc(malloc_state*, unsigned long) (malloc_2_8_3.c)
    by : mspace_malloc (malloc_2_8_3.c)
    by : internal_realloc(malloc_state*, void*, unsigned long) (malloc_2_8_3.c)
    by : mspace_realloc (malloc_2_8_3.c)
    by : hl_lea_realloc(unsigned long, void*, unsigned long) (lea_heap.c)
    by : db_ws_realloc(void*, unsigned long) (quick_fit.c)
    by : db_private_realloc_debug(void*, void*, unsigned long, bool, char const*, int) (memory_alloc.c)
    by : realloc_block(db_value*, long) (set_object.c)
    by : col_expand_blocks(setobj*, long, long) (set_object.c)
    by : col_expand(setobj*, long) (set_object.c)
    by : col_put(setobj*, long, db_value*) (set_object.c)
    by : setobj_put_element(setobj*, int, db_value*) (set_object.c)
    by : set_put_element(db_set*, int, db_value*) (set_object.c)
    by : classobj_put_prop(db_set*, char const*, db_value*) (class_object.c)
    by : classobj_put_index_id(db_set**, SM_CONSTRAINT_TYPE, char const*, sm_attribute**, int const*, int const*, btid const*, sm_predicate_info*, sm_foreign_key_info*, char*, sm_function_info*, char const*) (class_object.c)
    by : classobj_copy_props(db_set*, db_object*, db_set**) (class_object.c)
    by : classobj_make_template(char const*, db_object*, sm_class*) (class_object.c)
    by : sm_delete_class_mop(db_object*, bool) (schema_manager.c)
    by : db_drop_class_ex (db_class.c)
    by : drop_class_name(char const*, bool) (execute_schema.c)
    by : do_drop(parser_context*, parser_node*) (execute_schema.c)
    by : do_check_internal_statements(parser_context*, parser_node*, int (*)(parser_context*, parser_node*)) (execute_statement.c)
    by : do_execute_statement(parser_context*, parser_node*) (execute_statement.c)
    by : db_execute_and_keep_statement_local(db_session*, int, db_query_result**) (db_vdb.c)
    by : db_execute_and_keep_statement (db_vdb.c)
    by : ux_execute_all(t_srv_handle*, char, int, int, int, void**, t_net_buf*, t_req_info*, cache_time*, int*) (cas_execute.c)
    by : fn_execute_internal(int, int, void**, t_net_buf*, t_req_info*, int*) (cas_function.c)
    by : fn_execute(int, int, void**, t_net_buf*, t_req_info*) (cas_function.c)
    by : process_request(int, t_net_buf*, t_req_info*) (cas.c)
    by : cas_main() (cas.c)
    by : main (cas.c)
 
 32,768 bytes in 1 blocks are possibly lost in loss record 292 of 333
    at : malloc (vg_replace_malloc.c)
    by : my_malloc(unsigned long) (lea_heap.c)
    by : sys_alloc(malloc_state*, unsigned long) (malloc_2_8_3.c)
    by : mspace_malloc (malloc_2_8_3.c)
    by : hl_lea_alloc(unsigned long, unsigned long) (lea_heap.c)
    by : db_ws_alloc(unsigned long) (quick_fit.c)
    by : classobj_alloc_threaded_array(int, int) (class_object.c)
    by : classobj_install_template(sm_class*, sm_template*, int) (class_object.c)
    by : install_new_representation(db_object*, sm_class*, sm_template*) (schema_manager.c)
    by : update_class(sm_template*, db_object**, int) (schema_manager.c)
    by : sm_finish_class(sm_template*, db_object**) (schema_manager.c)
    by : dbt_finish_class (db_temp.c)
    by : do_create_partition(parser_context*, parser_node*, sm_partition_alter_info*) (execute_schema.c)
    by : do_alter_partitioning_post(parser_context*, parser_node*, sm_partition_alter_info*) (execute_schema.c)
    by : do_alter_one_clause_with_template(parser_context*, parser_node*) (execute_schema.c)
    by : do_alter(parser_context*, parser_node*) (execute_schema.c)
    by : do_check_internal_statements(parser_context*, parser_node*, int (*)(parser_context*, parser_node*)) (execute_statement.c)
    by : do_execute_statement(parser_context*, parser_node*) (execute_statement.c)
    by : db_execute_and_keep_statement_local(db_session*, int, db_query_result**) (db_vdb.c)
    by : db_execute_and_keep_statement (db_vdb.c)
    by : ux_execute_all(t_srv_handle*, char, int, int, int, void**, t_net_buf*, t_req_info*, cache_time*, int*) (cas_execute.c)
    by : fn_execute_internal(int, int, void**, t_net_buf*, t_req_info*, int*) (cas_function.c)
    by : fn_execute(int, int, void**, t_net_buf*, t_req_info*) (cas_function.c)
    by : process_request(int, t_net_buf*, t_req_info*) (cas.c)
    by : cas_main() (cas.c)
    by : main (cas.c)
 
 65,536 bytes in 2 blocks are possibly lost in loss record 298 of 333
    at : malloc (vg_replace_malloc.c)
    by : my_malloc(unsigned long) (lea_heap.c)
    by : sys_alloc(malloc_state*, unsigned long) (malloc_2_8_3.c)
    by : mspace_malloc (malloc_2_8_3.c)
    by : internal_realloc(malloc_state*, void*, unsigned long) (malloc_2_8_3.c)
    by : mspace_realloc (malloc_2_8_3.c)
    by : hl_lea_realloc(unsigned long, void*, unsigned long) (lea_heap.c)
    by : db_ws_realloc(void*, unsigned long) (quick_fit.c)
    by : db_private_realloc_debug(void*, void*, unsigned long, bool, char const*, int) (memory_alloc.c)
    by : realloc_block(db_value*, long) (set_object.c)
    by : col_expand_blocks(setobj*, long, long) (set_object.c)
    by : col_expand(setobj*, long) (set_object.c)
    by : col_insert(setobj*, long, db_value*) (set_object.c)
    by : col_add(setobj*, db_value*) (set_object.c)
    by : setobj_add_element(setobj*, db_value*) (set_object.c)
    by : set_add_element(db_set*, db_value*) (set_object.c)
    by : db_set_add (db_set.c)
    by : pt_set_value_to_db (parse_dbi.c)
    by : pt_db_value_initialize (parse_dbi.c)
    by : pt_value_to_db (parse_dbi.c)
    by : pt_bind_names_post(parser_context*, parser_node*, void*, int*) (name_resolution.c)
    by : pt_walk_private(parser_context*, parser_node*, void*) (parse_tree_cl.c)
    by : pt_apply_expr(parser_context*, parser_node*, parser_node* (*)(parser_context*, parser_node*, void*), void*) (parse_tree_cl.c)
    by : pt_walk_private(parser_context*, parser_node*, void*) (parse_tree_cl.c)
    by : pt_apply_select(parser_context*, parser_node*, parser_node* (*)(parser_context*, parser_node*, void*), void*) (parse_tree_cl.c)
    by : parser_walk_leaves (parse_tree_cl.c)
    by : pt_bind_names(parser_context*, parser_node*, void*, int*) (name_resolution.c)
    by : pt_walk_private(parser_context*, parser_node*, void*) (parse_tree_cl.c)
    by : parser_walk_tree (parse_tree_cl.c)
    by : pt_resolve_names (name_resolution.c)
    by : pt_check_with_info(parser_context*, parser_node*, semantic_chk_info*) (semantic_check.c)
    by : pt_semantic_check(parser_context*, parser_node*) (semantic_check.c)
    by : pt_compile (compile.c)
    by : db_compile_statement_local(db_session*) (db_vdb.c)
    by : db_compile_statement (db_vdb.c)
    by : ux_prepare(char*, int, char, t_net_buf*, t_req_info*, unsigned int) (cas_execute.c)
    by : fn_prepare_internal(int, int, void**, t_net_buf*, t_req_info*, int*) (cas_function.c)
    by : fn_prepare(int, int, void**, t_net_buf*, t_req_info*) (cas_function.c)
    by : process_request(int, t_net_buf*, t_req_info*) (cas.c)
    by : cas_main() (cas.c)
    by : main (cas.c)
 
 98,304 bytes in 3 blocks are possibly lost in loss record 307 of 333
    at : malloc (vg_replace_malloc.c)
    by : my_malloc(unsigned long) (lea_heap.c)
    by : sys_alloc(malloc_state*, unsigned long) (malloc_2_8_3.c)
    by : mspace_malloc (malloc_2_8_3.c)
    by : hl_lea_alloc(unsigned long, unsigned long) (lea_heap.c)
    by : db_ws_alloc(unsigned long) (quick_fit.c)
    by : classobj_make_attribute(char const*, pr_type*, SM_NAME_SPACE) (class_object.c)
    by : init_db_attribute_list(showstmt_metadata*) (show_meta.c)
    by : showstmt_metadata_init() (show_meta.c)
    by : boot_restart_client(boot_client_credential*) (boot_cl.c)
    by : db_restart (db_admin.c)
    by : db_restart_ex (db_admin.c)
    by : ux_database_connect(char*, char*, char*, char**) (cas_execute.c)
    by : cas_main() (cas.c)
    by : main (cas.c)
 
 131,072 bytes in 1 blocks are possibly lost in loss record 330 of 333
    at : malloc (vg_replace_malloc.c)
    by : my_malloc(unsigned long) (lea_heap.c)
    by : sys_alloc(malloc_state*, unsigned long) (malloc_2_8_3.c)
    by : mspace_malloc (malloc_2_8_3.c)
    by : hl_lea_alloc(unsigned long, unsigned long) (lea_heap.c)
    by : db_ws_alloc(unsigned long) (quick_fit.c)
    by : obj_alloc(sm_class*, int) (object_accessor.c)
    by : get_current(or_buf*, sm_class*, char**, int, int) (transform_cl.c)
    by : tf_disk_to_mem(char*, recdes*, int*) (transform_cl.c)
    by : locator_cache_object_instance(db_object*, db_object*, db_object**, char**, lc_copyarea_oneobj*, char**, recdes*, bool*) (locator_cl.c)
    by : locator_cache_have_object(db_object**, char**, recdes*, db_object**, char**, bool*, lc_copyarea_oneobj*) (locator_cl.c)
    by : locator_cache(lc_copy_area*, db_object*, char*, void (*)(db_object*, char*, void*), void*) (locator_cl.c)
    by : locator_lock(db_object*, LC_OBJTYPE, LOCK, LC_FETCH_VERSION_TYPE) (locator_cl.c)
    by : locator_fetch_object(db_object*, DB_FETCH_MODE, LC_FETCH_VERSION_TYPE) (locator_cl.c)
    by : locator_is_class(db_object*, DB_FETCH_MODE) (locator_cl.c)
    by : ws_identifier_with_check(db_object*, bool) (work_space.c)
    by : db_identifier (db_admin.c)
    by : dbobj_to_casobj(db_object*, t_object*) (cas_execute.c)
    by : dbval_to_net_buf(db_value*, t_net_buf*, char, int, char) (cas_execute.c)
    by : cur_tuple(t_query_result*, int, char, db_object*, t_net_buf*) (cas_execute.c)
    by : fetch_result(t_srv_handle*, int, int, char, int, t_net_buf*, t_req_info*) (cas_execute.c)
    by : ux_fetch(t_srv_handle*, int, int, char, int, t_net_buf*, t_req_info*) (cas_execute.c)
    by : fn_execute_internal(int, int, void**, t_net_buf*, t_req_info*, int*) (cas_function.c)
    by : fn_execute(int, int, void**, t_net_buf*, t_req_info*) (cas_function.c)
    by : process_request(int, t_net_buf*, t_req_info*) (cas.c)
    by : cas_main() (cas.c)
    by : main (cas.c)
 
 196,608 bytes in 2 blocks are possibly lost in loss record 331 of 333
    at : malloc (vg_replace_malloc.c)
    by : my_malloc(unsigned long) (lea_heap.c)
    by : sys_alloc(malloc_state*, unsigned long) (malloc_2_8_3.c)
    by : mspace_malloc (malloc_2_8_3.c)
    by : hl_lea_alloc(unsigned long, unsigned long) (lea_heap.c)
    by : db_ws_alloc(unsigned long) (quick_fit.c)
    by : db_private_alloc_debug(void*, unsigned long, bool, char const*, int) (memory_alloc.c)
    by : mr_readval_string_internal(or_buf*, db_value*, tp_domain*, int, bool, char*, int, int) (object_primitive.c)
    by : mr_data_readval_string(or_buf*, db_value*, tp_domain*, int, bool, char*, int) (object_primitive.c)
    by : cursor_get_tuple_value_to_dbvalue(or_buf*, tp_domain*, QFILE_TUPLE_VALUE_FLAG, db_value*, bool) (cursor.c)
    by : cursor_get_tuple_value_from_list(cursor_id*, int, db_value*, char*) (cursor.c)
    by : cursor_get_tuple_value(cursor_id*, int, db_value*) (cursor.c)
    by : db_query_get_tuple_value (db_query.c)
    by : cur_tuple(t_query_result*, int, char, db_object*, t_net_buf*) (cas_execute.c)
    by : fetch_result(t_srv_handle*, int, int, char, int, t_net_buf*, t_req_info*) (cas_execute.c)
    by : ux_fetch(t_srv_handle*, int, int, char, int, t_net_buf*, t_req_info*) (cas_execute.c)
    by : fn_execute_internal(int, int, void**, t_net_buf*, t_req_info*, int*) (cas_function.c)
    by : fn_execute(int, int, void**, t_net_buf*, t_req_info*) (cas_function.c)
    by : process_request(int, t_net_buf*, t_req_info*) (cas.c)
    by : cas_main() (cas.c)
    by : main (cas.c)
 
[LOGFILE] /home/qahome/qa_repository_test/memory_leak/memory_sql_10.2.0.7944-68bf8f1_20180606080941/memory_cub_cas_9033.log
 
 65,536 bytes in 2 blocks are possibly lost in loss record 124 of 131
    at : malloc (vg_replace_malloc.c)
    by : my_malloc(unsigned long) (lea_heap.c)
    by : sys_alloc(malloc_state*, unsigned long) (malloc_2_8_3.c)
    by : mspace_malloc (malloc_2_8_3.c)
    by : hl_lea_alloc(unsigned long, unsigned long) (lea_heap.c)
    by : db_ws_alloc(unsigned long) (quick_fit.c)
    by : classobj_make_attribute(char const*, pr_type*, SM_NAME_SPACE) (class_object.c)
    by : init_db_attribute_list(showstmt_metadata*) (show_meta.c)
    by : showstmt_metadata_init() (show_meta.c)
    by : boot_restart_client(boot_client_credential*) (boot_cl.c)
    by : db_restart (db_admin.c)
    by : db_restart_ex (db_admin.c)
    by : ux_database_connect(char*, char*, char*, char**) (cas_execute.c)
    by : cas_main() (cas.c)
    by : main (cas.c)
 
