[LOGFILE] /home/qahome/qa_repository_test/memory_leak/memory_sql_10.2.0.7944-68bf8f1_20180606003931/memory_cub_cas_6397.log
 
 65,536 bytes in 2 blocks are possibly lost in loss record 124 of 131
    at : malloc (vg_replace_malloc.c:298)
    by : my_malloc(unsigned long) (lea_heap.c:125)
    by : sys_alloc(malloc_state*, unsigned long) (malloc_2_8_3.c:3612)
    by : mspace_malloc (malloc_2_8_3.c:4921)
    by : hl_lea_alloc(unsigned long, unsigned long) (lea_heap.c:342)
    by : db_ws_alloc(unsigned long) (quick_fit.c:112)
    by : classobj_make_attribute(char const*, pr_type*, SM_NAME_SPACE) (class_object.c:4680)
    by : init_db_attribute_list(showstmt_metadata*) (show_meta.c:832)
    by : showstmt_metadata_init() (show_meta.c:935)
    by : boot_restart_client(boot_client_credential*) (boot_cl.c:1335)
    by : db_restart (db_admin.c:884)
    by : db_restart_ex (db_admin.c:944)
    by : ux_database_connect(char*, char*, char*, char**) (cas_execute.c:528)
    by : cas_main() (cas.c:1152)
    by : main (cas.c:493)
 
[LOGFILE] /home/qahome/qa_repository_test/memory_leak/memory_sql_10.2.0.7944-68bf8f1_20180606003931/memory_cub_cas_6402.log
 
 8 bytes in 1 blocks are possibly lost in loss record 11 of 370
    at : calloc (vg_replace_malloc.c:710)
    by : pt_add_lock_class(parser_context*, pt_class_locks*, parser_node*, lc_prefetch_flags) (compile.c:736)
    by : pt_find_lck_classes(parser_context*, parser_node*, void*, int*) (compile.c:837)
    by : pt_walk_private(parser_context*, parser_node*, void*) (parse_tree_cl.c:880)
    by : pt_apply_spec(parser_context*, parser_node*, parser_node* (*)(parser_context*, parser_node*, void*), void*) (parse_tree_cl.c:9399)
    by : pt_walk_private(parser_context*, parser_node*, void*) (parse_tree_cl.c:902)
    by : pt_apply_select(parser_context*, parser_node*, parser_node* (*)(parser_context*, parser_node*, void*), void*) (parse_tree_cl.c:14236)
    by : pt_walk_private(parser_context*, parser_node*, void*) (parse_tree_cl.c:902)
    by : parser_walk_tree (parse_tree_cl.c:1011)
    by : pt_class_pre_fetch (compile.c:545)
    by : sm_virtual_queries(parser_context*, db_object*) (schema_manager.c:6322)
    by : mq_fetch_attributes(parser_context*, parser_node*) (view_transform.c:10109)
    by : mq_substitute_select_in_statement(parser_context*, parser_node*, parser_node*, parser_node*) (view_transform.c:1237)
    by : mq_substitute_subquery_in_statement(parser_context*, parser_node*, parser_node*, parser_node*, parser_node*, int) (view_transform.c:1902)
    by : mq_substitute_subquery_list_in_statement(parser_context*, parser_node*, parser_node*, parser_node*, parser_node*, int) (view_transform.c:2124)
    by : mq_translate_tree(parser_context*, parser_node*, parser_node*, parser_node*, int) (view_transform.c:2446)
    by : mq_translate_select(parser_context*, parser_node*) (view_transform.c:3832)
    by : mq_translate_local(parser_context*, parser_node*, void*, int*) (view_transform.c:4772)
    by : pt_walk_private(parser_context*, parser_node*, void*) (parse_tree_cl.c:932)
    by : parser_walk_tree (parse_tree_cl.c:1011)
    by : mq_translate_helper(parser_context*, parser_node*) (view_transform.c:6220)
    by : mq_translate(parser_context*, parser_node*) (view_transform.c:6528)
    by : db_compile_statement_local(db_session*) (db_vdb.c:633)
    by : db_compile_statement (db_vdb.c:733)
    by : ux_prepare(char*, int, char, t_net_buf*, t_req_info*, unsigned int) (cas_execute.c:871)
    by : fn_prepare_internal(int, int, void**, t_net_buf*, t_req_info*, int*) (cas_function.c:374)
    by : fn_prepare(int, int, void**, t_net_buf*, t_req_info*) (cas_function.c:295)
    by : process_request(int, t_net_buf*, t_req_info*) (cas.c:1960)
    by : cas_main() (cas.c:1247)
    by : main (cas.c:493)
 
 8 bytes in 1 blocks are possibly lost in loss record 12 of 370
    at : calloc (vg_replace_malloc.c:710)
    by : pt_add_lock_class(parser_context*, pt_class_locks*, parser_node*, lc_prefetch_flags) (compile.c:736)
    by : pt_find_lck_classes(parser_context*, parser_node*, void*, int*) (compile.c:837)
    by : pt_walk_private(parser_context*, parser_node*, void*) (parse_tree_cl.c:880)
    by : pt_apply_spec(parser_context*, parser_node*, parser_node* (*)(parser_context*, parser_node*, void*), void*) (parse_tree_cl.c:9399)
    by : pt_walk_private(parser_context*, parser_node*, void*) (parse_tree_cl.c:902)
    by : pt_apply_select(parser_context*, parser_node*, parser_node* (*)(parser_context*, parser_node*, void*), void*) (parse_tree_cl.c:14236)
    by : pt_walk_private(parser_context*, parser_node*, void*) (parse_tree_cl.c:902)
    by : parser_walk_tree (parse_tree_cl.c:1011)
    by : pt_class_pre_fetch (compile.c:545)
    by : sm_virtual_queries(parser_context*, db_object*) (schema_manager.c:6322)
    by : mq_fetch_attributes(parser_context*, parser_node*) (view_transform.c:10109)
    by : mq_substitute_select_in_statement(parser_context*, parser_node*, parser_node*, parser_node*) (view_transform.c:1237)
    by : mq_substitute_subquery_in_statement(parser_context*, parser_node*, parser_node*, parser_node*, parser_node*, int) (view_transform.c:1803)
    by : mq_substitute_subquery_list_in_statement(parser_context*, parser_node*, parser_node*, parser_node*, parser_node*, int) (view_transform.c:2124)
    by : mq_translate_tree(parser_context*, parser_node*, parser_node*, parser_node*, int) (view_transform.c:2446)
    by : mq_translate_select(parser_context*, parser_node*) (view_transform.c:3832)
    by : mq_translate_local(parser_context*, parser_node*, void*, int*) (view_transform.c:4772)
    by : pt_walk_private(parser_context*, parser_node*, void*) (parse_tree_cl.c:932)
    by : pt_apply_node_list(parser_context*, parser_node*, parser_node* (*)(parser_context*, parser_node*, void*), void*) (parse_tree_cl.c:17203)
    by : pt_walk_private(parser_context*, parser_node*, void*) (parse_tree_cl.c:902)
    by : pt_apply_insert(parser_context*, parser_node*, parser_node* (*)(parser_context*, parser_node*, void*), void*) (parse_tree_cl.c:12940)
    by : pt_walk_private(parser_context*, parser_node*, void*) (parse_tree_cl.c:902)
    by : parser_walk_tree (parse_tree_cl.c:1011)
    by : mq_translate_helper(parser_context*, parser_node*) (view_transform.c:6267)
    by : mq_translate(parser_context*, parser_node*) (view_transform.c:6528)
    by : db_compile_statement_local(db_session*) (db_vdb.c:633)
    by : db_compile_statement (db_vdb.c:733)
    by : ux_prepare(char*, int, char, t_net_buf*, t_req_info*, unsigned int) (cas_execute.c:871)
    by : fn_prepare_internal(int, int, void**, t_net_buf*, t_req_info*, int*) (cas_function.c:374)
    by : fn_prepare(int, int, void**, t_net_buf*, t_req_info*) (cas_function.c:295)
    by : process_request(int, t_net_buf*, t_req_info*) (cas.c:1960)
    by : cas_main() (cas.c:1247)
    by : main (cas.c:493)
 
 9 bytes in 1 blocks are possibly lost in loss record 13 of 370
    at : calloc (vg_replace_malloc.c:710)
    by : pt_add_lock_class(parser_context*, pt_class_locks*, parser_node*, lc_prefetch_flags) (compile.c:736)
    by : pt_find_lck_classes(parser_context*, parser_node*, void*, int*) (compile.c:837)
    by : pt_walk_private(parser_context*, parser_node*, void*) (parse_tree_cl.c:880)
    by : pt_apply_select(parser_context*, parser_node*, parser_node* (*)(parser_context*, parser_node*, void*), void*) (parse_tree_cl.c:14236)
    by : pt_walk_private(parser_context*, parser_node*, void*) (parse_tree_cl.c:902)
    by : pt_apply_expr(parser_context*, parser_node*, parser_node* (*)(parser_context*, parser_node*, void*), void*) (parse_tree_cl.c:9878)
    by : pt_walk_private(parser_context*, parser_node*, void*) (parse_tree_cl.c:902)
    by : pt_walk_private(parser_context*, parser_node*, void*) (parse_tree_cl.c:914)
    by : pt_walk_private(parser_context*, parser_node*, void*) (parse_tree_cl.c:914)
    by : pt_walk_private(parser_context*, parser_node*, void*) (parse_tree_cl.c:920)
    by : pt_walk_private(parser_context*, parser_node*, void*) (parse_tree_cl.c:920)
    by : pt_walk_private(parser_context*, parser_node*, void*) (parse_tree_cl.c:920)
    by : pt_apply_select(parser_context*, parser_node*, parser_node* (*)(parser_context*, parser_node*, void*), void*) (parse_tree_cl.c:14237)
    by : pt_walk_private(parser_context*, parser_node*, void*) (parse_tree_cl.c:902)
    by : parser_walk_tree (parse_tree_cl.c:1011)
    by : pt_class_pre_fetch (compile.c:545)
    by : sm_virtual_queries(parser_context*, db_object*) (schema_manager.c:6322)
    by : mq_fetch_attributes(parser_context*, parser_node*) (view_transform.c:10109)
    by : mq_substitute_select_in_statement(parser_context*, parser_node*, parser_node*, parser_node*) (view_transform.c:1237)
    by : mq_substitute_subquery_in_statement(parser_context*, parser_node*, parser_node*, parser_node*, parser_node*, int) (view_transform.c:1902)
    by : mq_substitute_subquery_list_in_statement(parser_context*, parser_node*, parser_node*, parser_node*, parser_node*, int) (view_transform.c:2124)
    by : mq_translate_tree(parser_context*, parser_node*, parser_node*, parser_node*, int) (view_transform.c:2446)
    by : mq_translate_select(parser_context*, parser_node*) (view_transform.c:3832)
    by : mq_translate_local(parser_context*, parser_node*, void*, int*) (view_transform.c:4772)
    by : pt_walk_private(parser_context*, parser_node*, void*) (parse_tree_cl.c:932)
    by : parser_walk_tree (parse_tree_cl.c:1011)
    by : mq_translate_helper(parser_context*, parser_node*) (view_transform.c:6220)
    by : mq_translate(parser_context*, parser_node*) (view_transform.c:6528)
    by : db_compile_statement_local(db_session*) (db_vdb.c:633)
    by : db_compile_statement (db_vdb.c:733)
    by : ux_prepare(char*, int, char, t_net_buf*, t_req_info*, unsigned int) (cas_execute.c:871)
    by : fn_prepare_internal(int, int, void**, t_net_buf*, t_req_info*, int*) (cas_function.c:374)
    by : fn_prepare(int, int, void**, t_net_buf*, t_req_info*) (cas_function.c:295)
    by : process_request(int, t_net_buf*, t_req_info*) (cas.c:1960)
    by : cas_main() (cas.c:1247)
    by : main (cas.c:493)
 
 9 bytes in 1 blocks are possibly lost in loss record 14 of 370
    at : calloc (vg_replace_malloc.c:710)
    by : pt_add_lock_class(parser_context*, pt_class_locks*, parser_node*, lc_prefetch_flags) (compile.c:736)
    by : pt_find_lck_classes(parser_context*, parser_node*, void*, int*) (compile.c:837)
    by : pt_walk_private(parser_context*, parser_node*, void*) (parse_tree_cl.c:880)
    by : pt_apply_select(parser_context*, parser_node*, parser_node* (*)(parser_context*, parser_node*, void*), void*) (parse_tree_cl.c:14236)
    by : pt_walk_private(parser_context*, parser_node*, void*) (parse_tree_cl.c:902)
    by : pt_apply_expr(parser_context*, parser_node*, parser_node* (*)(parser_context*, parser_node*, void*), void*) (parse_tree_cl.c:9878)
    by : pt_walk_private(parser_context*, parser_node*, void*) (parse_tree_cl.c:902)
    by : pt_walk_private(parser_context*, parser_node*, void*) (parse_tree_cl.c:914)
    by : pt_walk_private(parser_context*, parser_node*, void*) (parse_tree_cl.c:914)
    by : pt_walk_private(parser_context*, parser_node*, void*) (parse_tree_cl.c:920)
    by : pt_apply_select(parser_context*, parser_node*, parser_node* (*)(parser_context*, parser_node*, void*), void*) (parse_tree_cl.c:14237)
    by : pt_walk_private(parser_context*, parser_node*, void*) (parse_tree_cl.c:902)
    by : parser_walk_tree (parse_tree_cl.c:1011)
    by : pt_class_pre_fetch (compile.c:545)
    by : sm_virtual_queries(parser_context*, db_object*) (schema_manager.c:6322)
    by : mq_fetch_attributes(parser_context*, parser_node*) (view_transform.c:10109)
    by : mq_substitute_select_in_statement(parser_context*, parser_node*, parser_node*, parser_node*) (view_transform.c:1237)
    by : mq_substitute_subquery_in_statement(parser_context*, parser_node*, parser_node*, parser_node*, parser_node*, int) (view_transform.c:1803)
    by : mq_substitute_subquery_list_in_statement(parser_context*, parser_node*, parser_node*, parser_node*, parser_node*, int) (view_transform.c:2124)
    by : mq_translate_tree(parser_context*, parser_node*, parser_node*, parser_node*, int) (view_transform.c:2446)
    by : mq_translate_select(parser_context*, parser_node*) (view_transform.c:3832)
    by : mq_translate_local(parser_context*, parser_node*, void*, int*) (view_transform.c:4772)
    by : pt_walk_private(parser_context*, parser_node*, void*) (parse_tree_cl.c:932)
    by : pt_apply_node_list(parser_context*, parser_node*, parser_node* (*)(parser_context*, parser_node*, void*), void*) (parse_tree_cl.c:17203)
    by : pt_walk_private(parser_context*, parser_node*, void*) (parse_tree_cl.c:902)
    by : pt_apply_insert(parser_context*, parser_node*, parser_node* (*)(parser_context*, parser_node*, void*), void*) (parse_tree_cl.c:12940)
    by : pt_walk_private(parser_context*, parser_node*, void*) (parse_tree_cl.c:902)
    by : parser_walk_tree (parse_tree_cl.c:1011)
    by : mq_translate_helper(parser_context*, parser_node*) (view_transform.c:6267)
    by : mq_translate(parser_context*, parser_node*) (view_transform.c:6528)
    by : db_compile_statement_local(db_session*) (db_vdb.c:633)
    by : db_compile_statement (db_vdb.c:733)
    by : ux_prepare(char*, int, char, t_net_buf*, t_req_info*, unsigned int) (cas_execute.c:871)
    by : fn_prepare_internal(int, int, void**, t_net_buf*, t_req_info*, int*) (cas_function.c:374)
    by : fn_prepare(int, int, void**, t_net_buf*, t_req_info*) (cas_function.c:295)
    by : process_request(int, t_net_buf*, t_req_info*) (cas.c:1960)
    by : cas_main() (cas.c:1247)
    by : main (cas.c:493)
 
 10 bytes in 1 blocks are possibly lost in loss record 16 of 370
    at : calloc (vg_replace_malloc.c:710)
    by : pt_add_lock_class(parser_context*, pt_class_locks*, parser_node*, lc_prefetch_flags) (compile.c:736)
    by : pt_find_lck_classes(parser_context*, parser_node*, void*, int*) (compile.c:837)
    by : pt_walk_private(parser_context*, parser_node*, void*) (parse_tree_cl.c:880)
    by : pt_apply_select(parser_context*, parser_node*, parser_node* (*)(parser_context*, parser_node*, void*), void*) (parse_tree_cl.c:14236)
    by : pt_walk_private(parser_context*, parser_node*, void*) (parse_tree_cl.c:902)
    by : parser_walk_tree (parse_tree_cl.c:1011)
    by : pt_class_pre_fetch (compile.c:545)
    by : sm_virtual_queries(parser_context*, db_object*) (schema_manager.c:6322)
    by : mq_fetch_attributes(parser_context*, parser_node*) (view_transform.c:10109)
    by : mq_substitute_select_in_statement(parser_context*, parser_node*, parser_node*, parser_node*) (view_transform.c:1237)
    by : mq_substitute_subquery_in_statement(parser_context*, parser_node*, parser_node*, parser_node*, parser_node*, int) (view_transform.c:1902)
    by : mq_substitute_subquery_list_in_statement(parser_context*, parser_node*, parser_node*, parser_node*, parser_node*, int) (view_transform.c:2124)
    by : mq_translate_tree(parser_context*, parser_node*, parser_node*, parser_node*, int) (view_transform.c:2446)
    by : mq_translate_select(parser_context*, parser_node*) (view_transform.c:3832)
    by : mq_translate_local(parser_context*, parser_node*, void*, int*) (view_transform.c:4772)
    by : pt_walk_private(parser_context*, parser_node*, void*) (parse_tree_cl.c:932)
    by : parser_walk_tree (parse_tree_cl.c:1011)
    by : mq_translate_helper(parser_context*, parser_node*) (view_transform.c:6220)
    by : mq_translate(parser_context*, parser_node*) (view_transform.c:6528)
    by : db_compile_statement_local(db_session*) (db_vdb.c:633)
    by : db_compile_statement (db_vdb.c:733)
    by : ux_prepare(char*, int, char, t_net_buf*, t_req_info*, unsigned int) (cas_execute.c:871)
    by : fn_prepare_internal(int, int, void**, t_net_buf*, t_req_info*, int*) (cas_function.c:374)
    by : fn_prepare(int, int, void**, t_net_buf*, t_req_info*) (cas_function.c:295)
    by : process_request(int, t_net_buf*, t_req_info*) (cas.c:1960)
    by : cas_main() (cas.c:1247)
    by : main (cas.c:493)
 
 10 bytes in 1 blocks are possibly lost in loss record 17 of 370
    at : calloc (vg_replace_malloc.c:710)
    by : pt_add_lock_class(parser_context*, pt_class_locks*, parser_node*, lc_prefetch_flags) (compile.c:736)
    by : pt_find_lck_classes(parser_context*, parser_node*, void*, int*) (compile.c:837)
    by : pt_walk_private(parser_context*, parser_node*, void*) (parse_tree_cl.c:880)
    by : pt_apply_select(parser_context*, parser_node*, parser_node* (*)(parser_context*, parser_node*, void*), void*) (parse_tree_cl.c:14236)
    by : pt_walk_private(parser_context*, parser_node*, void*) (parse_tree_cl.c:902)
    by : parser_walk_tree (parse_tree_cl.c:1011)
    by : pt_class_pre_fetch (compile.c:545)
    by : sm_virtual_queries(parser_context*, db_object*) (schema_manager.c:6322)
    by : mq_fetch_attributes(parser_context*, parser_node*) (view_transform.c:10109)
    by : mq_substitute_select_in_statement(parser_context*, parser_node*, parser_node*, parser_node*) (view_transform.c:1237)
    by : mq_substitute_subquery_in_statement(parser_context*, parser_node*, parser_node*, parser_node*, parser_node*, int) (view_transform.c:1803)
    by : mq_substitute_subquery_list_in_statement(parser_context*, parser_node*, parser_node*, parser_node*, parser_node*, int) (view_transform.c:2124)
    by : mq_translate_tree(parser_context*, parser_node*, parser_node*, parser_node*, int) (view_transform.c:2446)
    by : mq_translate_select(parser_context*, parser_node*) (view_transform.c:3832)
    by : mq_translate_local(parser_context*, parser_node*, void*, int*) (view_transform.c:4772)
    by : pt_walk_private(parser_context*, parser_node*, void*) (parse_tree_cl.c:932)
    by : pt_apply_node_list(parser_context*, parser_node*, parser_node* (*)(parser_context*, parser_node*, void*), void*) (parse_tree_cl.c:17203)
    by : pt_walk_private(parser_context*, parser_node*, void*) (parse_tree_cl.c:902)
    by : pt_apply_insert(parser_context*, parser_node*, parser_node* (*)(parser_context*, parser_node*, void*), void*) (parse_tree_cl.c:12940)
    by : pt_walk_private(parser_context*, parser_node*, void*) (parse_tree_cl.c:902)
    by : parser_walk_tree (parse_tree_cl.c:1011)
    by : mq_translate_helper(parser_context*, parser_node*) (view_transform.c:6267)
    by : mq_translate(parser_context*, parser_node*) (view_transform.c:6528)
    by : db_compile_statement_local(db_session*) (db_vdb.c:633)
    by : db_compile_statement (db_vdb.c:733)
    by : ux_prepare(char*, int, char, t_net_buf*, t_req_info*, unsigned int) (cas_execute.c:871)
    by : fn_prepare_internal(int, int, void**, t_net_buf*, t_req_info*, int*) (cas_function.c:374)
    by : fn_prepare(int, int, void**, t_net_buf*, t_req_info*) (cas_function.c:295)
    by : process_request(int, t_net_buf*, t_req_info*) (cas.c:1960)
    by : cas_main() (cas.c:1247)
    by : main (cas.c:493)
 
 11 bytes in 1 blocks are possibly lost in loss record 18 of 370
    at : calloc (vg_replace_malloc.c:710)
    by : pt_add_lock_class(parser_context*, pt_class_locks*, parser_node*, lc_prefetch_flags) (compile.c:736)
    by : pt_find_lck_classes(parser_context*, parser_node*, void*, int*) (compile.c:837)
    by : pt_walk_private(parser_context*, parser_node*, void*) (parse_tree_cl.c:880)
    by : pt_walk_private(parser_context*, parser_node*, void*) (parse_tree_cl.c:920)
    by : pt_walk_private(parser_context*, parser_node*, void*) (parse_tree_cl.c:920)
    by : pt_apply_select(parser_context*, parser_node*, parser_node* (*)(parser_context*, parser_node*, void*), void*) (parse_tree_cl.c:14236)
    by : pt_walk_private(parser_context*, parser_node*, void*) (parse_tree_cl.c:902)
    by : parser_walk_tree (parse_tree_cl.c:1011)
    by : pt_class_pre_fetch (compile.c:545)
    by : sm_virtual_queries(parser_context*, db_object*) (schema_manager.c:6322)
    by : mq_fetch_attributes(parser_context*, parser_node*) (view_transform.c:10109)
    by : mq_substitute_select_in_statement(parser_context*, parser_node*, parser_node*, parser_node*) (view_transform.c:1237)
    by : mq_substitute_subquery_in_statement(parser_context*, parser_node*, parser_node*, parser_node*, parser_node*, int) (view_transform.c:1902)
    by : mq_substitute_subquery_list_in_statement(parser_context*, parser_node*, parser_node*, parser_node*, parser_node*, int) (view_transform.c:2124)
    by : mq_translate_tree(parser_context*, parser_node*, parser_node*, parser_node*, int) (view_transform.c:2446)
    by : mq_translate_select(parser_context*, parser_node*) (view_transform.c:3832)
    by : mq_translate_local(parser_context*, parser_node*, void*, int*) (view_transform.c:4772)
    by : pt_walk_private(parser_context*, parser_node*, void*) (parse_tree_cl.c:932)
    by : parser_walk_tree (parse_tree_cl.c:1011)
    by : mq_translate_helper(parser_context*, parser_node*) (view_transform.c:6220)
    by : mq_translate(parser_context*, parser_node*) (view_transform.c:6528)
    by : db_compile_statement_local(db_session*) (db_vdb.c:633)
    by : db_compile_statement (db_vdb.c:733)
    by : ux_prepare(char*, int, char, t_net_buf*, t_req_info*, unsigned int) (cas_execute.c:871)
    by : fn_prepare_internal(int, int, void**, t_net_buf*, t_req_info*, int*) (cas_function.c:374)
    by : fn_prepare(int, int, void**, t_net_buf*, t_req_info*) (cas_function.c:295)
    by : process_request(int, t_net_buf*, t_req_info*) (cas.c:1960)
    by : cas_main() (cas.c:1247)
    by : main (cas.c:493)
 
 12 bytes in 1 blocks are possibly lost in loss record 20 of 370
    at : calloc (vg_replace_malloc.c:710)
    by : pt_add_lock_class(parser_context*, pt_class_locks*, parser_node*, lc_prefetch_flags) (compile.c:736)
    by : pt_find_lck_classes(parser_context*, parser_node*, void*, int*) (compile.c:837)
    by : pt_walk_private(parser_context*, parser_node*, void*) (parse_tree_cl.c:880)
    by : pt_apply_select(parser_context*, parser_node*, parser_node* (*)(parser_context*, parser_node*, void*), void*) (parse_tree_cl.c:14236)
    by : pt_walk_private(parser_context*, parser_node*, void*) (parse_tree_cl.c:902)
    by : pt_apply_expr(parser_context*, parser_node*, parser_node* (*)(parser_context*, parser_node*, void*), void*) (parse_tree_cl.c:9878)
    by : pt_walk_private(parser_context*, parser_node*, void*) (parse_tree_cl.c:902)
    by : pt_walk_private(parser_context*, parser_node*, void*) (parse_tree_cl.c:920)
    by : pt_walk_private(parser_context*, parser_node*, void*) (parse_tree_cl.c:920)
    by : pt_walk_private(parser_context*, parser_node*, void*) (parse_tree_cl.c:920)
    by : pt_walk_private(parser_context*, parser_node*, void*) (parse_tree_cl.c:920)
    by : pt_walk_private(parser_context*, parser_node*, void*) (parse_tree_cl.c:920)
    by : pt_walk_private(parser_context*, parser_node*, void*) (parse_tree_cl.c:920)
    by : pt_walk_private(parser_context*, parser_node*, void*) (parse_tree_cl.c:920)
    by : pt_walk_private(parser_context*, parser_node*, void*) (parse_tree_cl.c:920)
    by : pt_walk_private(parser_context*, parser_node*, void*) (parse_tree_cl.c:920)
    by : pt_walk_private(parser_context*, parser_node*, void*) (parse_tree_cl.c:920)
    by : pt_apply_select(parser_context*, parser_node*, parser_node* (*)(parser_context*, parser_node*, void*), void*) (parse_tree_cl.c:14235)
    by : pt_walk_private(parser_context*, parser_node*, void*) (parse_tree_cl.c:902)
    by : parser_walk_tree (parse_tree_cl.c:1011)
    by : pt_class_pre_fetch (compile.c:545)
    by : sm_virtual_queries(parser_context*, db_object*) (schema_manager.c:6322)
    by : mq_fetch_attributes(parser_context*, parser_node*) (view_transform.c:10109)
    by : mq_substitute_select_in_statement(parser_context*, parser_node*, parser_node*, parser_node*) (view_transform.c:1237)
    by : mq_substitute_subquery_in_statement(parser_context*, parser_node*, parser_node*, parser_node*, parser_node*, int) (view_transform.c:1902)
    by : mq_substitute_subquery_list_in_statement(parser_context*, parser_node*, parser_node*, parser_node*, parser_node*, int) (view_transform.c:2124)
    by : mq_translate_tree(parser_context*, parser_node*, parser_node*, parser_node*, int) (view_transform.c:2446)
    by : mq_translate_select(parser_context*, parser_node*) (view_transform.c:3832)
    by : mq_translate_local(parser_context*, parser_node*, void*, int*) (view_transform.c:4772)
    by : pt_walk_private(parser_context*, parser_node*, void*) (parse_tree_cl.c:932)
    by : parser_walk_tree (parse_tree_cl.c:1011)
    by : mq_translate_helper(parser_context*, parser_node*) (view_transform.c:6220)
    by : mq_translate(parser_context*, parser_node*) (view_transform.c:6528)
    by : db_compile_statement_local(db_session*) (db_vdb.c:633)
    by : db_compile_statement (db_vdb.c:733)
    by : ux_prepare(char*, int, char, t_net_buf*, t_req_info*, unsigned int) (cas_execute.c:871)
    by : fn_prepare_internal(int, int, void**, t_net_buf*, t_req_info*, int*) (cas_function.c:374)
    by : fn_prepare(int, int, void**, t_net_buf*, t_req_info*) (cas_function.c:295)
    by : process_request(int, t_net_buf*, t_req_info*) (cas.c:1960)
    by : cas_main() (cas.c:1247)
    by : main (cas.c:493)
 
 14 bytes in 1 blocks are possibly lost in loss record 24 of 370
    at : calloc (vg_replace_malloc.c:710)
    by : pt_add_lock_class(parser_context*, pt_class_locks*, parser_node*, lc_prefetch_flags) (compile.c:736)
    by : pt_find_lck_classes(parser_context*, parser_node*, void*, int*) (compile.c:837)
    by : pt_walk_private(parser_context*, parser_node*, void*) (parse_tree_cl.c:880)
    by : pt_walk_private(parser_context*, parser_node*, void*) (parse_tree_cl.c:920)
    by : pt_apply_select(parser_context*, parser_node*, parser_node* (*)(parser_context*, parser_node*, void*), void*) (parse_tree_cl.c:14236)
    by : pt_walk_private(parser_context*, parser_node*, void*) (parse_tree_cl.c:902)
    by : parser_walk_tree (parse_tree_cl.c:1011)
    by : pt_class_pre_fetch (compile.c:545)
    by : sm_virtual_queries(parser_context*, db_object*) (schema_manager.c:6322)
    by : mq_fetch_attributes(parser_context*, parser_node*) (view_transform.c:10109)
    by : mq_substitute_select_in_statement(parser_context*, parser_node*, parser_node*, parser_node*) (view_transform.c:1237)
    by : mq_substitute_subquery_in_statement(parser_context*, parser_node*, parser_node*, parser_node*, parser_node*, int) (view_transform.c:1902)
    by : mq_substitute_subquery_list_in_statement(parser_context*, parser_node*, parser_node*, parser_node*, parser_node*, int) (view_transform.c:2124)
    by : mq_translate_tree(parser_context*, parser_node*, parser_node*, parser_node*, int) (view_transform.c:2446)
    by : mq_translate_select(parser_context*, parser_node*) (view_transform.c:3832)
    by : mq_translate_local(parser_context*, parser_node*, void*, int*) (view_transform.c:4772)
    by : pt_walk_private(parser_context*, parser_node*, void*) (parse_tree_cl.c:932)
    by : parser_walk_tree (parse_tree_cl.c:1011)
    by : mq_translate_helper(parser_context*, parser_node*) (view_transform.c:6220)
    by : mq_translate(parser_context*, parser_node*) (view_transform.c:6528)
    by : db_compile_statement_local(db_session*) (db_vdb.c:633)
    by : db_compile_statement (db_vdb.c:733)
    by : ux_prepare(char*, int, char, t_net_buf*, t_req_info*, unsigned int) (cas_execute.c:871)
    by : fn_prepare_internal(int, int, void**, t_net_buf*, t_req_info*, int*) (cas_function.c:374)
    by : fn_prepare(int, int, void**, t_net_buf*, t_req_info*) (cas_function.c:295)
    by : process_request(int, t_net_buf*, t_req_info*) (cas.c:1960)
    by : cas_main() (cas.c:1247)
    by : main (cas.c:493)
 
 14 bytes in 1 blocks are possibly lost in loss record 25 of 370
    at : calloc (vg_replace_malloc.c:710)
    by : pt_add_lock_class(parser_context*, pt_class_locks*, parser_node*, lc_prefetch_flags) (compile.c:736)
    by : pt_find_lck_classes(parser_context*, parser_node*, void*, int*) (compile.c:837)
    by : pt_walk_private(parser_context*, parser_node*, void*) (parse_tree_cl.c:880)
    by : pt_apply_select(parser_context*, parser_node*, parser_node* (*)(parser_context*, parser_node*, void*), void*) (parse_tree_cl.c:14236)
    by : pt_walk_private(parser_context*, parser_node*, void*) (parse_tree_cl.c:902)
    by : pt_apply_expr(parser_context*, parser_node*, parser_node* (*)(parser_context*, parser_node*, void*), void*) (parse_tree_cl.c:9878)
    by : pt_walk_private(parser_context*, parser_node*, void*) (parse_tree_cl.c:902)
    by : pt_walk_private(parser_context*, parser_node*, void*) (parse_tree_cl.c:920)
    by : pt_walk_private(parser_context*, parser_node*, void*) (parse_tree_cl.c:920)
    by : pt_walk_private(parser_context*, parser_node*, void*) (parse_tree_cl.c:920)
    by : pt_walk_private(parser_context*, parser_node*, void*) (parse_tree_cl.c:920)
    by : pt_walk_private(parser_context*, parser_node*, void*) (parse_tree_cl.c:920)
    by : pt_walk_private(parser_context*, parser_node*, void*) (parse_tree_cl.c:920)
    by : pt_walk_private(parser_context*, parser_node*, void*) (parse_tree_cl.c:920)
    by : pt_walk_private(parser_context*, parser_node*, void*) (parse_tree_cl.c:920)
    by : pt_walk_private(parser_context*, parser_node*, void*) (parse_tree_cl.c:920)
    by : pt_walk_private(parser_context*, parser_node*, void*) (parse_tree_cl.c:920)
    by : pt_walk_private(parser_context*, parser_node*, void*) (parse_tree_cl.c:920)
    by : pt_apply_select(parser_context*, parser_node*, parser_node* (*)(parser_context*, parser_node*, void*), void*) (parse_tree_cl.c:14235)
    by : pt_walk_private(parser_context*, parser_node*, void*) (parse_tree_cl.c:902)
    by : parser_walk_tree (parse_tree_cl.c:1011)
    by : pt_class_pre_fetch (compile.c:545)
    by : sm_virtual_queries(parser_context*, db_object*) (schema_manager.c:6322)
    by : mq_fetch_attributes(parser_context*, parser_node*) (view_transform.c:10109)
    by : mq_substitute_select_in_statement(parser_context*, parser_node*, parser_node*, parser_node*) (view_transform.c:1237)
    by : mq_substitute_subquery_in_statement(parser_context*, parser_node*, parser_node*, parser_node*, parser_node*, int) (view_transform.c:1902)
    by : mq_substitute_subquery_list_in_statement(parser_context*, parser_node*, parser_node*, parser_node*, parser_node*, int) (view_transform.c:2124)
    by : mq_translate_tree(parser_context*, parser_node*, parser_node*, parser_node*, int) (view_transform.c:2446)
    by : mq_translate_select(parser_context*, parser_node*) (view_transform.c:3832)
    by : mq_translate_local(parser_context*, parser_node*, void*, int*) (view_transform.c:4772)
    by : pt_walk_private(parser_context*, parser_node*, void*) (parse_tree_cl.c:932)
    by : parser_walk_tree (parse_tree_cl.c:1011)
    by : mq_translate_helper(parser_context*, parser_node*) (view_transform.c:6220)
    by : mq_translate(parser_context*, parser_node*) (view_transform.c:6528)
    by : db_compile_statement_local(db_session*) (db_vdb.c:633)
    by : db_compile_statement (db_vdb.c:733)
    by : ux_prepare(char*, int, char, t_net_buf*, t_req_info*, unsigned int) (cas_execute.c:871)
    by : fn_prepare_internal(int, int, void**, t_net_buf*, t_req_info*, int*) (cas_function.c:374)
    by : fn_prepare(int, int, void**, t_net_buf*, t_req_info*) (cas_function.c:295)
    by : process_request(int, t_net_buf*, t_req_info*) (cas.c:1960)
    by : cas_main() (cas.c:1247)
    by : main (cas.c:493)
 
 14 bytes in 1 blocks are possibly lost in loss record 26 of 370
    at : calloc (vg_replace_malloc.c:710)
    by : pt_add_lock_class(parser_context*, pt_class_locks*, parser_node*, lc_prefetch_flags) (compile.c:736)
    by : pt_find_lck_classes(parser_context*, parser_node*, void*, int*) (compile.c:837)
    by : pt_walk_private(parser_context*, parser_node*, void*) (parse_tree_cl.c:880)
    by : pt_walk_private(parser_context*, parser_node*, void*) (parse_tree_cl.c:920)
    by : pt_walk_private(parser_context*, parser_node*, void*) (parse_tree_cl.c:920)
    by : pt_walk_private(parser_context*, parser_node*, void*) (parse_tree_cl.c:920)
    by : pt_apply_select(parser_context*, parser_node*, parser_node* (*)(parser_context*, parser_node*, void*), void*) (parse_tree_cl.c:14236)
    by : pt_walk_private(parser_context*, parser_node*, void*) (parse_tree_cl.c:902)
    by : parser_walk_tree (parse_tree_cl.c:1011)
    by : pt_class_pre_fetch (compile.c:545)
    by : sm_virtual_queries(parser_context*, db_object*) (schema_manager.c:6322)
    by : mq_fetch_attributes(parser_context*, parser_node*) (view_transform.c:10109)
    by : mq_substitute_select_in_statement(parser_context*, parser_node*, parser_node*, parser_node*) (view_transform.c:1237)
    by : mq_substitute_subquery_in_statement(parser_context*, parser_node*, parser_node*, parser_node*, parser_node*, int) (view_transform.c:1902)
    by : mq_substitute_subquery_list_in_statement(parser_context*, parser_node*, parser_node*, parser_node*, parser_node*, int) (view_transform.c:2124)
    by : mq_translate_tree(parser_context*, parser_node*, parser_node*, parser_node*, int) (view_transform.c:2446)
    by : mq_translate_select(parser_context*, parser_node*) (view_transform.c:3832)
    by : mq_translate_local(parser_context*, parser_node*, void*, int*) (view_transform.c:4772)
    by : pt_walk_private(parser_context*, parser_node*, void*) (parse_tree_cl.c:932)
    by : parser_walk_tree (parse_tree_cl.c:1011)
    by : mq_translate_helper(parser_context*, parser_node*) (view_transform.c:6220)
    by : mq_translate(parser_context*, parser_node*) (view_transform.c:6528)
    by : db_compile_statement_local(db_session*) (db_vdb.c:633)
    by : db_compile_statement (db_vdb.c:733)
    by : ux_prepare(char*, int, char, t_net_buf*, t_req_info*, unsigned int) (cas_execute.c:871)
    by : fn_prepare_internal(int, int, void**, t_net_buf*, t_req_info*, int*) (cas_function.c:374)
    by : fn_prepare(int, int, void**, t_net_buf*, t_req_info*) (cas_function.c:295)
    by : process_request(int, t_net_buf*, t_req_info*) (cas.c:1960)
    by : cas_main() (cas.c:1247)
    by : main (cas.c:493)
 
 14 bytes in 1 blocks are possibly lost in loss record 27 of 370
    at : calloc (vg_replace_malloc.c:710)
    by : pt_add_lock_class(parser_context*, pt_class_locks*, parser_node*, lc_prefetch_flags) (compile.c:736)
    by : pt_find_lck_classes(parser_context*, parser_node*, void*, int*) (compile.c:837)
    by : pt_walk_private(parser_context*, parser_node*, void*) (parse_tree_cl.c:880)
    by : pt_apply_select(parser_context*, parser_node*, parser_node* (*)(parser_context*, parser_node*, void*), void*) (parse_tree_cl.c:14236)
    by : pt_walk_private(parser_context*, parser_node*, void*) (parse_tree_cl.c:902)
    by : pt_apply_expr(parser_context*, parser_node*, parser_node* (*)(parser_context*, parser_node*, void*), void*) (parse_tree_cl.c:9877)
    by : pt_walk_private(parser_context*, parser_node*, void*) (parse_tree_cl.c:902)
    by : pt_apply_expr(parser_context*, parser_node*, parser_node* (*)(parser_context*, parser_node*, void*), void*) (parse_tree_cl.c:9878)
    by : pt_walk_private(parser_context*, parser_node*, void*) (parse_tree_cl.c:902)
    by : pt_apply_expr(parser_context*, parser_node*, parser_node* (*)(parser_context*, parser_node*, void*), void*) (parse_tree_cl.c:9877)
    by : pt_walk_private(parser_context*, parser_node*, void*) (parse_tree_cl.c:902)
    by : pt_walk_private(parser_context*, parser_node*, void*) (parse_tree_cl.c:920)
    by : pt_walk_private(parser_context*, parser_node*, void*) (parse_tree_cl.c:920)
    by : pt_walk_private(parser_context*, parser_node*, void*) (parse_tree_cl.c:920)
    by : pt_walk_private(parser_context*, parser_node*, void*) (parse_tree_cl.c:920)
    by : pt_walk_private(parser_context*, parser_node*, void*) (parse_tree_cl.c:920)
    by : pt_apply_select(parser_context*, parser_node*, parser_node* (*)(parser_context*, parser_node*, void*), void*) (parse_tree_cl.c:14235)
    by : pt_walk_private(parser_context*, parser_node*, void*) (parse_tree_cl.c:902)
    by : parser_walk_tree (parse_tree_cl.c:1011)
    by : pt_class_pre_fetch (compile.c:545)
    by : sm_virtual_queries(parser_context*, db_object*) (schema_manager.c:6322)
    by : mq_fetch_attributes(parser_context*, parser_node*) (view_transform.c:10109)
    by : mq_substitute_select_in_statement(parser_context*, parser_node*, parser_node*, parser_node*) (view_transform.c:1237)
    by : mq_substitute_subquery_in_statement(parser_context*, parser_node*, parser_node*, parser_node*, parser_node*, int) (view_transform.c:1803)
    by : mq_substitute_subquery_list_in_statement(parser_context*, parser_node*, parser_node*, parser_node*, parser_node*, int) (view_transform.c:2124)
    by : mq_translate_tree(parser_context*, parser_node*, parser_node*, parser_node*, int) (view_transform.c:2446)
    by : mq_translate_select(parser_context*, parser_node*) (view_transform.c:3832)
    by : mq_translate_local(parser_context*, parser_node*, void*, int*) (view_transform.c:4772)
    by : pt_walk_private(parser_context*, parser_node*, void*) (parse_tree_cl.c:932)
    by : pt_apply_node_list(parser_context*, parser_node*, parser_node* (*)(parser_context*, parser_node*, void*), void*) (parse_tree_cl.c:17203)
    by : pt_walk_private(parser_context*, parser_node*, void*) (parse_tree_cl.c:902)
    by : pt_apply_insert(parser_context*, parser_node*, parser_node* (*)(parser_context*, parser_node*, void*), void*) (parse_tree_cl.c:12940)
    by : pt_walk_private(parser_context*, parser_node*, void*) (parse_tree_cl.c:902)
    by : parser_walk_tree (parse_tree_cl.c:1011)
    by : mq_translate_helper(parser_context*, parser_node*) (view_transform.c:6267)
    by : mq_translate(parser_context*, parser_node*) (view_transform.c:6528)
    by : db_compile_statement_local(db_session*) (db_vdb.c:633)
    by : db_compile_statement (db_vdb.c:733)
    by : ux_prepare(char*, int, char, t_net_buf*, t_req_info*, unsigned int) (cas_execute.c:871)
    by : fn_prepare_internal(int, int, void**, t_net_buf*, t_req_info*, int*) (cas_function.c:374)
    by : fn_prepare(int, int, void**, t_net_buf*, t_req_info*) (cas_function.c:295)
    by : process_request(int, t_net_buf*, t_req_info*) (cas.c:1960)
    by : cas_main() (cas.c:1247)
    by : main (cas.c:493)
 
 14 bytes in 1 blocks are possibly lost in loss record 28 of 370
    at : calloc (vg_replace_malloc.c:710)
    by : pt_add_lock_class(parser_context*, pt_class_locks*, parser_node*, lc_prefetch_flags) (compile.c:736)
    by : pt_find_lck_classes(parser_context*, parser_node*, void*, int*) (compile.c:837)
    by : pt_walk_private(parser_context*, parser_node*, void*) (parse_tree_cl.c:880)
    by : pt_walk_private(parser_context*, parser_node*, void*) (parse_tree_cl.c:920)
    by : pt_apply_select(parser_context*, parser_node*, parser_node* (*)(parser_context*, parser_node*, void*), void*) (parse_tree_cl.c:14236)
    by : pt_walk_private(parser_context*, parser_node*, void*) (parse_tree_cl.c:902)
    by : parser_walk_tree (parse_tree_cl.c:1011)
    by : pt_class_pre_fetch (compile.c:545)
    by : sm_virtual_queries(parser_context*, db_object*) (schema_manager.c:6322)
    by : mq_fetch_attributes(parser_context*, parser_node*) (view_transform.c:10109)
    by : mq_substitute_select_in_statement(parser_context*, parser_node*, parser_node*, parser_node*) (view_transform.c:1237)
    by : mq_substitute_subquery_in_statement(parser_context*, parser_node*, parser_node*, parser_node*, parser_node*, int) (view_transform.c:1803)
    by : mq_substitute_subquery_list_in_statement(parser_context*, parser_node*, parser_node*, parser_node*, parser_node*, int) (view_transform.c:2124)
    by : mq_translate_tree(parser_context*, parser_node*, parser_node*, parser_node*, int) (view_transform.c:2446)
    by : mq_translate_select(parser_context*, parser_node*) (view_transform.c:3832)
    by : mq_translate_local(parser_context*, parser_node*, void*, int*) (view_transform.c:4772)
    by : pt_walk_private(parser_context*, parser_node*, void*) (parse_tree_cl.c:932)
    by : pt_apply_node_list(parser_context*, parser_node*, parser_node* (*)(parser_context*, parser_node*, void*), void*) (parse_tree_cl.c:17203)
    by : pt_walk_private(parser_context*, parser_node*, void*) (parse_tree_cl.c:902)
    by : pt_apply_insert(parser_context*, parser_node*, parser_node* (*)(parser_context*, parser_node*, void*), void*) (parse_tree_cl.c:12940)
    by : pt_walk_private(parser_context*, parser_node*, void*) (parse_tree_cl.c:902)
    by : parser_walk_tree (parse_tree_cl.c:1011)
    by : mq_translate_helper(parser_context*, parser_node*) (view_transform.c:6267)
    by : mq_translate(parser_context*, parser_node*) (view_transform.c:6528)
    by : db_compile_statement_local(db_session*) (db_vdb.c:633)
    by : db_compile_statement (db_vdb.c:733)
    by : ux_prepare(char*, int, char, t_net_buf*, t_req_info*, unsigned int) (cas_execute.c:871)
    by : fn_prepare_internal(int, int, void**, t_net_buf*, t_req_info*, int*) (cas_function.c:374)
    by : fn_prepare(int, int, void**, t_net_buf*, t_req_info*) (cas_function.c:295)
    by : process_request(int, t_net_buf*, t_req_info*) (cas.c:1960)
    by : cas_main() (cas.c:1247)
    by : main (cas.c:493)
 
 104 bytes in 1 blocks are possibly lost in loss record 100 of 370
    at : malloc (vg_replace_malloc.c:298)
    by : pt_class_pre_fetch (compile.c:508)
    by : sm_virtual_queries(parser_context*, db_object*) (schema_manager.c:6322)
    by : mq_fetch_attributes(parser_context*, parser_node*) (view_transform.c:10109)
    by : mq_substitute_select_in_statement(parser_context*, parser_node*, parser_node*, parser_node*) (view_transform.c:1237)
    by : mq_substitute_subquery_in_statement(parser_context*, parser_node*, parser_node*, parser_node*, parser_node*, int) (view_transform.c:1803)
    by : mq_substitute_subquery_list_in_statement(parser_context*, parser_node*, parser_node*, parser_node*, parser_node*, int) (view_transform.c:2124)
    by : mq_translate_tree(parser_context*, parser_node*, parser_node*, parser_node*, int) (view_transform.c:2446)
    by : mq_translate_select(parser_context*, parser_node*) (view_transform.c:3832)
    by : mq_translate_local(parser_context*, parser_node*, void*, int*) (view_transform.c:4772)
    by : pt_walk_private(parser_context*, parser_node*, void*) (parse_tree_cl.c:932)
    by : pt_apply_node_list(parser_context*, parser_node*, parser_node* (*)(parser_context*, parser_node*, void*), void*) (parse_tree_cl.c:17203)
    by : pt_walk_private(parser_context*, parser_node*, void*) (parse_tree_cl.c:902)
    by : pt_apply_insert(parser_context*, parser_node*, parser_node* (*)(parser_context*, parser_node*, void*), void*) (parse_tree_cl.c:12940)
    by : pt_walk_private(parser_context*, parser_node*, void*) (parse_tree_cl.c:902)
    by : parser_walk_tree (parse_tree_cl.c:1011)
    by : mq_translate_helper(parser_context*, parser_node*) (view_transform.c:6267)
    by : mq_translate(parser_context*, parser_node*) (view_transform.c:6528)
    by : db_compile_statement_local(db_session*) (db_vdb.c:633)
    by : db_compile_statement (db_vdb.c:733)
    by : ux_prepare(char*, int, char, t_net_buf*, t_req_info*, unsigned int) (cas_execute.c:871)
    by : fn_prepare_internal(int, int, void**, t_net_buf*, t_req_info*, int*) (cas_function.c:374)
    by : fn_prepare(int, int, void**, t_net_buf*, t_req_info*) (cas_function.c:295)
    by : process_request(int, t_net_buf*, t_req_info*) (cas.c:1960)
    by : cas_main() (cas.c:1247)
    by : main (cas.c:493)
 
 144 bytes in 1 blocks are possibly lost in loss record 122 of 370
    at : malloc (vg_replace_malloc.c:298)
    by : pt_class_pre_fetch (compile.c:508)
    by : sm_virtual_queries(parser_context*, db_object*) (schema_manager.c:6322)
    by : mq_fetch_attributes(parser_context*, parser_node*) (view_transform.c:10109)
    by : mq_substitute_select_in_statement(parser_context*, parser_node*, parser_node*, parser_node*) (view_transform.c:1237)
    by : mq_substitute_subquery_in_statement(parser_context*, parser_node*, parser_node*, parser_node*, parser_node*, int) (view_transform.c:1902)
    by : mq_substitute_subquery_list_in_statement(parser_context*, parser_node*, parser_node*, parser_node*, parser_node*, int) (view_transform.c:2124)
    by : mq_translate_tree(parser_context*, parser_node*, parser_node*, parser_node*, int) (view_transform.c:2446)
    by : mq_translate_select(parser_context*, parser_node*) (view_transform.c:3832)
    by : mq_translate_local(parser_context*, parser_node*, void*, int*) (view_transform.c:4772)
    by : pt_walk_private(parser_context*, parser_node*, void*) (parse_tree_cl.c:932)
    by : parser_walk_tree (parse_tree_cl.c:1011)
    by : mq_translate_helper(parser_context*, parser_node*) (view_transform.c:6220)
    by : mq_translate(parser_context*, parser_node*) (view_transform.c:6528)
    by : db_compile_statement_local(db_session*) (db_vdb.c:633)
    by : db_compile_statement (db_vdb.c:733)
    by : ux_prepare(char*, int, char, t_net_buf*, t_req_info*, unsigned int) (cas_execute.c:871)
    by : fn_prepare_internal(int, int, void**, t_net_buf*, t_req_info*, int*) (cas_function.c:374)
    by : fn_prepare(int, int, void**, t_net_buf*, t_req_info*) (cas_function.c:295)
    by : process_request(int, t_net_buf*, t_req_info*) (cas.c:1960)
    by : cas_main() (cas.c:1247)
    by : main (cas.c:493)
 
 32,768 bytes in 1 blocks are possibly lost in loss record 349 of 370
    at : malloc (vg_replace_malloc.c:298)
    by : my_malloc(unsigned long) (lea_heap.c:125)
    by : sys_alloc(malloc_state*, unsigned long) (malloc_2_8_3.c:3612)
    by : mspace_malloc (malloc_2_8_3.c:4921)
    by : hl_lea_alloc(unsigned long, unsigned long) (lea_heap.c:342)
    by : db_ws_alloc(unsigned long) (quick_fit.c:112)
    by : classobj_alloc_threaded_array(int, int) (class_object.c:217)
    by : disk_to_class(or_buf*, sm_class**) (transform_cl.c:3977)
    by : tf_disk_to_class(db_identifier*, recdes*) (transform_cl.c:4299)
    by : locator_cache_object_class(db_object*, lc_copyarea_oneobj*, char**, recdes*, bool*) (locator_cl.c:3398)
    by : locator_cache_have_object(db_object**, char**, recdes*, db_object**, char**, bool*, lc_copyarea_oneobj*) (locator_cl.c:3696)
    by : locator_cache(lc_copy_area*, db_object*, char*, void (*)(db_object*, char*, void*), void*) (locator_cl.c:3823)
    by : locator_lock(db_object*, LC_OBJTYPE, LOCK, LC_FETCH_VERSION_TYPE) (locator_cl.c:830)
    by : locator_find_class_by_oid(db_object**, char const*, db_identifier*, LOCK) (locator_cl.c:3099)
    by : locator_find_class_by_name(char const*, LOCK, db_object**) (locator_cl.c:3173)
    by : locator_find_class(char const*) (locator_cl.c:3219)
    by : sm_find_class(char const*) (schema_manager.c:5004)
    by : db_find_class (db_info.c:141)
    by : sm_update_catalog_statistics(char const*, bool) (schema_manager.c:3970)
    by : sm_update_all_catalog_statistics(bool) (schema_manager.c:3951)
    by : do_update_stats(parser_context*, parser_node*) (execute_statement.c:4036)
    by : do_execute_statement(parser_context*, parser_node*) (execute_statement.c:3707)
    by : db_execute_and_keep_statement_local(db_session*, int, db_query_result**) (db_vdb.c:1741)
    by : db_execute_and_keep_statement (db_vdb.c:2850)
    by : ux_execute_all(t_srv_handle*, char, int, int, int, void**, t_net_buf*, t_req_info*, cache_time*, int*) (cas_execute.c:1526)
    by : fn_execute_internal(int, int, void**, t_net_buf*, t_req_info*, int*) (cas_function.c:652)
    by : fn_execute(int, int, void**, t_net_buf*, t_req_info*) (cas_function.c:402)
    by : process_request(int, t_net_buf*, t_req_info*) (cas.c:1960)
    by : cas_main() (cas.c:1247)
    by : main (cas.c:493)
 
 32,768 bytes in 1 blocks are possibly lost in loss record 350 of 370
    at : malloc (vg_replace_malloc.c:298)
    by : my_malloc(unsigned long) (lea_heap.c:125)
    by : sys_alloc(malloc_state*, unsigned long) (malloc_2_8_3.c:3612)
    by : mspace_malloc (malloc_2_8_3.c:4921)
    by : hl_lea_alloc(unsigned long, unsigned long) (lea_heap.c:342)
    by : db_ws_alloc(unsigned long) (quick_fit.c:112)
    by : classobj_alloc_threaded_array(int, int) (class_object.c:217)
    by : classobj_install_template(sm_class*, sm_template*, int) (class_object.c:7530)
    by : install_new_representation(db_object*, sm_class*, sm_template*) (schema_manager.c:11864)
    by : update_class(sm_template*, db_object**, int) (schema_manager.c:12703)
    by : sm_finish_class(sm_template*, db_object**) (schema_manager.c:12789)
    by : dbt_finish_class (db_temp.c:234)
    by : do_create_entity(parser_context*, parser_node*) (execute_schema.c:8687)
    by : do_check_internal_statements(parser_context*, parser_node*, int (*)(parser_context*, parser_node*)) (execute_statement.c:3869)
    by : do_execute_statement(parser_context*, parser_node*) (execute_statement.c:3577)
    by : db_execute_and_keep_statement_local(db_session*, int, db_query_result**) (db_vdb.c:1741)
    by : db_execute_and_keep_statement (db_vdb.c:2850)
    by : ux_execute_all(t_srv_handle*, char, int, int, int, void**, t_net_buf*, t_req_info*, cache_time*, int*) (cas_execute.c:1526)
    by : fn_execute_internal(int, int, void**, t_net_buf*, t_req_info*, int*) (cas_function.c:652)
    by : fn_execute(int, int, void**, t_net_buf*, t_req_info*) (cas_function.c:402)
    by : process_request(int, t_net_buf*, t_req_info*) (cas.c:1960)
    by : cas_main() (cas.c:1247)
    by : main (cas.c:493)
 
 32,768 bytes in 1 blocks are possibly lost in loss record 351 of 370
    at : malloc (vg_replace_malloc.c:298)
    by : my_malloc(unsigned long) (lea_heap.c:125)
    by : sys_alloc(malloc_state*, unsigned long) (malloc_2_8_3.c:3612)
    by : mspace_malloc (malloc_2_8_3.c:4921)
    by : hl_lea_alloc(unsigned long, unsigned long) (lea_heap.c:342)
    by : db_ws_alloc(unsigned long) (quick_fit.c:112)
    by : make_candidate_from_component(sm_component*, db_object*) (schema_manager.c:7266)
    by : add_candidate(sm_candidate**, sm_component*, int, db_object*, sm_resolution*) (schema_manager.c:7357)
    by : get_candidates(sm_template*, sm_template*, SM_NAME_SPACE) (schema_manager.c:7591)
    by : flatten_components(sm_template*, sm_template*, SM_NAME_SPACE, int) (schema_manager.c:8116)
    by : flatten_template(sm_template*, db_object*, sm_template**, int) (schema_manager.c:9220)
    by : update_class(sm_template*, db_object**, int) (schema_manager.c:12582)
    by : sm_finish_class(sm_template*, db_object**) (schema_manager.c:12789)
    by : dbt_finish_class (db_temp.c:234)
    by : do_create_entity(parser_context*, parser_node*) (execute_schema.c:8687)
    by : do_check_internal_statements(parser_context*, parser_node*, int (*)(parser_context*, parser_node*)) (execute_statement.c:3869)
    by : do_execute_statement(parser_context*, parser_node*) (execute_statement.c:3577)
    by : db_execute_and_keep_statement_local(db_session*, int, db_query_result**) (db_vdb.c:1741)
    by : db_execute_and_keep_statement (db_vdb.c:2850)
    by : ux_execute_all(t_srv_handle*, char, int, int, int, void**, t_net_buf*, t_req_info*, cache_time*, int*) (cas_execute.c:1526)
    by : fn_execute_internal(int, int, void**, t_net_buf*, t_req_info*, int*) (cas_function.c:652)
    by : fn_execute(int, int, void**, t_net_buf*, t_req_info*) (cas_function.c:402)
    by : process_request(int, t_net_buf*, t_req_info*) (cas.c:1960)
    by : cas_main() (cas.c:1247)
    by : main (cas.c:493)
 
 98,304 bytes in 3 blocks are possibly lost in loss record 359 of 370
    at : malloc (vg_replace_malloc.c:298)
    by : my_malloc(unsigned long) (lea_heap.c:125)
    by : sys_alloc(malloc_state*, unsigned long) (malloc_2_8_3.c:3612)
    by : mspace_malloc (malloc_2_8_3.c:4921)
    by : hl_lea_alloc(unsigned long, unsigned long) (lea_heap.c:342)
    by : db_ws_alloc(unsigned long) (quick_fit.c:112)
    by : classobj_make_attribute(char const*, pr_type*, SM_NAME_SPACE) (class_object.c:4680)
    by : init_db_attribute_list(showstmt_metadata*) (show_meta.c:832)
    by : showstmt_metadata_init() (show_meta.c:935)
    by : boot_restart_client(boot_client_credential*) (boot_cl.c:1335)
    by : db_restart (db_admin.c:884)
    by : db_restart_ex (db_admin.c:944)
    by : ux_database_connect(char*, char*, char*, char**) (cas_execute.c:528)
    by : cas_main() (cas.c:1152)
    by : main (cas.c:493)
 
[LOGFILE] /home/qahome/qa_repository_test/memory_leak/memory_sql_10.2.0.7944-68bf8f1_20180606003931/memory_cub_cas_6414.log
 
 65,536 bytes in 2 blocks are possibly lost in loss record 140 of 147
    at : malloc (vg_replace_malloc.c:298)
    by : my_malloc(unsigned long) (lea_heap.c:125)
    by : sys_alloc(malloc_state*, unsigned long) (malloc_2_8_3.c:3612)
    by : mspace_malloc (malloc_2_8_3.c:4921)
    by : hl_lea_alloc(unsigned long, unsigned long) (lea_heap.c:342)
    by : db_ws_alloc(unsigned long) (quick_fit.c:112)
    by : classobj_make_attribute(char const*, pr_type*, SM_NAME_SPACE) (class_object.c:4680)
    by : init_db_attribute_list(showstmt_metadata*) (show_meta.c:832)
    by : showstmt_metadata_init() (show_meta.c:935)
    by : boot_restart_client(boot_client_credential*) (boot_cl.c:1335)
    by : db_restart (db_admin.c:884)
    by : db_restart_ex (db_admin.c:944)
    by : ux_database_connect(char*, char*, char*, char**) (cas_execute.c:528)
    by : cas_main() (cas.c:1152)
    by : main (cas.c:493)
 
[LOGFILE] /home/qahome/qa_repository_test/memory_leak/memory_sql_10.2.0.7944-68bf8f1_20180606003931/memory_cub_cas_6418.log
 
 65,536 bytes in 2 blocks are possibly lost in loss record 130 of 137
    at : malloc (vg_replace_malloc.c:298)
    by : my_malloc(unsigned long) (lea_heap.c:125)
    by : sys_alloc(malloc_state*, unsigned long) (malloc_2_8_3.c:3612)
    by : mspace_malloc (malloc_2_8_3.c:4921)
    by : hl_lea_alloc(unsigned long, unsigned long) (lea_heap.c:342)
    by : db_ws_alloc(unsigned long) (quick_fit.c:112)
    by : classobj_make_attribute(char const*, pr_type*, SM_NAME_SPACE) (class_object.c:4680)
    by : init_db_attribute_list(showstmt_metadata*) (show_meta.c:832)
    by : showstmt_metadata_init() (show_meta.c:935)
    by : boot_restart_client(boot_client_credential*) (boot_cl.c:1335)
    by : db_restart (db_admin.c:884)
    by : db_restart_ex (db_admin.c:944)
    by : ux_database_connect(char*, char*, char*, char**) (cas_execute.c:528)
    by : cas_main() (cas.c:1152)
    by : main (cas.c:493)
 
