[LOGFILE] /home/qahome/qa_repository_test/memory_leak/memory_sql_10.2.0.7944-68bf8f1_20180606015138/memory_cub_cas_2727.log
 
 65,536 bytes in 2 blocks are possibly lost in loss record 124 of 131
    at : malloc (vg_replace_malloc.c)
    by : my_malloc(unsigned long) (lea_heap.c)
    by : sys_alloc(malloc_state*, unsigned long) (malloc_2_8_3.c)
    by : mspace_malloc (malloc_2_8_3.c)
    by : hl_lea_alloc(unsigned long, unsigned long) (lea_heap.c)
    by : db_ws_alloc(unsigned long) (quick_fit.c)
    by : classobj_make_attribute(char const*, pr_type*, SM_NAME_SPACE) (class_object.c)
    by : init_db_attribute_list(showstmt_metadata*) (show_meta.c)
    by : showstmt_metadata_init() (show_meta.c)
    by : boot_restart_client(boot_client_credential*) (boot_cl.c)
    by : db_restart (db_admin.c)
    by : db_restart_ex (db_admin.c)
    by : ux_database_connect(char*, char*, char*, char**) (cas_execute.c)
    by : cas_main() (cas.c)
    by : main (cas.c)
 
[LOGFILE] /home/qahome/qa_repository_test/memory_leak/memory_sql_10.2.0.7944-68bf8f1_20180606015138/memory_cub_cas_2729.log
 
 32,768 bytes in 1 blocks are possibly lost in loss record 258 of 276
    at : malloc (vg_replace_malloc.c)
    by : my_malloc(unsigned long) (lea_heap.c)
    by : sys_alloc(malloc_state*, unsigned long) (malloc_2_8_3.c)
    by : mspace_malloc (malloc_2_8_3.c)
    by : hl_lea_alloc(unsigned long, unsigned long) (lea_heap.c)
    by : db_ws_alloc(unsigned long) (quick_fit.c)
    by : db_private_alloc_debug(void*, unsigned long, bool, char const*, int) (memory_alloc.c)
    by : new_block(long) (set_object.c)
    by : realloc_block(db_value*, long) (set_object.c)
    by : col_expand_blocks(setobj*, long, long) (set_object.c)
    by : col_expand(setobj*, long) (set_object.c)
    by : col_new(long, int) (set_object.c)
    by : setobj_copy(setobj*) (set_object.c)
    by : set_copy(db_set*) (set_object.c)
    by : mr_setval_set_internal(db_value*, db_value const*, bool, DB_TYPE) (object_primitive.c)
    by : mr_setval_sequence(db_value*, db_value const*, bool) (object_primitive.c)
    by : pr_clone_value (object_primitive.c)
    by : setobj_copy(setobj*) (set_object.c)
    by : set_copy(db_set*) (set_object.c)
    by : mr_setval_set_internal(db_value*, db_value const*, bool, DB_TYPE) (object_primitive.c)
    by : mr_setval_sequence(db_value*, db_value const*, bool) (object_primitive.c)
    by : pr_clone_value (object_primitive.c)
    by : setobj_get_element(setobj*, int, db_value*) (set_object.c)
    by : set_get_element(db_set*, int, db_value*) (set_object.c)
    by : classobj_get_prop(db_set*, char const*, db_value*) (object_representation.c)
    by : classobj_make_class_constraints(db_set*, sm_attribute*, sm_class_constraint**) (class_object.c)
    by : transfer_disk_structures(db_object*, sm_class*, sm_template*) (schema_manager.c)
    by : install_new_representation(db_object*, sm_class*, sm_template*) (schema_manager.c)
    by : update_class(sm_template*, db_object**, int) (schema_manager.c)
    by : sm_finish_class(sm_template*, db_object**) (schema_manager.c)
    by : dbt_finish_class (db_temp.c)
    by : do_create_entity(parser_context*, parser_node*) (execute_schema.c)
    by : do_check_internal_statements(parser_context*, parser_node*, int (*)(parser_context*, parser_node*)) (execute_statement.c)
    by : do_execute_statement(parser_context*, parser_node*) (execute_statement.c)
    by : db_execute_and_keep_statement_local(db_session*, int, db_query_result**) (db_vdb.c)
    by : db_execute_and_keep_statement (db_vdb.c)
    by : ux_execute_all(t_srv_handle*, char, int, int, int, void**, t_net_buf*, t_req_info*, cache_time*, int*) (cas_execute.c)
    by : fn_execute_internal(int, int, void**, t_net_buf*, t_req_info*, int*) (cas_function.c)
    by : fn_execute(int, int, void**, t_net_buf*, t_req_info*) (cas_function.c)
    by : process_request(int, t_net_buf*, t_req_info*) (cas.c)
    by : cas_main() (cas.c)
    by : main (cas.c)
 
 32,768 bytes in 1 blocks are possibly lost in loss record 259 of 276
    at : malloc (vg_replace_malloc.c)
    by : my_malloc(unsigned long) (lea_heap.c)
    by : sys_alloc(malloc_state*, unsigned long) (malloc_2_8_3.c)
    by : mspace_malloc (malloc_2_8_3.c)
    by : hl_lea_alloc(unsigned long, unsigned long) (lea_heap.c)
    by : db_ws_alloc(unsigned long) (quick_fit.c)
    by : classobj_alloc_threaded_array(int, int) (class_object.c)
    by : classobj_install_template(sm_class*, sm_template*, int) (class_object.c)
    by : install_new_representation(db_object*, sm_class*, sm_template*) (schema_manager.c)
    by : update_class(sm_template*, db_object**, int) (schema_manager.c)
    by : sm_finish_class(sm_template*, db_object**) (schema_manager.c)
    by : dbt_finish_class (db_temp.c)
    by : do_create_entity(parser_context*, parser_node*) (execute_schema.c)
    by : do_check_internal_statements(parser_context*, parser_node*, int (*)(parser_context*, parser_node*)) (execute_statement.c)
    by : do_execute_statement(parser_context*, parser_node*) (execute_statement.c)
    by : db_execute_and_keep_statement_local(db_session*, int, db_query_result**) (db_vdb.c)
    by : db_execute_and_keep_statement (db_vdb.c)
    by : ux_execute_all(t_srv_handle*, char, int, int, int, void**, t_net_buf*, t_req_info*, cache_time*, int*) (cas_execute.c)
    by : fn_execute_internal(int, int, void**, t_net_buf*, t_req_info*, int*) (cas_function.c)
    by : fn_execute(int, int, void**, t_net_buf*, t_req_info*) (cas_function.c)
    by : process_request(int, t_net_buf*, t_req_info*) (cas.c)
    by : cas_main() (cas.c)
    by : main (cas.c)
 
 32,768 bytes in 1 blocks are possibly lost in loss record 260 of 276
    at : malloc (vg_replace_malloc.c)
    by : my_malloc(unsigned long) (lea_heap.c)
    by : sys_alloc(malloc_state*, unsigned long) (malloc_2_8_3.c)
    by : mspace_malloc (malloc_2_8_3.c)
    by : hl_lea_alloc(unsigned long, unsigned long) (lea_heap.c)
    by : db_ws_alloc(unsigned long) (quick_fit.c)
    by : classobj_alloc_threaded_array(int, int) (class_object.c)
    by : disk_to_class(or_buf*, sm_class**) (transform_cl.c)
    by : tf_disk_to_class(db_identifier*, recdes*) (transform_cl.c)
    by : locator_cache_object_class(db_object*, lc_copyarea_oneobj*, char**, recdes*, bool*) (locator_cl.c)
    by : locator_cache_have_object(db_object**, char**, recdes*, db_object**, char**, bool*, lc_copyarea_oneobj*) (locator_cl.c)
    by : locator_cache(lc_copy_area*, db_object*, char*, void (*)(db_object*, char*, void*), void*) (locator_cl.c)
    by : locator_lock(db_object*, LC_OBJTYPE, LOCK, LC_FETCH_VERSION_TYPE) (locator_cl.c)
    by : locator_find_class_by_oid(db_object**, char const*, db_identifier*, LOCK) (locator_cl.c)
    by : locator_find_class_by_name(char const*, LOCK, db_object**) (locator_cl.c)
    by : locator_find_class(char const*) (locator_cl.c)
    by : sm_find_class(char const*) (schema_manager.c)
    by : db_find_class (db_info.c)
    by : trigger_to_object(tr_trigger*) (trigger_manager.c)
    by : tr_create_trigger(char const*, DB_TRIGGER_STATUS, double, DB_TRIGGER_EVENT, db_object*, char const*, DB_TRIGGER_TIME, char const*, DB_TRIGGER_TIME, DB_TRIGGER_ACTION, char const*, char const*) (trigger_manager.c)
    by : do_create_trigger(parser_context*, parser_node*) (execute_statement.c)
    by : do_execute_statement(parser_context*, parser_node*) (execute_statement.c)
    by : db_execute_and_keep_statement_local(db_session*, int, db_query_result**) (db_vdb.c)
    by : db_execute_and_keep_statement (db_vdb.c)
    by : ux_execute_all(t_srv_handle*, char, int, int, int, void**, t_net_buf*, t_req_info*, cache_time*, int*) (cas_execute.c)
    by : fn_execute_internal(int, int, void**, t_net_buf*, t_req_info*, int*) (cas_function.c)
    by : fn_execute(int, int, void**, t_net_buf*, t_req_info*) (cas_function.c)
    by : process_request(int, t_net_buf*, t_req_info*) (cas.c)
    by : cas_main() (cas.c)
    by : main (cas.c)
 
 98,304 bytes in 3 blocks are possibly lost in loss record 271 of 276
    at : malloc (vg_replace_malloc.c)
    by : my_malloc(unsigned long) (lea_heap.c)
    by : sys_alloc(malloc_state*, unsigned long) (malloc_2_8_3.c)
    by : mspace_malloc (malloc_2_8_3.c)
    by : hl_lea_alloc(unsigned long, unsigned long) (lea_heap.c)
    by : db_ws_alloc(unsigned long) (quick_fit.c)
    by : classobj_make_attribute(char const*, pr_type*, SM_NAME_SPACE) (class_object.c)
    by : init_db_attribute_list(showstmt_metadata*) (show_meta.c)
    by : showstmt_metadata_init() (show_meta.c)
    by : boot_restart_client(boot_client_credential*) (boot_cl.c)
    by : db_restart (db_admin.c)
    by : db_restart_ex (db_admin.c)
    by : ux_database_connect(char*, char*, char*, char**) (cas_execute.c)
    by : cas_main() (cas.c)
    by : main (cas.c)
 
